#
# There is insufficient memory for the Java Runtime Environment to continue.
# Native memory allocation (malloc) failed to allocate 1229616 bytes. Error detail: Chunk::new
# Possible reasons:
#   The system is out of physical RAM or swap space
#   This process is running with CompressedOops enabled, and the Java Heap may be blocking the growth of the native heap
# Possible solutions:
#   Reduce memory load on the system
#   Increase physical memory or swap space
#   Check if swap backing store is full
#   Decrease Java heap size (-Xmx/-Xms)
#   Decrease number of Java threads
#   Decrease Java thread stack sizes (-Xss)
#   Set larger code cache with -XX:ReservedCodeCacheSize=
#   JVM is running with Unscaled Compressed Oops mode in which the Java heap is
#     placed in the first 4GB address space. The Java Heap base address is the
#     maximum limit for the native heap growth. Please use -XX:HeapBaseMinAddress
#     to set the Java Heap base and to place the Java Heap above 4GB virtual address.
# This output file may be truncated or incomplete.
#
#  Out of Memory Error (arena.cpp:168), pid=44648, tid=58932
#
# JRE version: OpenJDK Runtime Environment (21.0.4) (build 21.0.4+-12508038-b607.1)
# Java VM: OpenJDK 64-Bit Server VM (21.0.4+-12508038-b607.1, mixed mode, tiered, compressed oops, compressed class ptrs, g1 gc, windows-amd64)
# No core dump will be written. Minidumps are not enabled by default on client versions of Windows
#

---------------  S U M M A R Y ------------

Command Line: --add-opens=java.base/java.util=ALL-UNNAMED --add-opens=java.base/java.lang=ALL-UNNAMED --add-opens=java.base/java.lang.invoke=ALL-UNNAMED --add-opens=java.prefs/java.util.prefs=ALL-UNNAMED --add-exports=jdk.compiler/com.sun.tools.javac.api=ALL-UNNAMED --add-exports=jdk.compiler/com.sun.tools.javac.util=ALL-UNNAMED --add-opens=java.base/java.nio.charset=ALL-UNNAMED --add-opens=java.base/java.net=ALL-UNNAMED --add-opens=java.base/java.util.concurrent.atomic=ALL-UNNAMED -Xmx2048m -Dfile.encoding=UTF-8 -Duser.country=PH -Duser.language=en -Duser.variant -javaagent:C:\Users\Nitro\AndroidStudioProjects\MyApplication\wrapper\dists\gradle-8.10.2-bin\a04bxjujx95o3nb99gddekhwo\gradle-8.10.2\lib\agents\gradle-instrumentation-agent-8.10.2.jar org.gradle.launcher.daemon.bootstrap.GradleDaemon 8.10.2

Host: AMD Ryzen 5 7535HS with Radeon Graphics        , 12 cores, 7G,  Windows 11 , 64 bit Build 26100 (10.0.26100.4202)
Time: Mon Jun 30 23:44:18 2025 Malay Peninsula Standard Time elapsed time: 8.146053 seconds (0d 0h 0m 8s)

---------------  T H R E A D  ---------------

Current thread (0x0000026925912060):  JavaThread "C2 CompilerThread0" daemon [_thread_in_native, id=58932, stack(0x000000e06ee00000,0x000000e06ef00000) (1024K)]


Current CompileTask:
C2:   8146 7558   !   4       java.nio.file.FileTreeWalker::visit (204 bytes)

Stack: [0x000000e06ee00000,0x000000e06ef00000]
Native frames: (J=compiled Java code, j=interpreted, Vv=VM code, C=native code)
V  [jvm.dll+0x6ce539]
V  [jvm.dll+0x85bf03]
V  [jvm.dll+0x85e45e]
V  [jvm.dll+0x85eb43]
V  [jvm.dll+0x27dd06]
V  [jvm.dll+0xbf9cd]
V  [jvm.dll+0xbff03]
V  [jvm.dll+0x3b4db1]
V  [jvm.dll+0x380f07]
V  [jvm.dll+0x38037a]
V  [jvm.dll+0x2473f2]
V  [jvm.dll+0x2469c1]
V  [jvm.dll+0x1c58a4]
V  [jvm.dll+0x255fec]
V  [jvm.dll+0x254536]
V  [jvm.dll+0x3efab6]
V  [jvm.dll+0x804418]
V  [jvm.dll+0x6cce0d]
C  [ucrtbase.dll+0x37b0]
C  [KERNEL32.DLL+0x2e8d7]
C  [ntdll.dll+0x3c34c]


---------------  P R O C E S S  ---------------

Threads class SMR info:
_java_thread_list=0x0000026930facb70, length=67, elements={
0x000002690dbfdbe0, 0x00000269258e9cf0, 0x00000269258eb940, 0x00000269258ca3e0,
0x00000269258d3020, 0x00000269258d5160, 0x00000269258fcd00, 0x0000026925912060,
0x0000026925913220, 0x00000269258fda20, 0x00000269258fe0b0, 0x0000026925912b50,
0x00000269258fedd0, 0x00000269258ff460, 0x00000269258fc670, 0x000002692bc059b0,
0x000002692bc06040, 0x000002692bc038e0, 0x000002692bc066d0, 0x000002692bc04600,
0x000002692bc04c90, 0x000002692bc06d60, 0x000002692bc073f0, 0x000002692bc03f70,
0x000002692bc07a80, 0x000002692bc087a0, 0x000002692bc05320, 0x000002692bc0a870,
0x000002692bc08e30, 0x000002692bc094c0, 0x000002692bc09b50, 0x000002692bc0af00,
0x000002692bc0a1e0, 0x0000026925914690, 0x000002692f582540, 0x000002692f583260,
0x000002692f581eb0, 0x000002692f580470, 0x000002692f586d70, 0x000002692f585330,
0x000002692f5859c0, 0x000002692f584ca0, 0x000002692f586050, 0x000002692f5866e0,
0x000002692f583f80, 0x000002692f587400, 0x000002692f587a90, 0x000002692f584610,
0x000002692abca620, 0x000002692abc9f90, 0x000002692abcacb0, 0x000002692abcb340,
0x000002692abcb9d0, 0x000002692abcc6f0, 0x000002692abc9900, 0x000002692abc9270,
0x000002692abcdaa0, 0x000002692abcf4e0, 0x000002692abce130, 0x000002692abce7c0,
0x000002692abcee50, 0x000002692abcc060, 0x000002692abd0200, 0x000002692abcfb70,
0x000002692abccd80, 0x000002692abd0890, 0x000002692abcd410
}

Java Threads: ( => current thread )
  0x000002690dbfdbe0 JavaThread "main"                              [_thread_blocked, id=58176, stack(0x000000e06e000000,0x000000e06e100000) (1024K)]
  0x00000269258e9cf0 JavaThread "Reference Handler"          daemon [_thread_blocked, id=47120, stack(0x000000e06e800000,0x000000e06e900000) (1024K)]
  0x00000269258eb940 JavaThread "Finalizer"                  daemon [_thread_blocked, id=50424, stack(0x000000e06e900000,0x000000e06ea00000) (1024K)]
  0x00000269258ca3e0 JavaThread "Signal Dispatcher"          daemon [_thread_blocked, id=58144, stack(0x000000e06ea00000,0x000000e06eb00000) (1024K)]
  0x00000269258d3020 JavaThread "Attach Listener"            daemon [_thread_blocked, id=52212, stack(0x000000e06eb00000,0x000000e06ec00000) (1024K)]
  0x00000269258d5160 JavaThread "Service Thread"             daemon [_thread_blocked, id=53284, stack(0x000000e06ec00000,0x000000e06ed00000) (1024K)]
  0x00000269258fcd00 JavaThread "Monitor Deflation Thread"   daemon [_thread_blocked, id=56408, stack(0x000000e06ed00000,0x000000e06ee00000) (1024K)]
=>0x0000026925912060 JavaThread "C2 CompilerThread0"         daemon [_thread_in_native, id=58932, stack(0x000000e06ee00000,0x000000e06ef00000) (1024K)]
  0x0000026925913220 JavaThread "C1 CompilerThread0"         daemon [_thread_blocked, id=44836, stack(0x000000e06ef00000,0x000000e06f000000) (1024K)]
  0x00000269258fda20 JavaThread "Common-Cleaner"             daemon [_thread_blocked, id=3568, stack(0x000000e06f000000,0x000000e06f100000) (1024K)]
  0x00000269258fe0b0 JavaThread "Notification Thread"        daemon [_thread_blocked, id=54432, stack(0x000000e06f100000,0x000000e06f200000) (1024K)]
  0x0000026925912b50 JavaThread "C2 CompilerThread1"         daemon [_thread_in_native, id=15712, stack(0x000000e06f200000,0x000000e06f300000) (1024K)]
  0x00000269258fedd0 JavaThread "Daemon health stats"               [_thread_blocked, id=58524, stack(0x000000e06f900000,0x000000e06fa00000) (1024K)]
  0x00000269258ff460 JavaThread "Incoming local TCP Connector on port 51339"        [_thread_in_native, id=50560, stack(0x000000e06fa00000,0x000000e06fb00000) (1024K)]
  0x00000269258fc670 JavaThread "Daemon periodic checks"            [_thread_blocked, id=43368, stack(0x000000e06fb00000,0x000000e06fc00000) (1024K)]
  0x000002692bc059b0 JavaThread "Daemon"                            [_thread_blocked, id=49548, stack(0x000000e06fc00000,0x000000e06fd00000) (1024K)]
  0x000002692bc06040 JavaThread "Handler for socket connection from /127.0.0.1:51339 to /127.0.0.1:51340"        [_thread_in_native, id=46304, stack(0x000000e06fd00000,0x000000e06fe00000) (1024K)]
  0x000002692bc038e0 JavaThread "Cancel handler"                    [_thread_blocked, id=59152, stack(0x000000e06fe00000,0x000000e06ff00000) (1024K)]
  0x000002692bc066d0 JavaThread "Daemon worker"                     [_thread_in_native, id=38784, stack(0x000000e06ff00000,0x000000e070000000) (1024K)]
  0x000002692bc04600 JavaThread "Asynchronous log dispatcher for DefaultDaemonConnection: socket connection from /127.0.0.1:51339 to /127.0.0.1:51340"        [_thread_blocked, id=57868, stack(0x000000e070000000,0x000000e070100000) (1024K)]
  0x000002692bc04c90 JavaThread "Stdin handler"                     [_thread_blocked, id=59248, stack(0x000000e070100000,0x000000e070200000) (1024K)]
  0x000002692bc06d60 JavaThread "Daemon client event forwarder"        [_thread_blocked, id=59368, stack(0x000000e070200000,0x000000e070300000) (1024K)]
  0x000002692bc073f0 JavaThread "Cache worker for journal cache (C:\Users\Nitro\AndroidStudioProjects\MyApplication\caches\journal-1)"        [_thread_blocked, id=43248, stack(0x000000e070800000,0x000000e070900000) (1024K)]
  0x000002692bc03f70 JavaThread "File lock request listener"        [_thread_in_native, id=54012, stack(0x000000e070900000,0x000000e070a00000) (1024K)]
  0x000002692bc07a80 JavaThread "Cache worker for file hash cache (C:\Users\Nitro\AndroidStudioProjects\MyApplication\caches\8.10.2\fileHashes)"        [_thread_blocked, id=44952, stack(0x000000e070a00000,0x000000e070b00000) (1024K)]
  0x000002692bc087a0 JavaThread "Cache worker for file hash cache (C:\Coding\HereOAttendance\.gradle\8.10.2\fileHashes)"        [_thread_blocked, id=53536, stack(0x000000e070c00000,0x000000e070d00000) (1024K)]
  0x000002692bc05320 JavaThread "Cache worker for Build Output Cleanup Cache (C:\Coding\HereOAttendance\.gradle\buildOutputCleanup)"        [_thread_blocked, id=50452, stack(0x000000e070d00000,0x000000e070e00000) (1024K)]
  0x000002692bc0a870 JavaThread "File watcher server"        daemon [_thread_in_native, id=49708, stack(0x000000e070e00000,0x000000e070f00000) (1024K)]
  0x000002692bc08e30 JavaThread "File watcher consumer"      daemon [_thread_blocked, id=46268, stack(0x000000e070f00000,0x000000e071000000) (1024K)]
  0x000002692bc094c0 JavaThread "Cache worker for checksums cache (C:\Coding\HereOAttendance\.gradle\8.10.2\checksums)"        [_thread_blocked, id=39888, stack(0x000000e071000000,0x000000e071100000) (1024K)]
  0x000002692bc09b50 JavaThread "Cache worker for file content cache (C:\Users\Nitro\AndroidStudioProjects\MyApplication\caches\8.10.2\fileContent)"        [_thread_blocked, id=56180, stack(0x000000e071100000,0x000000e071200000) (1024K)]
  0x000002692bc0af00 JavaThread "Cache worker for cache directory md-rule (C:\Users\Nitro\AndroidStudioProjects\MyApplication\caches\8.10.2\md-rule)"        [_thread_blocked, id=58388, stack(0x000000e071200000,0x000000e071300000) (1024K)]
  0x000002692bc0a1e0 JavaThread "Cache worker for cache directory md-supplier (C:\Users\Nitro\AndroidStudioProjects\MyApplication\caches\8.10.2\md-supplier)"        [_thread_blocked, id=58976, stack(0x000000e071300000,0x000000e071400000) (1024K)]
  0x0000026925914690 JavaThread "C2 CompilerThread2"         daemon [_thread_in_native, id=54236, stack(0x000000e070b00000,0x000000e070c00000) (1024K)]
  0x000002692f582540 JavaThread "Unconstrained build operations"        [_thread_blocked, id=1008, stack(0x000000e071400000,0x000000e071500000) (1024K)]
  0x000002692f583260 JavaThread "Unconstrained build operations Thread 2"        [_thread_blocked, id=53028, stack(0x000000e071500000,0x000000e071600000) (1024K)]
  0x000002692f581eb0 JavaThread "Unconstrained build operations Thread 3"        [_thread_blocked, id=55364, stack(0x000000e071600000,0x000000e071700000) (1024K)]
  0x000002692f580470 JavaThread "Unconstrained build operations Thread 4"        [_thread_blocked, id=57204, stack(0x000000e071700000,0x000000e071800000) (1024K)]
  0x000002692f586d70 JavaThread "Unconstrained build operations Thread 5"        [_thread_blocked, id=35472, stack(0x000000e071800000,0x000000e071900000) (1024K)]
  0x000002692f585330 JavaThread "Unconstrained build operations Thread 6"        [_thread_blocked, id=51988, stack(0x000000e071900000,0x000000e071a00000) (1024K)]
  0x000002692f5859c0 JavaThread "Unconstrained build operations Thread 7"        [_thread_blocked, id=17508, stack(0x000000e071a00000,0x000000e071b00000) (1024K)]
  0x000002692f584ca0 JavaThread "Unconstrained build operations Thread 8"        [_thread_blocked, id=49752, stack(0x000000e071b00000,0x000000e071c00000) (1024K)]
  0x000002692f586050 JavaThread "Unconstrained build operations Thread 9"        [_thread_blocked, id=58380, stack(0x000000e071c00000,0x000000e071d00000) (1024K)]
  0x000002692f5866e0 JavaThread "Unconstrained build operations Thread 10"        [_thread_blocked, id=34696, stack(0x000000e071d00000,0x000000e071e00000) (1024K)]
  0x000002692f583f80 JavaThread "Unconstrained build operations Thread 11"        [_thread_blocked, id=53096, stack(0x000000e071e00000,0x000000e071f00000) (1024K)]
  0x000002692f587400 JavaThread "Unconstrained build operations Thread 12"        [_thread_blocked, id=48940, stack(0x000000e071f00000,0x000000e072000000) (1024K)]
  0x000002692f587a90 JavaThread "Unconstrained build operations Thread 13"        [_thread_blocked, id=53624, stack(0x000000e072000000,0x000000e072100000) (1024K)]
  0x000002692f584610 JavaThread "Unconstrained build operations Thread 14"        [_thread_blocked, id=58904, stack(0x000000e072100000,0x000000e072200000) (1024K)]
  0x000002692abca620 JavaThread "Unconstrained build operations Thread 15"        [_thread_blocked, id=46740, stack(0x000000e072200000,0x000000e072300000) (1024K)]
  0x000002692abc9f90 JavaThread "Unconstrained build operations Thread 16"        [_thread_blocked, id=52776, stack(0x000000e072300000,0x000000e072400000) (1024K)]
  0x000002692abcacb0 JavaThread "Unconstrained build operations Thread 17"        [_thread_blocked, id=48360, stack(0x000000e072400000,0x000000e072500000) (1024K)]
  0x000002692abcb340 JavaThread "Unconstrained build operations Thread 18"        [_thread_blocked, id=49132, stack(0x000000e072500000,0x000000e072600000) (1024K)]
  0x000002692abcb9d0 JavaThread "Unconstrained build operations Thread 19"        [_thread_blocked, id=59144, stack(0x000000e072600000,0x000000e072700000) (1024K)]
  0x000002692abcc6f0 JavaThread "Unconstrained build operations Thread 20"        [_thread_blocked, id=53496, stack(0x000000e072700000,0x000000e072800000) (1024K)]
  0x000002692abc9900 JavaThread "Unconstrained build operations Thread 21"        [_thread_blocked, id=58116, stack(0x000000e072800000,0x000000e072900000) (1024K)]
  0x000002692abc9270 JavaThread "Unconstrained build operations Thread 22"        [_thread_blocked, id=55880, stack(0x000000e072900000,0x000000e072a00000) (1024K)]
  0x000002692abcdaa0 JavaThread "Unconstrained build operations Thread 23"        [_thread_blocked, id=33732, stack(0x000000e072a00000,0x000000e072b00000) (1024K)]
  0x000002692abcf4e0 JavaThread "Unconstrained build operations Thread 24"        [_thread_blocked, id=24728, stack(0x000000e072b00000,0x000000e072c00000) (1024K)]
  0x000002692abce130 JavaThread "Unconstrained build operations Thread 25"        [_thread_blocked, id=44172, stack(0x000000e072c00000,0x000000e072d00000) (1024K)]
  0x000002692abce7c0 JavaThread "Unconstrained build operations Thread 26"        [_thread_blocked, id=55040, stack(0x000000e072d00000,0x000000e072e00000) (1024K)]
  0x000002692abcee50 JavaThread "Unconstrained build operations Thread 27"        [_thread_blocked, id=52712, stack(0x000000e072e00000,0x000000e072f00000) (1024K)]
  0x000002692abcc060 JavaThread "Unconstrained build operations Thread 28"        [_thread_blocked, id=49316, stack(0x000000e072f00000,0x000000e073000000) (1024K)]
  0x000002692abd0200 JavaThread "Unconstrained build operations Thread 29"        [_thread_blocked, id=58472, stack(0x000000e073000000,0x000000e073100000) (1024K)]
  0x000002692abcfb70 JavaThread "Unconstrained build operations Thread 30"        [_thread_blocked, id=58928, stack(0x000000e073100000,0x000000e073200000) (1024K)]
  0x000002692abccd80 JavaThread "Unconstrained build operations Thread 31"        [_thread_blocked, id=52940, stack(0x000000e073200000,0x000000e073300000) (1024K)]
  0x000002692abd0890 JavaThread "Unconstrained build operations Thread 32"        [_thread_blocked, id=44968, stack(0x000000e073300000,0x000000e073400000) (1024K)]
  0x000002692abcd410 JavaThread "Unconstrained build operations Thread 33"        [_thread_blocked, id=58624, stack(0x000000e073400000,0x000000e073500000) (1024K)]
Total: 67

Other Threads:
  0x000002692570e660 VMThread "VM Thread"                           [id=56040, stack(0x000000e06e700000,0x000000e06e800000) (1024K)]
  0x00000269256b4f00 WatcherThread "VM Periodic Task Thread"        [id=56484, stack(0x000000e06e600000,0x000000e06e700000) (1024K)]
  0x000002690dc59c60 WorkerThread "GC Thread#0"                     [id=58840, stack(0x000000e06e100000,0x000000e06e200000) (1024K)]
  0x000002692a13e9e0 WorkerThread "GC Thread#1"                     [id=44880, stack(0x000000e06f400000,0x000000e06f500000) (1024K)]
  0x000002692a50e4a0 WorkerThread "GC Thread#2"                     [id=42496, stack(0x000000e06f500000,0x000000e06f600000) (1024K)]
  0x000002692afe2260 WorkerThread "GC Thread#3"                     [id=24532, stack(0x000000e06f600000,0x000000e06f700000) (1024K)]
  0x000002692ac0cb30 WorkerThread "GC Thread#4"                     [id=54320, stack(0x000000e06f700000,0x000000e06f800000) (1024K)]
  0x000002692b267c70 WorkerThread "GC Thread#5"                     [id=43352, stack(0x000000e06f800000,0x000000e06f900000) (1024K)]
  0x000002692bc6dca0 WorkerThread "GC Thread#6"                     [id=31380, stack(0x000000e06f300000,0x000000e06f400000) (1024K)]
  0x000002692bc6f260 WorkerThread "GC Thread#7"                     [id=55608, stack(0x000000e070300000,0x000000e070400000) (1024K)]
  0x000002692bc6eb20 WorkerThread "GC Thread#8"                     [id=44924, stack(0x000000e070400000,0x000000e070500000) (1024K)]
  0x000002692bc6e040 WorkerThread "GC Thread#9"                     [id=58056, stack(0x000000e070500000,0x000000e070600000) (1024K)]
  0x000002690dc6ba30 ConcurrentGCThread "G1 Main Marker"            [id=45824, stack(0x000000e06e200000,0x000000e06e300000) (1024K)]
  0x000002690dc6cbe0 WorkerThread "G1 Conc#0"                       [id=58912, stack(0x000000e06e300000,0x000000e06e400000) (1024K)]
  0x000002692bc6e780 WorkerThread "G1 Conc#1"                       [id=46192, stack(0x000000e070600000,0x000000e070700000) (1024K)]
  0x000002692bc6eec0 WorkerThread "G1 Conc#2"                       [id=56488, stack(0x000000e070700000,0x000000e070800000) (1024K)]
  0x00000269255821f0 ConcurrentGCThread "G1 Refine#0"               [id=57104, stack(0x000000e06e400000,0x000000e06e500000) (1024K)]
  0x0000026925582b10 ConcurrentGCThread "G1 Service"                [id=54160, stack(0x000000e06e500000,0x000000e06e600000) (1024K)]
Total: 18

Threads with active compile tasks:
C2 CompilerThread0     8359 7558   !   4       java.nio.file.FileTreeWalker::visit (204 bytes)
C2 CompilerThread1     8359 7870       4       java.util.zip.ZipFile$Source::initCEN (612 bytes)
C2 CompilerThread2     8359 7885       4       java.lang.String::regionMatches (150 bytes)
Total: 3

VM state: not at safepoint (normal execution)

VM Mutex/Monitor currently owned by a thread: None

Heap address: 0x0000000080000000, size: 2048 MB, Compressed Oops mode: 32-bit

CDS archive(s) not mapped
Compressed class space mapped at: 0x0000000100000000-0x0000000140000000, reserved size: 1073741824
Narrow klass base: 0x0000000000000000, Narrow klass shift: 3, Narrow klass range: 0x140000000

GC Precious Log:
 CardTable entry size: 512
 Card Set container configuration: InlinePtr #cards 5 size 8 Array Of Cards #cards 12 size 40 Howl #buckets 4 coarsen threshold 1843 Howl Bitmap #cards 512 size 80 coarsen threshold 460 Card regions per heap region 1 cards per card region 2048
 CPUs: 12 total, 12 available
 Memory: 7484M
 Large Page Support: Disabled
 NUMA Support: Disabled
 Compressed Oops: Enabled (32-bit)
 Heap Region Size: 1M
 Heap Min Capacity: 8M
 Heap Initial Capacity: 118M
 Heap Max Capacity: 2G
 Pre-touch: Disabled
 Parallel Workers: 10
 Concurrent Workers: 3
 Concurrent Refinement Workers: 10
 Periodic GC: Disabled

Heap:
 garbage-first heap   total 128000K, used 74290K [0x0000000080000000, 0x0000000100000000)
  region size 1024K, 27 young (27648K), 5 survivors (5120K)
 Metaspace       used 67566K, committed 69248K, reserved 1114112K
  class space    used 9235K, committed 10112K, reserved 1048576K

Heap Regions: E=young(eden), S=young(survivor), O=old, HS=humongous(starts), HC=humongous(continues), CS=collection set, F=free, TAMS=top-at-mark-start, PB=parsable bottom
|   0|0x0000000080000000, 0x0000000080100000, 0x0000000080100000|100%| O|  |TAMS 0x0000000080000000| PB 0x0000000080000000| Untracked 
|   1|0x0000000080100000, 0x0000000080200000, 0x0000000080200000|100%|HS|  |TAMS 0x0000000080100000| PB 0x0000000080100000| Complete 
|   2|0x0000000080200000, 0x0000000080300000, 0x0000000080300000|100%|HC|  |TAMS 0x0000000080200000| PB 0x0000000080200000| Complete 
|   3|0x0000000080300000, 0x0000000080400000, 0x0000000080400000|100%|HC|  |TAMS 0x0000000080300000| PB 0x0000000080300000| Complete 
|   4|0x0000000080400000, 0x0000000080500000, 0x0000000080500000|100%|HC|  |TAMS 0x0000000080400000| PB 0x0000000080400000| Complete 
|   5|0x0000000080500000, 0x0000000080600000, 0x0000000080600000|100%| O|  |TAMS 0x0000000080500000| PB 0x0000000080500000| Untracked 
|   6|0x0000000080600000, 0x0000000080700000, 0x0000000080700000|100%| O|  |TAMS 0x0000000080600000| PB 0x0000000080600000| Untracked 
|   7|0x0000000080700000, 0x0000000080800000, 0x0000000080800000|100%| O|  |TAMS 0x0000000080700000| PB 0x0000000080700000| Untracked 
|   8|0x0000000080800000, 0x0000000080900000, 0x0000000080900000|100%|HS|  |TAMS 0x0000000080800000| PB 0x0000000080800000| Complete 
|   9|0x0000000080900000, 0x0000000080a00000, 0x0000000080a00000|100%| O|  |TAMS 0x0000000080900000| PB 0x0000000080900000| Untracked 
|  10|0x0000000080a00000, 0x0000000080b00000, 0x0000000080b00000|100%| O|  |TAMS 0x0000000080a00000| PB 0x0000000080a00000| Untracked 
|  11|0x0000000080b00000, 0x0000000080c00000, 0x0000000080c00000|100%| O|  |TAMS 0x0000000080b00000| PB 0x0000000080b00000| Untracked 
|  12|0x0000000080c00000, 0x0000000080d00000, 0x0000000080d00000|100%| O|  |TAMS 0x0000000080c00000| PB 0x0000000080c00000| Untracked 
|  13|0x0000000080d00000, 0x0000000080e00000, 0x0000000080e00000|100%| O|  |TAMS 0x0000000080d00000| PB 0x0000000080d00000| Untracked 
|  14|0x0000000080e00000, 0x0000000080f00000, 0x0000000080f00000|100%| O|  |TAMS 0x0000000080e00000| PB 0x0000000080e00000| Untracked 
|  15|0x0000000080f00000, 0x0000000081000000, 0x0000000081000000|100%| O|  |TAMS 0x0000000080f00000| PB 0x0000000080f00000| Untracked 
|  16|0x0000000081000000, 0x0000000081100000, 0x0000000081100000|100%| O|  |TAMS 0x0000000081000000| PB 0x0000000081000000| Untracked 
|  17|0x0000000081100000, 0x0000000081200000, 0x0000000081200000|100%| O|  |TAMS 0x0000000081100000| PB 0x0000000081100000| Untracked 
|  18|0x0000000081200000, 0x0000000081300000, 0x0000000081300000|100%| O|  |TAMS 0x0000000081200000| PB 0x0000000081200000| Untracked 
|  19|0x0000000081300000, 0x0000000081400000, 0x0000000081400000|100%| O|  |TAMS 0x0000000081300000| PB 0x0000000081300000| Untracked 
|  20|0x0000000081400000, 0x0000000081500000, 0x0000000081500000|100%| O|  |TAMS 0x0000000081400000| PB 0x0000000081400000| Untracked 
|  21|0x0000000081500000, 0x0000000081600000, 0x0000000081600000|100%| O|  |TAMS 0x0000000081500000| PB 0x0000000081500000| Untracked 
|  22|0x0000000081600000, 0x0000000081700000, 0x0000000081700000|100%| O|  |TAMS 0x0000000081600000| PB 0x0000000081600000| Untracked 
|  23|0x0000000081700000, 0x0000000081800000, 0x0000000081800000|100%| O|  |TAMS 0x0000000081700000| PB 0x0000000081700000| Untracked 
|  24|0x0000000081800000, 0x0000000081900000, 0x0000000081900000|100%| O|  |TAMS 0x0000000081800000| PB 0x0000000081800000| Untracked 
|  25|0x0000000081900000, 0x0000000081a00000, 0x0000000081a00000|100%| O|  |TAMS 0x0000000081900000| PB 0x0000000081900000| Untracked 
|  26|0x0000000081a00000, 0x0000000081b00000, 0x0000000081b00000|100%| O|  |TAMS 0x0000000081a00000| PB 0x0000000081a00000| Untracked 
|  27|0x0000000081b00000, 0x0000000081c00000, 0x0000000081c00000|100%| O|  |TAMS 0x0000000081b00000| PB 0x0000000081b00000| Untracked 
|  28|0x0000000081c00000, 0x0000000081d00000, 0x0000000081d00000|100%| O|Cm|TAMS 0x0000000081c00000| PB 0x0000000081c00000| Complete 
|  29|0x0000000081d00000, 0x0000000081e00000, 0x0000000081e00000|100%| O|Cm|TAMS 0x0000000081d00000| PB 0x0000000081d00000| Complete 
|  30|0x0000000081e00000, 0x0000000081f00000, 0x0000000081f00000|100%| O|  |TAMS 0x0000000081e00000| PB 0x0000000081e00000| Untracked 
|  31|0x0000000081f00000, 0x0000000082000000, 0x0000000082000000|100%| O|  |TAMS 0x0000000081f00000| PB 0x0000000081f00000| Untracked 
|  32|0x0000000082000000, 0x000000008204b6c0, 0x0000000082100000| 29%| O|  |TAMS 0x0000000082000000| PB 0x0000000082000000| Untracked 
|  33|0x0000000082100000, 0x0000000082200000, 0x0000000082200000|100%|HS|  |TAMS 0x0000000082100000| PB 0x0000000082100000| Complete 
|  34|0x0000000082200000, 0x0000000082300000, 0x0000000082300000|100%|HS|  |TAMS 0x0000000082200000| PB 0x0000000082200000| Complete 
|  35|0x0000000082300000, 0x0000000082400000, 0x0000000082400000|100%|HS|  |TAMS 0x0000000082300000| PB 0x0000000082300000| Complete 
|  36|0x0000000082400000, 0x0000000082500000, 0x0000000082500000|100%|HS|  |TAMS 0x0000000082400000| PB 0x0000000082400000| Complete 
|  37|0x0000000082500000, 0x0000000082600000, 0x0000000082600000|100%|HS|  |TAMS 0x0000000082500000| PB 0x0000000082500000| Complete 
|  38|0x0000000082600000, 0x0000000082700000, 0x0000000082700000|100%|HS|  |TAMS 0x0000000082600000| PB 0x0000000082600000| Complete 
|  39|0x0000000082700000, 0x0000000082800000, 0x0000000082800000|100%| O|  |TAMS 0x0000000082700000| PB 0x0000000082700000| Untracked 
|  40|0x0000000082800000, 0x0000000082900000, 0x0000000082900000|100%| O|  |TAMS 0x0000000082800000| PB 0x0000000082800000| Untracked 
|  41|0x0000000082900000, 0x0000000082a00000, 0x0000000082a00000|100%| O|  |TAMS 0x0000000082900000| PB 0x0000000082900000| Untracked 
|  42|0x0000000082a00000, 0x0000000082b00000, 0x0000000082b00000|100%| O|  |TAMS 0x0000000082a00000| PB 0x0000000082a00000| Untracked 
|  43|0x0000000082b00000, 0x0000000082c00000, 0x0000000082c00000|100%| O|  |TAMS 0x0000000082b00000| PB 0x0000000082b00000| Untracked 
|  44|0x0000000082c00000, 0x0000000082c00000, 0x0000000082d00000|  0%| F|  |TAMS 0x0000000082c00000| PB 0x0000000082c00000| Untracked 
|  45|0x0000000082d00000, 0x0000000082d00000, 0x0000000082e00000|  0%| F|  |TAMS 0x0000000082d00000| PB 0x0000000082d00000| Untracked 
|  46|0x0000000082e00000, 0x0000000082e00000, 0x0000000082f00000|  0%| F|  |TAMS 0x0000000082e00000| PB 0x0000000082e00000| Untracked 
|  47|0x0000000082f00000, 0x0000000082f41520, 0x0000000083000000| 25%| S|CS|TAMS 0x0000000082f00000| PB 0x0000000082f00000| Complete 
|  48|0x0000000083000000, 0x0000000083100000, 0x0000000083100000|100%| S|CS|TAMS 0x0000000083000000| PB 0x0000000083000000| Complete 
|  49|0x0000000083100000, 0x0000000083200000, 0x0000000083200000|100%| S|CS|TAMS 0x0000000083100000| PB 0x0000000083100000| Complete 
|  50|0x0000000083200000, 0x0000000083300000, 0x0000000083300000|100%| S|CS|TAMS 0x0000000083200000| PB 0x0000000083200000| Complete 
|  51|0x0000000083300000, 0x0000000083400000, 0x0000000083400000|100%| S|CS|TAMS 0x0000000083300000| PB 0x0000000083300000| Complete 
|  52|0x0000000083400000, 0x0000000083400000, 0x0000000083500000|  0%| F|  |TAMS 0x0000000083400000| PB 0x0000000083400000| Untracked 
|  53|0x0000000083500000, 0x0000000083500000, 0x0000000083600000|  0%| F|  |TAMS 0x0000000083500000| PB 0x0000000083500000| Untracked 
|  54|0x0000000083600000, 0x0000000083600000, 0x0000000083700000|  0%| F|  |TAMS 0x0000000083600000| PB 0x0000000083600000| Untracked 
|  55|0x0000000083700000, 0x0000000083700000, 0x0000000083800000|  0%| F|  |TAMS 0x0000000083700000| PB 0x0000000083700000| Untracked 
|  56|0x0000000083800000, 0x0000000083800000, 0x0000000083900000|  0%| F|  |TAMS 0x0000000083800000| PB 0x0000000083800000| Untracked 
|  57|0x0000000083900000, 0x0000000083900000, 0x0000000083a00000|  0%| F|  |TAMS 0x0000000083900000| PB 0x0000000083900000| Untracked 
|  58|0x0000000083a00000, 0x0000000083a00000, 0x0000000083b00000|  0%| F|  |TAMS 0x0000000083a00000| PB 0x0000000083a00000| Untracked 
|  59|0x0000000083b00000, 0x0000000083b00000, 0x0000000083c00000|  0%| F|  |TAMS 0x0000000083b00000| PB 0x0000000083b00000| Untracked 
|  60|0x0000000083c00000, 0x0000000083c00000, 0x0000000083d00000|  0%| F|  |TAMS 0x0000000083c00000| PB 0x0000000083c00000| Untracked 
|  61|0x0000000083d00000, 0x0000000083d00000, 0x0000000083e00000|  0%| F|  |TAMS 0x0000000083d00000| PB 0x0000000083d00000| Untracked 
|  62|0x0000000083e00000, 0x0000000083e00000, 0x0000000083f00000|  0%| F|  |TAMS 0x0000000083e00000| PB 0x0000000083e00000| Untracked 
|  63|0x0000000083f00000, 0x0000000083f00000, 0x0000000084000000|  0%| F|  |TAMS 0x0000000083f00000| PB 0x0000000083f00000| Untracked 
|  64|0x0000000084000000, 0x0000000084000000, 0x0000000084100000|  0%| F|  |TAMS 0x0000000084000000| PB 0x0000000084000000| Untracked 
|  65|0x0000000084100000, 0x0000000084100000, 0x0000000084200000|  0%| F|  |TAMS 0x0000000084100000| PB 0x0000000084100000| Untracked 
|  66|0x0000000084200000, 0x0000000084200000, 0x0000000084300000|  0%| F|  |TAMS 0x0000000084200000| PB 0x0000000084200000| Untracked 
|  67|0x0000000084300000, 0x0000000084300000, 0x0000000084400000|  0%| F|  |TAMS 0x0000000084300000| PB 0x0000000084300000| Untracked 
|  68|0x0000000084400000, 0x0000000084400000, 0x0000000084500000|  0%| F|  |TAMS 0x0000000084400000| PB 0x0000000084400000| Untracked 
|  69|0x0000000084500000, 0x0000000084500000, 0x0000000084600000|  0%| F|  |TAMS 0x0000000084500000| PB 0x0000000084500000| Untracked 
|  70|0x0000000084600000, 0x0000000084600000, 0x0000000084700000|  0%| F|  |TAMS 0x0000000084600000| PB 0x0000000084600000| Untracked 
|  71|0x0000000084700000, 0x0000000084700000, 0x0000000084800000|  0%| F|  |TAMS 0x0000000084700000| PB 0x0000000084700000| Untracked 
|  72|0x0000000084800000, 0x0000000084800000, 0x0000000084900000|  0%| F|  |TAMS 0x0000000084800000| PB 0x0000000084800000| Untracked 
|  73|0x0000000084900000, 0x0000000084900000, 0x0000000084a00000|  0%| F|  |TAMS 0x0000000084900000| PB 0x0000000084900000| Untracked 
|  74|0x0000000084a00000, 0x0000000084a00000, 0x0000000084b00000|  0%| F|  |TAMS 0x0000000084a00000| PB 0x0000000084a00000| Untracked 
|  75|0x0000000084b00000, 0x0000000084b00000, 0x0000000084c00000|  0%| F|  |TAMS 0x0000000084b00000| PB 0x0000000084b00000| Untracked 
|  76|0x0000000084c00000, 0x0000000084c00000, 0x0000000084d00000|  0%| F|  |TAMS 0x0000000084c00000| PB 0x0000000084c00000| Untracked 
|  77|0x0000000084d00000, 0x0000000084d00000, 0x0000000084e00000|  0%| F|  |TAMS 0x0000000084d00000| PB 0x0000000084d00000| Untracked 
|  78|0x0000000084e00000, 0x0000000084e00000, 0x0000000084f00000|  0%| F|  |TAMS 0x0000000084e00000| PB 0x0000000084e00000| Untracked 
|  79|0x0000000084f00000, 0x0000000084f00000, 0x0000000085000000|  0%| F|  |TAMS 0x0000000084f00000| PB 0x0000000084f00000| Untracked 
|  80|0x0000000085000000, 0x0000000085000000, 0x0000000085100000|  0%| F|  |TAMS 0x0000000085000000| PB 0x0000000085000000| Untracked 
|  81|0x0000000085100000, 0x0000000085100000, 0x0000000085200000|  0%| F|  |TAMS 0x0000000085100000| PB 0x0000000085100000| Untracked 
|  82|0x0000000085200000, 0x0000000085200000, 0x0000000085300000|  0%| F|  |TAMS 0x0000000085200000| PB 0x0000000085200000| Untracked 
|  83|0x0000000085300000, 0x0000000085300000, 0x0000000085400000|  0%| F|  |TAMS 0x0000000085300000| PB 0x0000000085300000| Untracked 
|  84|0x0000000085400000, 0x0000000085400000, 0x0000000085500000|  0%| F|  |TAMS 0x0000000085400000| PB 0x0000000085400000| Untracked 
|  85|0x0000000085500000, 0x0000000085500000, 0x0000000085600000|  0%| F|  |TAMS 0x0000000085500000| PB 0x0000000085500000| Untracked 
|  86|0x0000000085600000, 0x0000000085600000, 0x0000000085700000|  0%| F|  |TAMS 0x0000000085600000| PB 0x0000000085600000| Untracked 
|  87|0x0000000085700000, 0x0000000085700000, 0x0000000085800000|  0%| F|  |TAMS 0x0000000085700000| PB 0x0000000085700000| Untracked 
|  88|0x0000000085800000, 0x0000000085800000, 0x0000000085900000|  0%| F|  |TAMS 0x0000000085800000| PB 0x0000000085800000| Untracked 
|  89|0x0000000085900000, 0x0000000085900000, 0x0000000085a00000|  0%| F|  |TAMS 0x0000000085900000| PB 0x0000000085900000| Untracked 
|  90|0x0000000085a00000, 0x0000000085a00000, 0x0000000085b00000|  0%| F|  |TAMS 0x0000000085a00000| PB 0x0000000085a00000| Untracked 
|  91|0x0000000085b00000, 0x0000000085b00000, 0x0000000085c00000|  0%| F|  |TAMS 0x0000000085b00000| PB 0x0000000085b00000| Untracked 
|  92|0x0000000085c00000, 0x0000000085c00000, 0x0000000085d00000|  0%| F|  |TAMS 0x0000000085c00000| PB 0x0000000085c00000| Untracked 
|  93|0x0000000085d00000, 0x0000000085d00000, 0x0000000085e00000|  0%| F|  |TAMS 0x0000000085d00000| PB 0x0000000085d00000| Untracked 
|  94|0x0000000085e00000, 0x0000000085e00000, 0x0000000085f00000|  0%| F|  |TAMS 0x0000000085e00000| PB 0x0000000085e00000| Untracked 
|  95|0x0000000085f00000, 0x0000000085f00000, 0x0000000086000000|  0%| F|  |TAMS 0x0000000085f00000| PB 0x0000000085f00000| Untracked 
|  96|0x0000000086000000, 0x0000000086000000, 0x0000000086100000|  0%| F|  |TAMS 0x0000000086000000| PB 0x0000000086000000| Untracked 
|  97|0x0000000086100000, 0x000000008610bf00, 0x0000000086200000|  4%| E|  |TAMS 0x0000000086100000| PB 0x0000000086100000| Complete 
|  98|0x0000000086200000, 0x0000000086300000, 0x0000000086300000|100%| E|CS|TAMS 0x0000000086200000| PB 0x0000000086200000| Complete 
|  99|0x0000000086300000, 0x0000000086400000, 0x0000000086400000|100%| E|CS|TAMS 0x0000000086300000| PB 0x0000000086300000| Complete 
| 100|0x0000000086400000, 0x0000000086500000, 0x0000000086500000|100%| E|CS|TAMS 0x0000000086400000| PB 0x0000000086400000| Complete 
| 101|0x0000000086500000, 0x0000000086600000, 0x0000000086600000|100%| E|CS|TAMS 0x0000000086500000| PB 0x0000000086500000| Complete 
| 102|0x0000000086600000, 0x0000000086700000, 0x0000000086700000|100%| E|CS|TAMS 0x0000000086600000| PB 0x0000000086600000| Complete 
| 103|0x0000000086700000, 0x0000000086800000, 0x0000000086800000|100%| E|CS|TAMS 0x0000000086700000| PB 0x0000000086700000| Complete 
| 104|0x0000000086800000, 0x0000000086900000, 0x0000000086900000|100%| E|CS|TAMS 0x0000000086800000| PB 0x0000000086800000| Complete 
| 105|0x0000000086900000, 0x0000000086a00000, 0x0000000086a00000|100%| E|  |TAMS 0x0000000086900000| PB 0x0000000086900000| Complete 
| 106|0x0000000086a00000, 0x0000000086b00000, 0x0000000086b00000|100%| E|CS|TAMS 0x0000000086a00000| PB 0x0000000086a00000| Complete 
| 107|0x0000000086b00000, 0x0000000086c00000, 0x0000000086c00000|100%| E|CS|TAMS 0x0000000086b00000| PB 0x0000000086b00000| Complete 
| 108|0x0000000086c00000, 0x0000000086d00000, 0x0000000086d00000|100%| E|CS|TAMS 0x0000000086c00000| PB 0x0000000086c00000| Complete 
| 109|0x0000000086d00000, 0x0000000086e00000, 0x0000000086e00000|100%| E|CS|TAMS 0x0000000086d00000| PB 0x0000000086d00000| Complete 
| 110|0x0000000086e00000, 0x0000000086f00000, 0x0000000086f00000|100%| E|CS|TAMS 0x0000000086e00000| PB 0x0000000086e00000| Complete 
| 111|0x0000000086f00000, 0x0000000087000000, 0x0000000087000000|100%| E|CS|TAMS 0x0000000086f00000| PB 0x0000000086f00000| Complete 
| 112|0x0000000087000000, 0x0000000087100000, 0x0000000087100000|100%| E|CS|TAMS 0x0000000087000000| PB 0x0000000087000000| Complete 
| 113|0x0000000087100000, 0x0000000087200000, 0x0000000087200000|100%| E|CS|TAMS 0x0000000087100000| PB 0x0000000087100000| Complete 
| 114|0x0000000087200000, 0x0000000087300000, 0x0000000087300000|100%| E|CS|TAMS 0x0000000087200000| PB 0x0000000087200000| Complete 
| 115|0x0000000087300000, 0x0000000087400000, 0x0000000087400000|100%| E|CS|TAMS 0x0000000087300000| PB 0x0000000087300000| Complete 
| 116|0x0000000087400000, 0x0000000087500000, 0x0000000087500000|100%| E|CS|TAMS 0x0000000087400000| PB 0x0000000087400000| Complete 
| 117|0x0000000087500000, 0x0000000087600000, 0x0000000087600000|100%| E|CS|TAMS 0x0000000087500000| PB 0x0000000087500000| Complete 
| 118|0x0000000087600000, 0x0000000087700000, 0x0000000087700000|100%| E|CS|TAMS 0x0000000087600000| PB 0x0000000087600000| Complete 
| 119|0x0000000087700000, 0x0000000087800000, 0x0000000087800000|100%| E|CS|TAMS 0x0000000087700000| PB 0x0000000087700000| Complete 
|2043|0x00000000ffb00000, 0x00000000ffc00000, 0x00000000ffc00000|100%| O|  |TAMS 0x00000000ffb00000| PB 0x00000000ffb00000| Untracked 
|2044|0x00000000ffc00000, 0x00000000ffd00000, 0x00000000ffd00000|100%| O|  |TAMS 0x00000000ffc00000| PB 0x00000000ffc00000| Untracked 
|2045|0x00000000ffd00000, 0x00000000ffe00000, 0x00000000ffe00000|100%| O|  |TAMS 0x00000000ffd00000| PB 0x00000000ffd00000| Untracked 
|2046|0x00000000ffe00000, 0x00000000fff00000, 0x00000000fff00000|100%| O|  |TAMS 0x00000000ffe00000| PB 0x00000000ffe00000| Untracked 
|2047|0x00000000fff00000, 0x0000000100000000, 0x0000000100000000|100%| O|  |TAMS 0x00000000fff00000| PB 0x00000000fff00000| Untracked 

Card table byte_map: [0x0000026920670000,0x0000026920a70000] _byte_map_base: 0x0000026920270000

Marking Bits: (CMBitMap*) 0x000002690dc5a270
 Bits: [0x0000026920a70000, 0x0000026922a70000)

Polling page: 0x000002690bae0000

Metaspace:

Usage:
  Non-class:     56.98 MB used.
      Class:      9.02 MB used.
       Both:     66.00 MB used.

Virtual space:
  Non-class space:       64.00 MB reserved,      57.81 MB ( 90%) committed,  1 nodes.
      Class space:        1.00 GB reserved,       9.88 MB ( <1%) committed,  1 nodes.
             Both:        1.06 GB reserved,      67.69 MB (  6%) committed. 

Chunk freelists:
   Non-Class:  5.36 MB
       Class:  6.11 MB
        Both:  11.47 MB

MaxMetaspaceSize: unlimited
CompressedClassSpaceSize: 1.00 GB
Initial GC threshold: 21.00 MB
Current GC threshold: 111.19 MB
CDS: off
 - commit_granule_bytes: 65536.
 - commit_granule_words: 8192.
 - virtual_space_node_default_size: 8388608.
 - enlarge_chunks_in_place: 1.
 - use_allocation_guard: 0.


Internal statistics:

num_allocs_failed_limit: 12.
num_arena_births: 3150.
num_arena_deaths: 0.
num_vsnodes_births: 2.
num_vsnodes_deaths: 0.
num_space_committed: 1083.
num_space_uncommitted: 0.
num_chunks_returned_to_freelist: 12.
num_chunks_taken_from_freelist: 5913.
num_chunk_merges: 12.
num_chunk_splits: 3845.
num_chunks_enlarged: 2385.
num_inconsistent_stats: 0.

CodeHeap 'non-profiled nmethods': size=120000Kb used=4150Kb max_used=4150Kb free=115849Kb
 bounds [0x00000269187f0000, 0x0000026918c20000, 0x000002691fd20000]
CodeHeap 'profiled nmethods': size=120000Kb used=12768Kb max_used=13219Kb free=107232Kb
 bounds [0x0000026910d20000, 0x0000026911a10000, 0x0000026918250000]
CodeHeap 'non-nmethods': size=5760Kb used=1979Kb max_used=2047Kb free=3780Kb
 bounds [0x0000026918250000, 0x00000269184c0000, 0x00000269187f0000]
 total_blobs=7735 nmethods=6981 adapters=658
 compilation: enabled
              stopped_count=0, restarted_count=0
 full_count=0

Compilation events (20 events):
Event: 8.011 Thread 0x0000026925913220 7842       3       jdk.internal.loader.URLClassPath$JarLoader::isOptimizable (10 bytes)
Event: 8.011 Thread 0x0000026925913220 nmethod 7842 0x00000269110c1290 code [0x00000269110c1440, 0x00000269110c15a8]
Event: 8.011 Thread 0x0000026925913220 7843       3       jdk.internal.loader.FileURLMapper::<init> (10 bytes)
Event: 8.011 Thread 0x0000026925913220 nmethod 7843 0x00000269110c2990 code [0x00000269110c2b20, 0x00000269110c2cd8]
Event: 8.011 Thread 0x0000026925913220 7844       3       jdk.internal.loader.FileURLMapper::exists (19 bytes)
Event: 8.011 Thread 0x0000026925913220 nmethod 7844 0x0000026910d43e90 code [0x0000026910d440a0, 0x0000026910d445c0]
Event: 8.020 Thread 0x0000026925913220 7845       3       jdk.internal.loader.URLClassPath$JarLoader::getClassPath (63 bytes)
Event: 8.021 Thread 0x0000026925913220 nmethod 7845 0x0000026911263c90 code [0x0000026911263f40, 0x0000026911264b58]
Event: 8.021 Thread 0x0000026925913220 7846       3       java.util.jar.JavaUtilJarAccessImpl::jarFileHasClassPathAttribute (5 bytes)
Event: 8.021 Thread 0x0000026925913220 nmethod 7846 0x0000026910eb7a10 code [0x0000026910eb7bc0, 0x0000026910eb7df0]
Event: 8.021 Thread 0x0000026925913220 7847       3       java.util.jar.JarFile::hasClassPathAttribute (9 bytes)
Event: 8.021 Thread 0x0000026925913220 nmethod 7847 0x0000026910e80990 code [0x0000026910e80b40, 0x0000026910e80c90]
Event: 8.066 Thread 0x0000026925913220 7849   !   2       jdk.internal.loader.URLClassPath$JarLoader::ensureOpen (36 bytes)
Event: 8.066 Thread 0x0000026925913220 nmethod 7849 0x0000026910f98810 code [0x0000026910f989e0, 0x0000026910f98d80]
Event: 8.070 Thread 0x0000026925913220 7850   !   3       java.security.AccessController::doPrivileged (26 bytes)
Event: 8.070 Thread 0x0000026925913220 nmethod 7850 0x0000026910dd2b10 code [0x0000026910dd2d20, 0x0000026910dd3230]
Event: 8.084 Thread 0x0000026925913220 7851       3       java.util.TreeSet::add (22 bytes)
Event: 8.085 Thread 0x0000026925913220 nmethod 7851 0x0000026910ef4d10 code [0x0000026910ef4ec0, 0x0000026910ef50f8]
Event: 8.090 Thread 0x0000026925913220 7852   !   3       java.util.zip.ZipFile$Source::get (177 bytes)
Event: 8.091 Thread 0x0000026925913220 nmethod 7852 0x0000026910ee3410 code [0x0000026910ee3700, 0x0000026910ee4910]

GC Heap History (20 events):
Event: 3.910 GC heap before
{Heap before GC invocations=6 (full 0):
 garbage-first heap   total 88064K, used 64997K [0x0000000080000000, 0x0000000100000000)
  region size 1024K, 47 young (48128K), 7 survivors (7168K)
 Metaspace       used 35106K, committed 35968K, reserved 1114112K
  class space    used 4698K, committed 5120K, reserved 1048576K
}
Event: 3.916 GC heap after
{Heap after GC invocations=7 (full 0):
 garbage-first heap   total 88064K, used 26970K [0x0000000080000000, 0x0000000100000000)
  region size 1024K, 6 young (6144K), 6 survivors (6144K)
 Metaspace       used 35106K, committed 35968K, reserved 1114112K
  class space    used 4698K, committed 5120K, reserved 1048576K
}
Event: 3.960 GC heap before
{Heap before GC invocations=7 (full 0):
 garbage-first heap   total 88064K, used 30042K [0x0000000080000000, 0x0000000100000000)
  region size 1024K, 10 young (10240K), 6 survivors (6144K)
 Metaspace       used 35447K, committed 36288K, reserved 1114112K
  class space    used 4758K, committed 5184K, reserved 1048576K
}
Event: 3.964 GC heap after
{Heap after GC invocations=8 (full 0):
 garbage-first heap   total 88064K, used 27048K [0x0000000080000000, 0x0000000100000000)
  region size 1024K, 3 young (3072K), 3 survivors (3072K)
 Metaspace       used 35447K, committed 36288K, reserved 1114112K
  class space    used 4758K, committed 5184K, reserved 1048576K
}
Event: 4.622 GC heap before
{Heap before GC invocations=9 (full 0):
 garbage-first heap   total 88064K, used 75176K [0x0000000080000000, 0x0000000100000000)
  region size 1024K, 50 young (51200K), 3 survivors (3072K)
 Metaspace       used 43825K, committed 45056K, reserved 1114112K
  class space    used 5875K, committed 6464K, reserved 1048576K
}
Event: 4.628 GC heap after
{Heap after GC invocations=10 (full 0):
 garbage-first heap   total 106496K, used 30536K [0x0000000080000000, 0x0000000100000000)
  region size 1024K, 7 young (7168K), 7 survivors (7168K)
 Metaspace       used 43825K, committed 45056K, reserved 1114112K
  class space    used 5875K, committed 6464K, reserved 1048576K
}
Event: 4.936 GC heap before
{Heap before GC invocations=10 (full 0):
 garbage-first heap   total 106496K, used 85832K [0x0000000080000000, 0x0000000100000000)
  region size 1024K, 62 young (63488K), 7 survivors (7168K)
 Metaspace       used 46554K, committed 47872K, reserved 1114112K
  class space    used 6230K, committed 6912K, reserved 1048576K
}
Event: 4.943 GC heap after
{Heap after GC invocations=11 (full 0):
 garbage-first heap   total 106496K, used 33863K [0x0000000080000000, 0x0000000100000000)
  region size 1024K, 8 young (8192K), 8 survivors (8192K)
 Metaspace       used 46554K, committed 47872K, reserved 1114112K
  class space    used 6230K, committed 6912K, reserved 1048576K
}
Event: 5.700 GC heap before
{Heap before GC invocations=11 (full 0):
 garbage-first heap   total 106496K, used 90183K [0x0000000080000000, 0x0000000100000000)
  region size 1024K, 62 young (63488K), 8 survivors (8192K)
 Metaspace       used 54164K, committed 55680K, reserved 1114112K
  class space    used 7304K, committed 8064K, reserved 1048576K
}
Event: 5.706 GC heap after
{Heap after GC invocations=12 (full 0):
 garbage-first heap   total 106496K, used 36852K [0x0000000080000000, 0x0000000100000000)
  region size 1024K, 7 young (7168K), 7 survivors (7168K)
 Metaspace       used 54164K, committed 55680K, reserved 1114112K
  class space    used 7304K, committed 8064K, reserved 1048576K
}
Event: 6.146 GC heap before
{Heap before GC invocations=12 (full 0):
 garbage-first heap   total 106496K, used 70644K [0x0000000080000000, 0x0000000100000000)
  region size 1024K, 41 young (41984K), 7 survivors (7168K)
 Metaspace       used 59122K, committed 60608K, reserved 1114112K
  class space    used 8005K, committed 8768K, reserved 1048576K
}
Event: 6.152 GC heap after
{Heap after GC invocations=13 (full 0):
 garbage-first heap   total 106496K, used 37931K [0x0000000080000000, 0x0000000100000000)
  region size 1024K, 5 young (5120K), 5 survivors (5120K)
 Metaspace       used 59122K, committed 60608K, reserved 1114112K
  class space    used 8005K, committed 8768K, reserved 1048576K
}
Event: 7.204 GC heap before
{Heap before GC invocations=14 (full 0):
 garbage-first heap   total 106496K, used 93227K [0x0000000080000000, 0x0000000100000000)
  region size 1024K, 60 young (61440K), 5 survivors (5120K)
 Metaspace       used 65265K, committed 66944K, reserved 1114112K
  class space    used 8942K, committed 9792K, reserved 1048576K
}
Event: 7.210 GC heap after
{Heap after GC invocations=15 (full 0):
 garbage-first heap   total 106496K, used 42882K [0x0000000080000000, 0x0000000100000000)
  region size 1024K, 7 young (7168K), 7 survivors (7168K)
 Metaspace       used 65265K, committed 66944K, reserved 1114112K
  class space    used 8942K, committed 9792K, reserved 1048576K
}
Event: 7.545 GC heap before
{Heap before GC invocations=15 (full 0):
 garbage-first heap   total 106496K, used 91010K [0x0000000080000000, 0x0000000100000000)
  region size 1024K, 55 young (56320K), 7 survivors (7168K)
 Metaspace       used 66245K, committed 67904K, reserved 1114112K
  class space    used 9061K, committed 9920K, reserved 1048576K
}
Event: 7.551 GC heap after
{Heap after GC invocations=16 (full 0):
 garbage-first heap   total 106496K, used 45695K [0x0000000080000000, 0x0000000100000000)
  region size 1024K, 4 young (4096K), 4 survivors (4096K)
 Metaspace       used 66245K, committed 67904K, reserved 1114112K
  class space    used 9061K, committed 9920K, reserved 1048576K
}
Event: 7.682 GC heap before
{Heap before GC invocations=16 (full 0):
 garbage-first heap   total 106496K, used 93823K [0x0000000080000000, 0x0000000100000000)
  region size 1024K, 52 young (53248K), 4 survivors (4096K)
 Metaspace       used 66484K, committed 68160K, reserved 1114112K
  class space    used 9062K, committed 9920K, reserved 1048576K
}
Event: 7.685 GC heap after
{Heap after GC invocations=17 (full 0):
 garbage-first heap   total 106496K, used 46507K [0x0000000080000000, 0x0000000100000000)
  region size 1024K, 5 young (5120K), 5 survivors (5120K)
 Metaspace       used 66484K, committed 68160K, reserved 1114112K
  class space    used 9062K, committed 9920K, reserved 1048576K
}
Event: 7.790 GC heap before
{Heap before GC invocations=17 (full 0):
 garbage-first heap   total 106496K, used 93611K [0x0000000080000000, 0x0000000100000000)
  region size 1024K, 52 young (53248K), 5 survivors (5120K)
 Metaspace       used 66562K, committed 68224K, reserved 1114112K
  class space    used 9062K, committed 9920K, reserved 1048576K
}
Event: 7.794 GC heap after
{Heap after GC invocations=18 (full 0):
 garbage-first heap   total 128000K, used 47666K [0x0000000080000000, 0x0000000100000000)
  region size 1024K, 5 young (5120K), 5 survivors (5120K)
 Metaspace       used 66562K, committed 68224K, reserved 1114112K
  class space    used 9062K, committed 9920K, reserved 1048576K
}

Dll operation events (3 events):
Event: 0.016 Loaded shared library C:\Program Files\Android\Android Studio\jbr\bin\java.dll
Event: 0.024 Loaded shared library C:\Program Files\Android\Android Studio\jbr\bin\zip.dll
Event: 0.572 Loaded shared library C:\Program Files\Android\Android Studio\jbr\bin\verify.dll

Deoptimization events (20 events):
Event: 8.009 Thread 0x000002692bc066d0 DEOPT PACKING pc=0x0000026918930d1c sp=0x000000e06fff73c0
Event: 8.009 Thread 0x000002692bc066d0 DEOPT UNPACKING pc=0x00000269182a46a2 sp=0x000000e06fff72e8 mode 2
Event: 8.009 Thread 0x000002692bc066d0 Uncommon trap: trap_request=0xffffffde fr.pc=0x00000269189686b4 relative=0x00000000000005d4
Event: 8.009 Thread 0x000002692bc066d0 Uncommon trap: reason=class_check action=maybe_recompile pc=0x00000269189686b4 method=java.lang.Throwable.<init>(Ljava/lang/String;Ljava/lang/Throwable;)V @ 24 c2
Event: 8.009 Thread 0x000002692bc066d0 DEOPT PACKING pc=0x00000269189686b4 sp=0x000000e06fff71b0
Event: 8.009 Thread 0x000002692bc066d0 DEOPT UNPACKING pc=0x00000269182a46a2 sp=0x000000e06fff7190 mode 2
Event: 8.009 Thread 0x000002692bc066d0 Uncommon trap: trap_request=0xffffffde fr.pc=0x00000269189686b4 relative=0x00000000000005d4
Event: 8.009 Thread 0x000002692bc066d0 Uncommon trap: reason=class_check action=maybe_recompile pc=0x00000269189686b4 method=java.lang.Throwable.<init>(Ljava/lang/String;Ljava/lang/Throwable;)V @ 24 c2
Event: 8.009 Thread 0x000002692bc066d0 DEOPT PACKING pc=0x00000269189686b4 sp=0x000000e06fff6ed0
Event: 8.009 Thread 0x000002692bc066d0 DEOPT UNPACKING pc=0x00000269182a46a2 sp=0x000000e06fff6eb0 mode 2
Event: 8.009 Thread 0x000002692bc066d0 Uncommon trap: trap_request=0xffffffde fr.pc=0x00000269189686b4 relative=0x00000000000005d4
Event: 8.009 Thread 0x000002692bc066d0 Uncommon trap: reason=class_check action=maybe_recompile pc=0x00000269189686b4 method=java.lang.Throwable.<init>(Ljava/lang/String;Ljava/lang/Throwable;)V @ 24 c2
Event: 8.009 Thread 0x000002692bc066d0 DEOPT PACKING pc=0x00000269189686b4 sp=0x000000e06fff71b0
Event: 8.009 Thread 0x000002692bc066d0 DEOPT UNPACKING pc=0x00000269182a46a2 sp=0x000000e06fff7190 mode 2
Event: 8.011 Thread 0x000002692bc066d0 DEOPT PACKING pc=0x0000026911179809 sp=0x000000e06fff6ca0
Event: 8.011 Thread 0x000002692bc066d0 DEOPT UNPACKING pc=0x00000269182a4e42 sp=0x000000e06fff61a0 mode 0
Event: 8.036 Thread 0x000002692bc066d0 DEOPT PACKING pc=0x0000026911179809 sp=0x000000e06fff6d30
Event: 8.036 Thread 0x000002692bc066d0 DEOPT UNPACKING pc=0x00000269182a4e42 sp=0x000000e06fff6230 mode 0
Event: 8.069 Thread 0x000002692bc066d0 DEOPT PACKING pc=0x0000026911179809 sp=0x000000e06fff6c90
Event: 8.069 Thread 0x000002692bc066d0 DEOPT UNPACKING pc=0x00000269182a4e42 sp=0x000000e06fff6190 mode 0

Classes loaded (20 events):
Event: 6.691 Loading class java/io/ObjectInputStream$FieldValues
Event: 6.691 Loading class java/io/ObjectInputStream$GetField
Event: 6.691 Loading class java/io/ObjectInputStream$GetField done
Event: 6.691 Loading class java/io/ObjectInputStream$FieldValues done
Event: 6.696 Loading class sun/reflect/ReflectionFactory
Event: 6.696 Loading class sun/reflect/ReflectionFactory done
Event: 6.696 Loading class sun/reflect/ReflectionFactory$1
Event: 6.696 Loading class sun/reflect/ReflectionFactory$1 done
Event: 7.042 Loading class java/util/Collections$ReverseComparator
Event: 7.042 Loading class java/util/Collections$ReverseComparator done
Event: 7.042 Loading class java/util/Collections$ReverseComparator2
Event: 7.042 Loading class java/util/Collections$ReverseComparator2 done
Event: 7.561 Loading class java/lang/foreign/MemorySegment
Event: 7.562 Loading class java/lang/foreign/MemorySegment done
Event: 7.829 Loading class java/util/stream/SortedOps$RefSortingSink
Event: 7.829 Loading class java/util/stream/SortedOps$RefSortingSink done
Event: 7.837 Loading class java/time/Ser
Event: 7.838 Loading class java/time/Ser done
Event: 7.956 Loading class java/lang/ProcessBuilder
Event: 7.957 Loading class java/lang/ProcessBuilder done

Classes unloaded (0 events):
No events

Classes redefined (0 events):
No events

Internal exceptions (20 events):
Event: 6.763 Thread 0x000002692bc066d0 Exception <a 'java/lang/NoSuchMethodError'{0x0000000083849a68}: 'int java.lang.invoke.DirectMethodHandle$Holder.invokeSpecialIFC(java.lang.Object, java.lang.Object, java.lang.Object)'> (0x0000000083849a68) 
thrown [s\src\hotspot\share\interpreter\linkResolver.cpp, line 784]
Event: 6.815 Thread 0x000002692bc066d0 Exception <a 'java/lang/NoSuchMethodError'{0x00000000835e7000}: 'java.lang.Object java.lang.invoke.DirectMethodHandle$Holder.invokeSpecial(java.lang.Object, java.lang.Object, java.lang.Object, java.lang.Object, java.lang.Object, long)'> (0x00000000835e7000) 
thrown [s\src\hotspot\share\interpreter\linkResolver.cpp, line 784]
Event: 6.817 Thread 0x000002692bc066d0 Exception <a 'java/lang/NoSuchMethodError'{0x0000000083407388}: 'void java.lang.invoke.DirectMethodHandle$Holder.invokeStatic(java.lang.Object, java.lang.Object, java.lang.Object, int, java.lang.Object)'> (0x0000000083407388) 
thrown [s\src\hotspot\share\interpreter\linkResolver.cpp, line 784]
Event: 7.263 Thread 0x000002692bc066d0 Exception <a 'java/lang/NoSuchMethodError'{0x0000000085f05510}: 'java.lang.Object java.lang.invoke.DirectMethodHandle$Holder.newInvokeSpecial(java.lang.Object, java.lang.Object, java.lang.Object, java.lang.Object, int, java.lang.Object)'> (0x0000000085f05510) 
thrown [s\src\hotspot\share\interpreter\linkResolver.cpp, line 784]
Event: 7.263 Thread 0x000002692bc066d0 Exception <a 'java/lang/NoSuchMethodError'{0x0000000085f0ddc0}: 'java.lang.Object java.lang.invoke.Invokers$Holder.linkToTargetMethod(java.lang.Object, java.lang.Object, java.lang.Object, int, java.lang.Object, java.lang.Object)'> (0x0000000085f0ddc0) 
thrown [s\src\hotspot\share\interpreter\linkResolver.cpp, line 784]
Event: 7.504 Thread 0x000002692bc066d0 Exception <a 'java/lang/NoSuchMethodError'{0x0000000083c75660}: 'java.lang.Object java.lang.invoke.DirectMethodHandle$Holder.invokeSpecialIFC(java.lang.Object, java.lang.Object, java.lang.Object)'> (0x0000000083c75660) 
thrown [s\src\hotspot\share\interpreter\linkResolver.cpp, line 784]
Event: 7.825 Thread 0x000002692bc066d0 Exception <a 'java/lang/NoSuchMethodError'{0x000000008751f078}: 'void java.lang.invoke.DirectMethodHandle$Holder.invokeInterface(java.lang.Object, java.lang.Object, java.lang.Object, java.lang.Object)'> (0x000000008751f078) 
thrown [s\src\hotspot\share\interpreter\linkResolver.cpp, line 784]
Event: 7.828 Thread 0x000002692bc066d0 Exception <a 'java/lang/NoSuchMethodError'{0x0000000087538670}: 'long java.lang.invoke.DirectMethodHandle$Holder.invokeVirtual(java.lang.Object, java.lang.Object)'> (0x0000000087538670) 
thrown [s\src\hotspot\share\interpreter\linkResolver.cpp, line 784]
Event: 7.832 Thread 0x000002692bc06d60 Exception <a 'java/lang/NoSuchMethodError'{0x00000000875950c0}: static Lorg/gradle/internal/build/event/types/DefaultOperationFinishedProgressEvent;.<clinit>()V> (0x00000000875950c0) 
thrown [s\src\hotspot\share\prims\jni.cpp, line 1135]
Event: 7.834 Thread 0x000002692bc06d60 Exception <a 'java/lang/NoSuchMethodError'{0x00000000875bd440}: static Lorg/gradle/internal/build/event/types/DefaultProjectConfigurationSuccessResult;.<clinit>()V> (0x00000000875bd440) 
thrown [s\src\hotspot\share\prims\jni.cpp, line 1135]
Event: 7.835 Thread 0x000002692bc06d60 Exception <a 'java/lang/NoSuchMethodError'{0x00000000875be758}: static Lorg/gradle/internal/build/event/types/AbstractProjectConfigurationResult;.<clinit>()V> (0x00000000875be758) 
thrown [s\src\hotspot\share\prims\jni.cpp, line 1135]
Event: 7.835 Thread 0x000002692bc06d60 Exception <a 'java/lang/NoSuchMethodError'{0x00000000875bff88}: static Lorg/gradle/internal/build/event/types/AbstractOperationResult;.<clinit>()V> (0x00000000875bff88) 
thrown [s\src\hotspot\share\prims\jni.cpp, line 1135]
Event: 7.835 Thread 0x000002692bc06d60 Exception <a 'java/lang/NoSuchMethodError'{0x00000000875c1178}: static Lorg/gradle/internal/build/event/types/AbstractResult;.<clinit>()V> (0x00000000875c1178) 
thrown [s\src\hotspot\share\prims\jni.cpp, line 1135]
Event: 7.836 Thread 0x000002692bc06d60 Exception <a 'java/lang/NoSuchMethodError'{0x00000000875d8bf8}: static Lorg/gradle/internal/build/event/types/DefaultPluginApplicationResult;.<clinit>()V> (0x00000000875d8bf8) 
thrown [s\src\hotspot\share\prims\jni.cpp, line 1135]
Event: 7.837 Thread 0x000002692bc06d60 Exception <a 'java/lang/NoSuchMethodError'{0x00000000875e49f8}: static Lorg/gradle/internal/build/event/types/DefaultBinaryPluginIdentifier;.<clinit>()V> (0x00000000875e49f8) 
thrown [s\src\hotspot\share\prims\jni.cpp, line 1135]
Event: 7.839 Thread 0x000002692bc06d60 Exception <a 'java/lang/NoSuchMethodError'{0x00000000875fd398}: static Lorg/gradle/internal/build/event/types/DefaultScriptPluginIdentifier;.<clinit>()V> (0x00000000875fd398) 
thrown [s\src\hotspot\share\prims\jni.cpp, line 1135]
Event: 7.906 Thread 0x000002692bc066d0 Implicit null exception at 0x0000026918b4e0dd to 0x0000026918b4e5f0
Event: 7.906 Thread 0x000002692bc066d0 Implicit null exception at 0x0000026918b4f73f to 0x0000026918b4fc24
Event: 7.951 Thread 0x000002692bc066d0 Exception <a 'java/lang/NoSuchMethodError'{0x0000000086f7ea18}: 'void java.lang.invoke.Invokers$Holder.invoke_MT(java.lang.Object, java.lang.Object, java.lang.Object, java.lang.Object)'> (0x0000000086f7ea18) 
thrown [s\src\hotspot\share\interpreter\linkResolver.cpp, line 784]
Event: 7.959 Thread 0x000002692bc066d0 Exception <a 'java/lang/NoSuchMethodError'{0x0000000086ff7fa8}: 'java.lang.Object java.lang.invoke.DirectMethodHandle$Holder.invokeSpecial(java.lang.Object, java.lang.Object, java.lang.Object, int, java.lang.Object, java.lang.Object)'> (0x0000000086ff7fa8) 
thrown [s\src\hotspot\share\interpreter\linkResolver.cpp, line 784]

ZGC Phase Switch (0 events):
No events

VM Operations (20 events):
Event: 7.156 Executing VM operation: ICBufferFull
Event: 7.156 Executing VM operation: ICBufferFull done
Event: 7.204 Executing VM operation: G1CollectForAllocation (G1 Evacuation Pause)
Event: 7.211 Executing VM operation: G1CollectForAllocation (G1 Evacuation Pause) done
Event: 7.326 Executing VM operation: ICBufferFull
Event: 7.326 Executing VM operation: ICBufferFull done
Event: 7.468 Executing VM operation: ICBufferFull
Event: 7.468 Executing VM operation: ICBufferFull done
Event: 7.545 Executing VM operation: G1CollectForAllocation (G1 Evacuation Pause)
Event: 7.551 Executing VM operation: G1CollectForAllocation (G1 Evacuation Pause) done
Event: 7.682 Executing VM operation: G1CollectForAllocation (G1 Evacuation Pause)
Event: 7.685 Executing VM operation: G1CollectForAllocation (G1 Evacuation Pause) done
Event: 7.790 Executing VM operation: G1CollectForAllocation (G1 Evacuation Pause)
Event: 7.794 Executing VM operation: G1CollectForAllocation (G1 Evacuation Pause) done
Event: 7.816 Executing VM operation: G1PauseRemark
Event: 7.819 Executing VM operation: G1PauseRemark done
Event: 7.831 Executing VM operation: G1PauseCleanup
Event: 7.831 Executing VM operation: G1PauseCleanup done
Event: 8.008 Executing VM operation: HandshakeAllThreads (Deoptimize)
Event: 8.008 Executing VM operation: HandshakeAllThreads (Deoptimize) done

Memory protections (0 events):
No events

Nmethod flushes (20 events):
Event: 7.818 Thread 0x000002692570e660 flushing  nmethod 0x0000026910f03490
Event: 7.818 Thread 0x000002692570e660 flushing  nmethod 0x0000026910f6ee10
Event: 7.818 Thread 0x000002692570e660 flushing  nmethod 0x0000026910fef490
Event: 7.818 Thread 0x000002692570e660 flushing  nmethod 0x0000026910ff0390
Event: 7.818 Thread 0x000002692570e660 flushing  nmethod 0x0000026910ff3b10
Event: 7.818 Thread 0x000002692570e660 flushing  nmethod 0x0000026910ff4790
Event: 7.818 Thread 0x000002692570e660 flushing  nmethod 0x0000026910ff5210
Event: 7.818 Thread 0x000002692570e660 flushing  nmethod 0x0000026911065b10
Event: 7.818 Thread 0x000002692570e660 flushing  nmethod 0x0000026911067b90
Event: 7.818 Thread 0x000002692570e660 flushing  nmethod 0x0000026911069390
Event: 7.818 Thread 0x000002692570e660 flushing  nmethod 0x0000026911069f90
Event: 7.818 Thread 0x000002692570e660 flushing  nmethod 0x0000026911114690
Event: 7.818 Thread 0x000002692570e660 flushing  nmethod 0x00000269111a7610
Event: 7.818 Thread 0x000002692570e660 flushing  nmethod 0x00000269111a9190
Event: 7.818 Thread 0x000002692570e660 flushing  nmethod 0x000002691121d510
Event: 7.818 Thread 0x000002692570e660 flushing  nmethod 0x0000026911362c90
Event: 7.818 Thread 0x000002692570e660 flushing  nmethod 0x0000026911363290
Event: 7.818 Thread 0x000002692570e660 flushing  nmethod 0x0000026911363890
Event: 7.818 Thread 0x000002692570e660 flushing  nmethod 0x0000026911363e10
Event: 7.818 Thread 0x000002692570e660 flushing  nmethod 0x0000026911368c90

Events (20 events):
Event: 7.288 Thread 0x000002692bc066d0 Thread added: 0x000002692f584610
Event: 7.290 Thread 0x000002692bc066d0 Thread added: 0x000002692abca620
Event: 7.292 Thread 0x000002692bc066d0 Thread added: 0x000002692abc9f90
Event: 7.295 Thread 0x000002692bc066d0 Thread added: 0x000002692abcacb0
Event: 7.297 Thread 0x000002692bc066d0 Thread added: 0x000002692abcb340
Event: 7.299 Thread 0x000002692bc066d0 Thread added: 0x000002692abcb9d0
Event: 7.303 Thread 0x000002692bc066d0 Thread added: 0x000002692abcc6f0
Event: 7.307 Thread 0x000002692bc066d0 Thread added: 0x000002692abc9900
Event: 7.309 Thread 0x000002692bc066d0 Thread added: 0x000002692abc9270
Event: 7.505 Thread 0x000002692bc066d0 Thread added: 0x000002692abcdaa0
Event: 7.505 Thread 0x000002692bc066d0 Thread added: 0x000002692abcf4e0
Event: 7.506 Thread 0x000002692bc066d0 Thread added: 0x000002692abce130
Event: 7.506 Thread 0x000002692bc066d0 Thread added: 0x000002692abce7c0
Event: 7.506 Thread 0x000002692bc066d0 Thread added: 0x000002692abcee50
Event: 7.507 Thread 0x000002692bc066d0 Thread added: 0x000002692abcc060
Event: 7.507 Thread 0x000002692bc066d0 Thread added: 0x000002692abd0200
Event: 7.508 Thread 0x000002692bc066d0 Thread added: 0x000002692abcfb70
Event: 7.508 Thread 0x000002692bc066d0 Thread added: 0x000002692abccd80
Event: 7.508 Thread 0x000002692bc066d0 Thread added: 0x000002692abd0890
Event: 7.509 Thread 0x000002692bc066d0 Thread added: 0x000002692abcd410


Dynamic libraries:
0x00007ff6b0940000 - 0x00007ff6b094a000 	C:\Program Files\Android\Android Studio\jbr\bin\java.exe
0x00007ffb95020000 - 0x00007ffb95285000 	C:\WINDOWS\SYSTEM32\ntdll.dll
0x00007ffb94bc0000 - 0x00007ffb94c89000 	C:\WINDOWS\System32\KERNEL32.DLL
0x00007ffb925e0000 - 0x00007ffb929c8000 	C:\WINDOWS\System32\KERNELBASE.dll
0x00007ffb92170000 - 0x00007ffb922bb000 	C:\WINDOWS\System32\ucrtbase.dll
0x00007ffb8d300000 - 0x00007ffb8d318000 	C:\Program Files\Android\Android Studio\jbr\bin\jli.dll
0x00007ffb606e0000 - 0x00007ffb606fb000 	C:\Program Files\Android\Android Studio\jbr\bin\VCRUNTIME140.dll
0x00007ffb94cf0000 - 0x00007ffb94eba000 	C:\WINDOWS\System32\USER32.dll
0x00007ffb929d0000 - 0x00007ffb929f7000 	C:\WINDOWS\System32\win32u.dll
0x00007ffb94490000 - 0x00007ffb944bb000 	C:\WINDOWS\System32\GDI32.dll
0x00007ffb78ab0000 - 0x00007ffb78d4a000 	C:\WINDOWS\WinSxS\amd64_microsoft.windows.common-controls_6595b64144ccf1df_6.0.26100.4202_none_3e0698d4e335f517\COMCTL32.dll
0x00007ffb92360000 - 0x00007ffb92497000 	C:\WINDOWS\System32\gdi32full.dll
0x00007ffb944c0000 - 0x00007ffb94569000 	C:\WINDOWS\System32\msvcrt.dll
0x00007ffb92530000 - 0x00007ffb925d3000 	C:\WINDOWS\System32\msvcp_win.dll
0x00007ffb93f90000 - 0x00007ffb93fc0000 	C:\WINDOWS\System32\IMM32.DLL
0x0000000058de0000 - 0x0000000058dec000 	C:\Program Files (x86)\360\Total Security\safemon\SafeWrapper.dll
0x00007ffb93610000 - 0x00007ffb936c3000 	C:\WINDOWS\System32\ADVAPI32.dll
0x00007ffb943e0000 - 0x00007ffb94486000 	C:\WINDOWS\System32\sechost.dll
0x00007ffb93fd0000 - 0x00007ffb940e5000 	C:\WINDOWS\System32\RPCRT4.dll
0x00007ffb63c90000 - 0x00007ffb63d3c000 	C:\Program Files (x86)\360\Total Security\safemon\libzdtp64.dll
0x00007ffb92dc0000 - 0x00007ffb93502000 	C:\WINDOWS\System32\SHELL32.dll
0x00007ffb92a00000 - 0x00007ffb92b74000 	C:\WINDOWS\System32\wintypes.dll
0x00007ffb94570000 - 0x00007ffb948f5000 	C:\WINDOWS\System32\combase.dll
0x00007ffb94370000 - 0x00007ffb943da000 	C:\WINDOWS\System32\SHLWAPI.dll
0x00007ffb8a7f0000 - 0x00007ffb8a7fb000 	C:\WINDOWS\SYSTEM32\VERSION.dll
0x00007ffb6e1c0000 - 0x00007ffb6e1cc000 	C:\Program Files\Android\Android Studio\jbr\bin\vcruntime140_1.dll
0x00007ffb62d80000 - 0x00007ffb62e0d000 	C:\Program Files\Android\Android Studio\jbr\bin\msvcp140.dll
0x00007ffb35dd0000 - 0x00007ffb36a53000 	C:\Program Files\Android\Android Studio\jbr\bin\server\jvm.dll
0x00007ffb940f0000 - 0x00007ffb94164000 	C:\WINDOWS\System32\WS2_32.dll
0x00007ffb91fc0000 - 0x00007ffb9201e000 	C:\WINDOWS\SYSTEM32\POWRPROF.dll
0x00007ffb87030000 - 0x00007ffb87065000 	C:\WINDOWS\SYSTEM32\WINMM.dll
0x00007ffb91fa0000 - 0x00007ffb91fb4000 	C:\WINDOWS\SYSTEM32\UMPDC.dll
0x00007ffb90f30000 - 0x00007ffb90f4b000 	C:\WINDOWS\SYSTEM32\kernel.appcore.dll
0x00007ffb6de50000 - 0x00007ffb6de5a000 	C:\Program Files\Android\Android Studio\jbr\bin\jimage.dll
0x00007ffb89a80000 - 0x00007ffb89cc1000 	C:\WINDOWS\SYSTEM32\DBGHELP.DLL
0x00007ffb93c10000 - 0x00007ffb93cf1000 	C:\WINDOWS\System32\OLEAUT32.dll
0x00007ffb6b560000 - 0x00007ffb6b599000 	C:\WINDOWS\SYSTEM32\dbgcore.DLL
0x00007ffb922c0000 - 0x00007ffb92359000 	C:\WINDOWS\System32\bcryptPrimitives.dll
0x00007ffb8cf10000 - 0x00007ffb8cf1e000 	C:\Program Files\Android\Android Studio\jbr\bin\instrument.dll
0x00007ffb5d580000 - 0x00007ffb5d5a0000 	C:\Program Files\Android\Android Studio\jbr\bin\java.dll
0x00007ffb5a8a0000 - 0x00007ffb5a8b8000 	C:\Program Files\Android\Android Studio\jbr\bin\zip.dll
0x00007ffb8fda0000 - 0x00007ffb905f8000 	C:\WINDOWS\SYSTEM32\windows.storage.dll
0x00007ffb94ed0000 - 0x00007ffb94fc1000 	C:\WINDOWS\System32\SHCORE.dll
0x00007ffb92080000 - 0x00007ffb920af000 	C:\WINDOWS\SYSTEM32\profapi.dll
0x00007ffb6db20000 - 0x00007ffb6db30000 	C:\Program Files\Android\Android Studio\jbr\bin\net.dll
0x00007ffb8b4f0000 - 0x00007ffb8b60e000 	C:\WINDOWS\SYSTEM32\WINHTTP.dll
0x00007ffb914a0000 - 0x00007ffb9150a000 	C:\WINDOWS\system32\mswsock.dll
0x00007ffb517d0000 - 0x00007ffb517e6000 	C:\Program Files\Android\Android Studio\jbr\bin\nio.dll
0x00007ffb7d950000 - 0x00007ffb7d960000 	C:\Program Files\Android\Android Studio\jbr\bin\verify.dll
0x00007ffb8c670000 - 0x00007ffb8c697000 	C:\Users\Nitro\AndroidStudioProjects\MyApplication\native\c067742578af261105cb4f569cf0c3c89f3d7b1fecec35dd04571415982c5e48\windows-amd64\native-platform.dll
0x00007ffb5ad90000 - 0x00007ffb5aed4000 	C:\Users\Nitro\AndroidStudioProjects\MyApplication\native\100fb08df4bc3b14c8652ba06237920a3bd2aa13389f12d3474272988ae205f9\windows-amd64\native-platform-file-events.dll
0x00007ffb661b0000 - 0x00007ffb661b9000 	C:\Program Files\Android\Android Studio\jbr\bin\management.dll
0x00007ffb65d30000 - 0x00007ffb65d3b000 	C:\Program Files\Android\Android Studio\jbr\bin\management_ext.dll
0x00007ffb94900000 - 0x00007ffb94908000 	C:\WINDOWS\System32\PSAPI.DLL
0x00007ffb91760000 - 0x00007ffb9177b000 	C:\WINDOWS\SYSTEM32\CRYPTSP.dll
0x00007ffb90e90000 - 0x00007ffb90eca000 	C:\WINDOWS\system32\rsaenh.dll
0x00007ffb91540000 - 0x00007ffb9156b000 	C:\WINDOWS\SYSTEM32\USERENV.dll
0x00007ffb92050000 - 0x00007ffb92076000 	C:\WINDOWS\SYSTEM32\bcrypt.dll
0x00007ffb91750000 - 0x00007ffb9175c000 	C:\WINDOWS\SYSTEM32\CRYPTBASE.dll
0x00007ffb909d0000 - 0x00007ffb90a03000 	C:\WINDOWS\SYSTEM32\IPHLPAPI.DLL
0x00007ffb94ec0000 - 0x00007ffb94eca000 	C:\WINDOWS\System32\NSI.dll
0x00007ffb683c0000 - 0x00007ffb683c9000 	C:\Program Files\Android\Android Studio\jbr\bin\extnet.dll
0x00007ffb6a1f0000 - 0x00007ffb6a1f8000 	C:\WINDOWS\system32\wshunix.dll

dbghelp: loaded successfully - version: 4.0.5 - missing functions: none
symbol engine: initialized successfully - sym options: 0x614 - pdb path: .;C:\Program Files\Android\Android Studio\jbr\bin;C:\WINDOWS\SYSTEM32;C:\WINDOWS\WinSxS\amd64_microsoft.windows.common-controls_6595b64144ccf1df_6.0.26100.4202_none_3e0698d4e335f517;C:\Program Files (x86)\360\Total Security\safemon;C:\Program Files\Android\Android Studio\jbr\bin\server;C:\Users\Nitro\AndroidStudioProjects\MyApplication\native\c067742578af261105cb4f569cf0c3c89f3d7b1fecec35dd04571415982c5e48\windows-amd64;C:\Users\Nitro\AndroidStudioProjects\MyApplication\native\100fb08df4bc3b14c8652ba06237920a3bd2aa13389f12d3474272988ae205f9\windows-amd64

VM Arguments:
jvm_args: --add-opens=java.base/java.util=ALL-UNNAMED --add-opens=java.base/java.lang=ALL-UNNAMED --add-opens=java.base/java.lang.invoke=ALL-UNNAMED --add-opens=java.prefs/java.util.prefs=ALL-UNNAMED --add-exports=jdk.compiler/com.sun.tools.javac.api=ALL-UNNAMED --add-exports=jdk.compiler/com.sun.tools.javac.util=ALL-UNNAMED --add-opens=java.base/java.nio.charset=ALL-UNNAMED --add-opens=java.base/java.net=ALL-UNNAMED --add-opens=java.base/java.util.concurrent.atomic=ALL-UNNAMED -Xmx2048m -Dfile.encoding=UTF-8 -Duser.country=PH -Duser.language=en -Duser.variant -javaagent:C:\Users\Nitro\AndroidStudioProjects\MyApplication\wrapper\dists\gradle-8.10.2-bin\a04bxjujx95o3nb99gddekhwo\gradle-8.10.2\lib\agents\gradle-instrumentation-agent-8.10.2.jar 
java_command: org.gradle.launcher.daemon.bootstrap.GradleDaemon 8.10.2
java_class_path (initial): C:\Users\Nitro\AndroidStudioProjects\MyApplication\wrapper\dists\gradle-8.10.2-bin\a04bxjujx95o3nb99gddekhwo\gradle-8.10.2\lib\gradle-daemon-main-8.10.2.jar
Launcher Type: SUN_STANDARD

[Global flags]
     intx CICompilerCount                          = 4                                         {product} {ergonomic}
     uint ConcGCThreads                            = 3                                         {product} {ergonomic}
     uint G1ConcRefinementThreads                  = 10                                        {product} {ergonomic}
   size_t G1HeapRegionSize                         = 1048576                                   {product} {ergonomic}
    uintx GCDrainStackTargetSize                   = 64                                        {product} {ergonomic}
   size_t InitialHeapSize                          = 123731968                                 {product} {ergonomic}
   size_t MarkStackSize                            = 4194304                                   {product} {ergonomic}
   size_t MaxHeapSize                              = 2147483648                                {product} {command line}
   size_t MaxNewSize                               = 1287651328                                {product} {ergonomic}
   size_t MinHeapDeltaBytes                        = 1048576                                   {product} {ergonomic}
   size_t MinHeapSize                              = 8388608                                   {product} {ergonomic}
    uintx NonNMethodCodeHeapSize                   = 5839372                                {pd product} {ergonomic}
    uintx NonProfiledCodeHeapSize                  = 122909434                              {pd product} {ergonomic}
    uintx ProfiledCodeHeapSize                     = 122909434                              {pd product} {ergonomic}
    uintx ReservedCodeCacheSize                    = 251658240                              {pd product} {ergonomic}
     bool SegmentedCodeCache                       = true                                      {product} {ergonomic}
   size_t SoftMaxHeapSize                          = 2147483648                             {manageable} {ergonomic}
     bool UseCompressedOops                        = true                           {product lp64_product} {ergonomic}
     bool UseG1GC                                  = true                                      {product} {ergonomic}
     bool UseLargePagesIndividualAllocation        = false                                  {pd product} {ergonomic}

Logging:
Log output configuration:
 #0: stdout all=warning uptime,level,tags foldmultilines=false
 #1: stderr all=off uptime,level,tags foldmultilines=false

Environment Variables:
JAVA_HOME=C:\Program Files\Java\jdk-23
PATH=C:\Program Files\Common Files\Oracle\Java\javapath;C:\WINDOWS\system32;C:\WINDOWS;C:\WINDOWS\System32\Wbem;C:\WINDOWS\System32\WindowsPowerShell\v1.0\;C:\WINDOWS\System32\OpenSSH\;C:\Program Files (x86)\NVIDIA Corporation\PhysX\Common;C:\Program Files\NVIDIA Corporation\NVIDIA NvDLISR;C:\Program Files\Git\cmd;C:\Users\Nitro\AppData\Local\Microsoft\WindowsApps;C:\Users\Nitro\AppData\Local\Programs\Microsoft VS Code\bin;C:\Program Files\JetBrains\IntelliJ IDEA Community Edition 2024.3.2.2\bin;;C:\Users\Nitro\AppData\Local\Programs\cursor\resources\app\bin
USERNAME=Nitro
OS=Windows_NT
PROCESSOR_IDENTIFIER=AMD64 Family 25 Model 68 Stepping 1, AuthenticAMD
TMP=C:\Users\Nitro\AppData\Local\Temp
TEMP=C:\Users\Nitro\AppData\Local\Temp




Periodic native trim disabled

JNI global refs:
JNI global refs: 26, weak refs: 0

JNI global refs memory usage: 835, weak refs: 833

Process memory usage:
Resident Set Size: 356424K (4% of 7664432K total physical memory with 662280K free physical memory)

OOME stack traces (most recent first):
Classloader memory used:
Loader org.gradle.internal.classloader.VisitableURLClassLoader                         : 33884K
Loader bootstrap                                                                       : 22899K
Loader org.gradle.initialization.MixInLegacyTypesClassLoader                           : 9446K
Loader jdk.internal.loader.ClassLoaders$PlatformClassLoader                            : 501K
Loader org.gradle.internal.classloader.VisitableURLClassLoader$InstrumentingVisitableURLClassLoader: 392K
Loader jdk.internal.loader.ClassLoaders$AppClassLoader                                 : 234K
Loader jdk.internal.reflect.DelegatingClassLoader                                      : 129K
Loader org.gradle.internal.classloader.VisitableURLClassLoader                         : 117K

Classes loaded by more than one classloader:
Class Program                                                                         : loaded 4 times (x 70B)
Class [Lcom.google.common.base.AbstractIterator$State;                                : loaded 2 times (x 65B)
Class com.google.common.base.CharMatcher$IsEither                                     : loaded 2 times (x 107B)
Class org.gradle.internal.classloader.ClassLoaderHierarchy                            : loaded 2 times (x 66B)
Class com.google.common.collect.ImmutableList$1                                       : loaded 2 times (x 93B)
Class org.gradle.api.internal.classpath.ManifestUtil                                  : loaded 2 times (x 67B)
Class com.google.common.collect.UnmodifiableListIterator                              : loaded 2 times (x 91B)
Class org.gradle.internal.classloader.DefaultClassLoaderFactory                       : loaded 2 times (x 78B)
Class com.google.common.base.CharMatcher$None                                         : loaded 2 times (x 108B)
Class org.gradle.internal.classloader.ClassLoaderVisitor                              : loaded 2 times (x 72B)
Class org.gradle.api.internal.classpath.EffectiveClassPath                            : loaded 2 times (x 86B)
Class com.google.common.base.Splitter                                                 : loaded 2 times (x 68B)
Class org.gradle.api.internal.DefaultClassPathProvider                                : loaded 2 times (x 72B)
Class [Lorg.gradle.api.internal.ClassPathProvider;                                    : loaded 2 times (x 65B)
Class org.gradle.api.internal.ClassPathProvider                                       : loaded 2 times (x 66B)
Class com.google.common.base.AbstractIterator$State                                   : loaded 2 times (x 75B)
Class org.gradle.internal.service.UnknownServiceException                             : loaded 2 times (x 79B)
Class com.google.common.base.Splitter$1                                               : loaded 2 times (x 73B)
Class org.gradle.internal.classpath.TransformedClassPath                              : loaded 2 times (x 92B)
Class org.gradle.internal.classloader.InstrumentingClassLoader                        : loaded 2 times (x 66B)
Class com.google.common.collect.UnmodifiableIterator                                  : loaded 2 times (x 76B)
Class org.gradle.internal.service.ServiceLocator                                      : loaded 2 times (x 66B)
Class com.google.common.collect.RegularImmutableAsList                                : loaded 2 times (x 212B)
Class com.google.common.base.CharMatcher$RangesMatcher                                : loaded 2 times (x 108B)
Class com.google.common.collect.Lists$StringAsImmutableList                           : loaded 2 times (x 203B)
Class org.gradle.kotlin.dsl.VersionCatalogAccessorsKt                                 : loaded 2 times (x 67B)
Class com.google.common.base.CharMatcher$JavaLetterOrDigit                            : loaded 2 times (x 107B)
Class org.gradle.internal.InternalTransformer                                         : loaded 2 times (x 66B)
Class com.google.common.base.CharMatcher$And                                          : loaded 2 times (x 108B)
Class org.gradle.internal.classloader.ClasspathUtil$1                                 : loaded 2 times (x 72B)
Class org.gradle.api.internal.classpath.DefaultModuleRegistry$DefaultModule           : loaded 2 times (x 82B)
Class com.google.common.collect.ObjectArrays                                          : loaded 2 times (x 67B)
Class com.google.common.collect.AbstractIndexedListIterator                           : loaded 2 times (x 92B)
Class org.gradle.api.internal.classpath.Module                                        : loaded 2 times (x 66B)
Class org.gradle.api.internal.classpath.UnknownModuleException                        : loaded 2 times (x 78B)
Class com.google.common.base.NullnessCasts                                            : loaded 2 times (x 67B)
Class org.gradle.api.internal.DefaultClassPathRegistry                                : loaded 2 times (x 72B)
Class org.gradle.api.internal.ClassPathRegistry                                       : loaded 2 times (x 66B)
Class org.gradle.internal.classpath.DefaultClassPath$ImmutableUniqueList              : loaded 2 times (x 195B)
Class com.google.common.collect.SingletonImmutableList                                : loaded 2 times (x 203B)
Class org.gradle.internal.classloader.FilteringClassLoader                            : loaded 2 times (x 101B)
Class Settings_gradle$1                                                               : loaded 2 times (x 70B)
Class org.gradle.internal.classpath.ClassPath                                         : loaded 2 times (x 66B)
Class org.gradle.api.UncheckedIOException                                             : loaded 2 times (x 78B)
Class com.google.common.collect.ImmutableList$ReverseImmutableList                    : loaded 2 times (x 204B)
Class com.google.common.base.JdkPattern                                               : loaded 2 times (x 71B)
Class org.gradle.internal.installation.GradleInstallation$1                           : loaded 2 times (x 71B)
Class org.gradle.api.internal.classpath.ModuleRegistry                                : loaded 2 times (x 66B)
Class com.google.common.base.Splitter$SplittingIterator                               : loaded 2 times (x 80B)
Class com.google.common.base.CharMatcher$ForPredicate                                 : loaded 2 times (x 108B)
Class com.google.common.collect.ImmutableCollection                                   : loaded 2 times (x 121B)
Class com.google.common.base.CharMatcher$AnyOf                                        : loaded 2 times (x 108B)
Class org.gradle.api.internal.classpath.DefaultModuleRegistry                         : loaded 2 times (x 82B)
Class com.google.common.collect.Lists                                                 : loaded 2 times (x 67B)
Class com.google.common.base.CharMatcher$Any                                          : loaded 2 times (x 108B)
Class com.google.common.collect.ImmutableAsList                                       : loaded 2 times (x 205B)
Class org.gradle.internal.service.ServiceLookupException                              : loaded 2 times (x 78B)
Class com.google.common.base.CharMatcher$JavaLetter                                   : loaded 2 times (x 107B)
Class org.gradle.internal.classloader.ClassLoaderFactory                              : loaded 2 times (x 66B)
Class com.google.common.base.CharMatcher$IsNot                                        : loaded 2 times (x 107B)
Class com.google.common.base.CommonPattern                                            : loaded 2 times (x 70B)
Class org.gradle.internal.service.CachingServiceLocator                               : loaded 2 times (x 78B)
Class com.google.common.base.CharMatcher$JavaDigit                                    : loaded 2 times (x 107B)
Class com.google.common.collect.RegularImmutableList                                  : loaded 2 times (x 208B)
Class org.gradle.internal.classloader.ClasspathUtil                                   : loaded 2 times (x 67B)
Class com.google.common.base.CharMatcher$JavaUpperCase                                : loaded 2 times (x 107B)
Class org.gradle.api.specs.Spec                                                       : loaded 2 times (x 66B)
Class Build_gradle$1                                                                  : loaded 2 times (x 74B)
Class com.google.common.base.CharMatcher$Invisible                                    : loaded 2 times (x 108B)
Class org.gradle.internal.classloader.VisitableURLClassLoader$InstrumentingVisitableURLClassLoader: loaded 2 times (x 119B)
Class org.gradle.internal.classloader.VisitableURLClassLoader$Spec                    : loaded 2 times (x 70B)
Class org.gradle.internal.classpath.DefaultClassPath                                  : loaded 2 times (x 86B)
Class com.google.common.base.AbstractIterator                                         : loaded 2 times (x 76B)
Class com.google.common.base.CharMatcher$BitSetMatcher                                : loaded 2 times (x 108B)
Class com.google.common.base.CharMatcher$Ascii                                        : loaded 2 times (x 108B)
Class org.gradle.internal.classloader.ClassLoaderSpec                                 : loaded 2 times (x 67B)
Class com.google.common.base.CharMatcher$Or                                           : loaded 2 times (x 108B)
Class Settings_gradle$1$1                                                             : loaded 2 times (x 70B)
Class org.gradle.internal.classloader.VisitableURLClassLoader                         : loaded 2 times (x 113B)
Class Settings_gradle                                                                 : loaded 2 times (x 124B)
Class org.gradle.internal.Cast                                                        : loaded 2 times (x 67B)
Class org.gradle.api.Action                                                           : loaded 2 times (x 66B)
Class com.google.common.base.CharMatcher$FastMatcher                                  : loaded 2 times (x 107B)
Class com.google.common.base.Predicate                                                : loaded 2 times (x 66B)
Class org.gradle.internal.classpath.DefaultClassPath$ImmutableUniqueList$Builder      : loaded 2 times (x 71B)
Class com.google.common.base.CharMatcher$NegatedFastMatcher                           : loaded 2 times (x 109B)
Class com.google.common.base.AbstractIterator$1                                       : loaded 2 times (x 67B)
Class com.google.common.base.CharMatcher$Digit                                        : loaded 2 times (x 108B)
Class org.gradle.api.GradleException                                                  : loaded 2 times (x 78B)
Class com.google.common.collect.CollectPreconditions                                  : loaded 2 times (x 67B)
Class com.google.common.base.CharMatcher$JavaIsoControl                               : loaded 2 times (x 108B)
Class com.google.common.base.CharMatcher$JavaLowerCase                                : loaded 2 times (x 107B)
Class com.google.common.base.Splitter$1$1                                             : loaded 2 times (x 82B)
Class com.google.common.base.CharMatcher$Whitespace                                   : loaded 2 times (x 108B)
Class org.gradle.internal.IoActions                                                   : loaded 2 times (x 67B)
Class com.google.common.base.CharMatcher$SingleWidth                                  : loaded 2 times (x 108B)
Class org.gradle.internal.classloader.SystemClassLoaderSpec                           : loaded 2 times (x 67B)
Class com.google.common.base.CharMatcher$Negated                                      : loaded 2 times (x 109B)
Class com.google.common.base.CharMatcher$Is                                           : loaded 2 times (x 107B)
Class com.google.common.base.Preconditions                                            : loaded 2 times (x 67B)
Class com.google.common.base.CharMatcher                                              : loaded 2 times (x 107B)
Class com.google.common.base.CharMatcher$1                                            : loaded 2 times (x 109B)
Class com.google.common.base.CharMatcher$NamedFastMatcher                             : loaded 2 times (x 108B)
Class org.gradle.api.internal.classpath.GlobalCacheRootsProvider                      : loaded 2 times (x 66B)
Class com.google.common.base.CharMatcher$InRange                                      : loaded 2 times (x 107B)
Class Build_gradle                                                                    : loaded 2 times (x 68B)
Class org.gradle.internal.installation.CurrentGradleInstallationLocator               : loaded 2 times (x 67B)
Class com.google.common.collect.ImmutableList                                         : loaded 2 times (x 202B)
Class org.gradle.internal.service.DefaultServiceLocator                               : loaded 2 times (x 79B)
Class org.gradle.internal.installation.CurrentGradleInstallation                      : loaded 2 times (x 69B)
Class com.google.common.collect.ImmutableList$SubList                                 : loaded 2 times (x 204B)
Class org.gradle.util.internal.GUtil                                                  : loaded 2 times (x 67B)
Class org.gradle.internal.installation.GradleInstallation                             : loaded 2 times (x 71B)
Class com.google.common.base.Splitter$Strategy                                        : loaded 2 times (x 66B)

---------------  S Y S T E M  ---------------

OS:
 Windows 11 , 64 bit Build 26100 (10.0.26100.4202)
OS uptime: 11 days 12:32 hours
Hyper-V role detected

CPU: total 12 (initial active 12) (12 cores per cpu, 2 threads per core) family 25 model 68 stepping 1 microcode 0xa404105, cx8, cmov, fxsr, ht, mmx, 3dnowpref, sse, sse2, sse3, ssse3, sse4a, sse4.1, sse4.2, popcnt, lzcnt, tsc, tscinvbit, avx, avx2, aes, erms, clmul, bmi1, bmi2, adx, sha, fma, vzeroupper, clflush, clflushopt, hv, rdtscp, rdpid, fsrm, f16c, cet_ss
Processor Information for processor 0
  Max Mhz: 3301, Current Mhz: 3301, Mhz Limit: 3301
Processor Information for processor 1
  Max Mhz: 3301, Current Mhz: 2024, Mhz Limit: 3301
Processor Information for processor 2
  Max Mhz: 3301, Current Mhz: 3301, Mhz Limit: 3301
Processor Information for processor 3
  Max Mhz: 3301, Current Mhz: 2024, Mhz Limit: 3301
Processor Information for processor 4
  Max Mhz: 3301, Current Mhz: 2024, Mhz Limit: 3301
Processor Information for processor 5
  Max Mhz: 3301, Current Mhz: 2024, Mhz Limit: 3301
Processor Information for processor 6
  Max Mhz: 3301, Current Mhz: 2024, Mhz Limit: 3301
Processor Information for processor 7
  Max Mhz: 3301, Current Mhz: 2024, Mhz Limit: 3301
Processor Information for processor 8
  Max Mhz: 3301, Current Mhz: 3301, Mhz Limit: 3301
Processor Information for processor 9
  Max Mhz: 3301, Current Mhz: 2024, Mhz Limit: 3301
Processor Information for processor 10
  Max Mhz: 3301, Current Mhz: 2024, Mhz Limit: 3301
Processor Information for processor 11
  Max Mhz: 3301, Current Mhz: 2024, Mhz Limit: 3301

Memory: 4k page, system-wide physical 7484M (646M free)
TotalPageFile size 30012M (AvailPageFile size 23M)
current process WorkingSet (physical memory assigned to process): 349M, peak: 358M
current process commit charge ("private bytes"): 388M, peak: 402M

vm_info: OpenJDK 64-Bit Server VM (21.0.4+-12508038-b607.1) for windows-amd64 JRE (21.0.4+-12508038-b607.1), built on 2024-10-16T17:23:34Z by "builder" with MS VC++ 16.10 / 16.11 (VS2019)

END.
