#
# There is insufficient memory for the Java Runtime Environment to continue.
# Native memory allocation (malloc) failed to allocate 1070416 bytes. Error detail: Chunk::new
# Possible reasons:
#   The system is out of physical RAM or swap space
#   This process is running with CompressedOops enabled, and the Java Heap may be blocking the growth of the native heap
# Possible solutions:
#   Reduce memory load on the system
#   Increase physical memory or swap space
#   Check if swap backing store is full
#   Decrease Java heap size (-Xmx/-Xms)
#   Decrease number of Java threads
#   Decrease Java thread stack sizes (-Xss)
#   Set larger code cache with -XX:ReservedCodeCacheSize=
#   JVM is running with Unscaled Compressed Oops mode in which the Java heap is
#     placed in the first 4GB address space. The Java Heap base address is the
#     maximum limit for the native heap growth. Please use -XX:HeapBaseMinAddress
#     to set the Java Heap base and to place the Java Heap above 4GB virtual address.
# This output file may be truncated or incomplete.
#
#  Out of Memory Error (arena.cpp:168), pid=22316, tid=43924
#
# JRE version: OpenJDK Runtime Environment (21.0.4) (build 21.0.4+-12508038-b607.1)
# Java VM: OpenJDK 64-Bit Server VM (21.0.4+-12508038-b607.1, mixed mode, tiered, compressed oops, compressed class ptrs, g1 gc, windows-amd64)
# No core dump will be written. Minidumps are not enabled by default on client versions of Windows
#

---------------  S U M M A R Y ------------

Command Line: --add-opens=java.base/java.util=ALL-UNNAMED --add-opens=java.base/java.lang=ALL-UNNAMED --add-opens=java.base/java.lang.invoke=ALL-UNNAMED --add-opens=java.prefs/java.util.prefs=ALL-UNNAMED --add-exports=jdk.compiler/com.sun.tools.javac.api=ALL-UNNAMED --add-exports=jdk.compiler/com.sun.tools.javac.util=ALL-UNNAMED --add-opens=java.base/java.nio.charset=ALL-UNNAMED --add-opens=java.base/java.net=ALL-UNNAMED --add-opens=java.base/java.util.concurrent.atomic=ALL-UNNAMED -Xmx2048m -Dfile.encoding=UTF-8 -Duser.country=PH -Duser.language=en -Duser.variant -javaagent:C:\Users\Nitro\AndroidStudioProjects\MyApplication\wrapper\dists\gradle-8.10.2-bin\a04bxjujx95o3nb99gddekhwo\gradle-8.10.2\lib\agents\gradle-instrumentation-agent-8.10.2.jar org.gradle.launcher.daemon.bootstrap.GradleDaemon 8.10.2

Host: AMD Ryzen 5 7535HS with Radeon Graphics        , 12 cores, 7G,  Windows 11 , 64 bit Build 26100 (10.0.26100.4202)
Time: Mon Jun 30 23:45:47 2025 Malay Peninsula Standard Time elapsed time: 7.040206 seconds (0d 0h 0m 7s)

---------------  T H R E A D  ---------------

Current thread (0x000001de1b02f620):  JavaThread "C2 CompilerThread1" daemon [_thread_in_native, id=43924, stack(0x000000c35a300000,0x000000c35a400000) (1024K)]


Current CompileTask:
C2:   7040 6530       4       java.lang.invoke.MethodType::makeImpl (109 bytes)

Stack: [0x000000c35a300000,0x000000c35a400000]
Native frames: (J=compiled Java code, j=interpreted, Vv=VM code, C=native code)
V  [jvm.dll+0x6ce539]
V  [jvm.dll+0x85bf03]
V  [jvm.dll+0x85e45e]
V  [jvm.dll+0x85eb43]
V  [jvm.dll+0x27dd06]
V  [jvm.dll+0xbf9cd]
V  [jvm.dll+0xbff03]
V  [jvm.dll+0x2f19c1]
V  [jvm.dll+0x5f8d79]
V  [jvm.dll+0x2503d2]
V  [jvm.dll+0x248e4a]
V  [jvm.dll+0x2468be]
V  [jvm.dll+0x1c58a4]
V  [jvm.dll+0x255fec]
V  [jvm.dll+0x254536]
V  [jvm.dll+0x3efab6]
V  [jvm.dll+0x804418]
V  [jvm.dll+0x6cce0d]
C  [ucrtbase.dll+0x37b0]
C  [KERNEL32.DLL+0x2e8d7]
C  [ntdll.dll+0x3c34c]


---------------  P R O C E S S  ---------------

Threads class SMR info:
_java_thread_list=0x000001de1d6e24a0, length=55, elements={
0x000001de7a7036f0, 0x000001de14474e70, 0x000001de14476440, 0x000001de144616d0,
0x000001de1447ee90, 0x000001de14488fe0, 0x000001de144922a0, 0x000001de1449b040,
0x000001de1449bae0, 0x000001de145658b0, 0x000001de14563150, 0x000001de14565220,
0x000001de145637e0, 0x000001de14562ac0, 0x000001de14563e70, 0x000001de14564b90,
0x000001de1a9ec140, 0x000001de1a9ece60, 0x000001de1a9edb80, 0x000001de1a9ed4f0,
0x000001de1a9eb420, 0x000001de1a9ea700, 0x000001de1a9ead90, 0x000001de1a9ebab0,
0x000001de1b02f620, 0x000001de1c2e3a10, 0x000001de1c2e2cf0, 0x000001de1c2e3380,
0x000001de1c2e40a0, 0x000001de1c2e0c20, 0x000001de1c2e4730, 0x000001de1c2e12b0,
0x000001de1c2e4dc0, 0x000001de1c2e7520, 0x000001de1c2e7bb0, 0x000001de1c2e8240,
0x000001de1e790c50, 0x000001de1e791970, 0x000001de1e792690, 0x000001de1e78f210,
0x000001de1e7912e0, 0x000001de1e792000, 0x000001de1e792d20, 0x000001de1e78ff30,
0x000001de1e78f8a0, 0x000001de1e7905c0, 0x000001de1e7940d0, 0x000001de1e7961a0,
0x000001de1e793a40, 0x000001de1e796830, 0x000001de1e794df0, 0x000001de1e7933b0,
0x000001de1e794760, 0x000001de1e795b10, 0x000001de1e795480
}

Java Threads: ( => current thread )
  0x000001de7a7036f0 JavaThread "main"                              [_thread_blocked, id=39912, stack(0x000000c357900000,0x000000c357a00000) (1024K)]
  0x000001de14474e70 JavaThread "Reference Handler"          daemon [_thread_blocked, id=21572, stack(0x000000c358100000,0x000000c358200000) (1024K)]
  0x000001de14476440 JavaThread "Finalizer"                  daemon [_thread_blocked, id=27004, stack(0x000000c358200000,0x000000c358300000) (1024K)]
  0x000001de144616d0 JavaThread "Signal Dispatcher"          daemon [_thread_blocked, id=47216, stack(0x000000c358300000,0x000000c358400000) (1024K)]
  0x000001de1447ee90 JavaThread "Attach Listener"            daemon [_thread_blocked, id=59032, stack(0x000000c358400000,0x000000c358500000) (1024K)]
  0x000001de14488fe0 JavaThread "Service Thread"             daemon [_thread_blocked, id=58788, stack(0x000000c358500000,0x000000c358600000) (1024K)]
  0x000001de144922a0 JavaThread "Monitor Deflation Thread"   daemon [_thread_blocked, id=59252, stack(0x000000c358600000,0x000000c358700000) (1024K)]
  0x000001de1449b040 JavaThread "C2 CompilerThread0"         daemon [_thread_in_native, id=24820, stack(0x000000c358700000,0x000000c358800000) (1024K)]
  0x000001de1449bae0 JavaThread "C1 CompilerThread0"         daemon [_thread_in_native, id=41816, stack(0x000000c358800000,0x000000c358900000) (1024K)]
  0x000001de145658b0 JavaThread "Common-Cleaner"             daemon [_thread_blocked, id=44664, stack(0x000000c358900000,0x000000c358a00000) (1024K)]
  0x000001de14563150 JavaThread "Notification Thread"        daemon [_thread_blocked, id=44708, stack(0x000000c358a00000,0x000000c358b00000) (1024K)]
  0x000001de14565220 JavaThread "Daemon health stats"               [_thread_blocked, id=49492, stack(0x000000c358f00000,0x000000c359000000) (1024K)]
  0x000001de145637e0 JavaThread "Incoming local TCP Connector on port 51380"        [_thread_in_native, id=55300, stack(0x000000c359000000,0x000000c359100000) (1024K)]
  0x000001de14562ac0 JavaThread "Daemon periodic checks"            [_thread_blocked, id=41320, stack(0x000000c359100000,0x000000c359200000) (1024K)]
  0x000001de14563e70 JavaThread "Daemon"                            [_thread_blocked, id=49628, stack(0x000000c359200000,0x000000c359300000) (1024K)]
  0x000001de14564b90 JavaThread "Handler for socket connection from /127.0.0.1:51380 to /127.0.0.1:51381"        [_thread_in_native, id=51984, stack(0x000000c359300000,0x000000c359400000) (1024K)]
  0x000001de1a9ec140 JavaThread "Cancel handler"                    [_thread_blocked, id=50476, stack(0x000000c359400000,0x000000c359500000) (1024K)]
  0x000001de1a9ece60 JavaThread "Daemon worker"                     [_thread_blocked, id=58608, stack(0x000000c359500000,0x000000c359600000) (1024K)]
  0x000001de1a9edb80 JavaThread "Asynchronous log dispatcher for DefaultDaemonConnection: socket connection from /127.0.0.1:51380 to /127.0.0.1:51381"        [_thread_blocked, id=46776, stack(0x000000c359600000,0x000000c359700000) (1024K)]
  0x000001de1a9ed4f0 JavaThread "Stdin handler"                     [_thread_blocked, id=52684, stack(0x000000c359700000,0x000000c359800000) (1024K)]
  0x000001de1a9eb420 JavaThread "Daemon client event forwarder"        [_thread_blocked, id=58288, stack(0x000000c359800000,0x000000c359900000) (1024K)]
  0x000001de1a9ea700 JavaThread "Cache worker for journal cache (C:\Users\Nitro\AndroidStudioProjects\MyApplication\caches\journal-1)"        [_thread_blocked, id=53864, stack(0x000000c35a000000,0x000000c35a100000) (1024K)]
  0x000001de1a9ead90 JavaThread "File lock request listener"        [_thread_in_native, id=51844, stack(0x000000c35a100000,0x000000c35a200000) (1024K)]
  0x000001de1a9ebab0 JavaThread "Cache worker for file hash cache (C:\Users\Nitro\AndroidStudioProjects\MyApplication\caches\8.10.2\fileHashes)"        [_thread_in_native, id=54268, stack(0x000000c35a200000,0x000000c35a300000) (1024K)]
=>0x000001de1b02f620 JavaThread "C2 CompilerThread1"         daemon [_thread_in_native, id=43924, stack(0x000000c35a300000,0x000000c35a400000) (1024K)]
  0x000001de1c2e3a10 JavaThread "Cache worker for file hash cache (C:\Coding\HereOAttendance\.gradle\8.10.2\fileHashes)"        [_thread_blocked, id=46452, stack(0x000000c35a400000,0x000000c35a500000) (1024K)]
  0x000001de1c2e2cf0 JavaThread "Cache worker for Build Output Cleanup Cache (C:\Coding\HereOAttendance\.gradle\buildOutputCleanup)"        [_thread_blocked, id=59212, stack(0x000000c35a500000,0x000000c35a600000) (1024K)]
  0x000001de1c2e3380 JavaThread "File watcher server"        daemon [_thread_in_native, id=54816, stack(0x000000c35a600000,0x000000c35a700000) (1024K)]
  0x000001de1c2e40a0 JavaThread "File watcher consumer"      daemon [_thread_blocked, id=9564, stack(0x000000c35a700000,0x000000c35a800000) (1024K)]
  0x000001de1c2e0c20 JavaThread "Cache worker for checksums cache (C:\Coding\HereOAttendance\.gradle\8.10.2\checksums)"        [_thread_blocked, id=47320, stack(0x000000c35a800000,0x000000c35a900000) (1024K)]
  0x000001de1c2e4730 JavaThread "Cache worker for file content cache (C:\Users\Nitro\AndroidStudioProjects\MyApplication\caches\8.10.2\fileContent)"        [_thread_blocked, id=45724, stack(0x000000c35a900000,0x000000c35aa00000) (1024K)]
  0x000001de1c2e12b0 JavaThread "Cache worker for cache directory md-rule (C:\Users\Nitro\AndroidStudioProjects\MyApplication\caches\8.10.2\md-rule)"        [_thread_blocked, id=59092, stack(0x000000c35aa00000,0x000000c35ab00000) (1024K)]
  0x000001de1c2e4dc0 JavaThread "Cache worker for cache directory md-supplier (C:\Users\Nitro\AndroidStudioProjects\MyApplication\caches\8.10.2\md-supplier)"        [_thread_blocked, id=54612, stack(0x000000c35ab00000,0x000000c35ac00000) (1024K)]
  0x000001de1c2e7520 JavaThread "Unconstrained build operations"        [_thread_blocked, id=47868, stack(0x000000c35ac00000,0x000000c35ad00000) (1024K)]
  0x000001de1c2e7bb0 JavaThread "Unconstrained build operations Thread 2"        [_thread_blocked, id=47400, stack(0x000000c35ad00000,0x000000c35ae00000) (1024K)]
  0x000001de1c2e8240 JavaThread "Unconstrained build operations Thread 3"        [_thread_blocked, id=56332, stack(0x000000c35ae00000,0x000000c35af00000) (1024K)]
  0x000001de1e790c50 JavaThread "Unconstrained build operations Thread 4"        [_thread_blocked, id=21948, stack(0x000000c35af00000,0x000000c35b000000) (1024K)]
  0x000001de1e791970 JavaThread "Unconstrained build operations Thread 5"        [_thread_blocked, id=58784, stack(0x000000c35b000000,0x000000c35b100000) (1024K)]
  0x000001de1e792690 JavaThread "Unconstrained build operations Thread 6"        [_thread_blocked, id=59036, stack(0x000000c35b100000,0x000000c35b200000) (1024K)]
  0x000001de1e78f210 JavaThread "Unconstrained build operations Thread 7"        [_thread_blocked, id=57304, stack(0x000000c35b200000,0x000000c35b300000) (1024K)]
  0x000001de1e7912e0 JavaThread "Unconstrained build operations Thread 8"        [_thread_blocked, id=55776, stack(0x000000c35b300000,0x000000c35b400000) (1024K)]
  0x000001de1e792000 JavaThread "Unconstrained build operations Thread 9"        [_thread_blocked, id=53504, stack(0x000000c35b400000,0x000000c35b500000) (1024K)]
  0x000001de1e792d20 JavaThread "Unconstrained build operations Thread 10"        [_thread_blocked, id=51912, stack(0x000000c35b500000,0x000000c35b600000) (1024K)]
  0x000001de1e78ff30 JavaThread "Unconstrained build operations Thread 11"        [_thread_blocked, id=20772, stack(0x000000c35b600000,0x000000c35b700000) (1024K)]
  0x000001de1e78f8a0 JavaThread "Unconstrained build operations Thread 12"        [_thread_blocked, id=55728, stack(0x000000c35b700000,0x000000c35b800000) (1024K)]
  0x000001de1e7905c0 JavaThread "Unconstrained build operations Thread 13"        [_thread_blocked, id=37912, stack(0x000000c35b800000,0x000000c35b900000) (1024K)]
  0x000001de1e7940d0 JavaThread "Unconstrained build operations Thread 14"        [_thread_blocked, id=44884, stack(0x000000c35b900000,0x000000c35ba00000) (1024K)]
  0x000001de1e7961a0 JavaThread "Unconstrained build operations Thread 15"        [_thread_blocked, id=54480, stack(0x000000c35ba00000,0x000000c35bb00000) (1024K)]
  0x000001de1e793a40 JavaThread "Unconstrained build operations Thread 16"        [_thread_in_Java, id=47376, stack(0x000000c35bb00000,0x000000c35bc00000) (1024K)]
  0x000001de1e796830 JavaThread "Unconstrained build operations Thread 17"        [_thread_blocked, id=55856, stack(0x000000c35bc00000,0x000000c35bd00000) (1024K)]
  0x000001de1e794df0 JavaThread "Unconstrained build operations Thread 18"        [_thread_blocked, id=56804, stack(0x000000c35bd00000,0x000000c35be00000) (1024K)]
  0x000001de1e7933b0 JavaThread "Unconstrained build operations Thread 19"        [_thread_in_native, id=4708, stack(0x000000c35be00000,0x000000c35bf00000) (1024K)]
  0x000001de1e794760 JavaThread "Unconstrained build operations Thread 20"        [_thread_blocked, id=44128, stack(0x000000c35bf00000,0x000000c35c000000) (1024K)]
  0x000001de1e795b10 JavaThread "Unconstrained build operations Thread 21"        [_thread_blocked, id=25660, stack(0x000000c35c000000,0x000000c35c100000) (1024K)]
  0x000001de1e795480 JavaThread "Unconstrained build operations Thread 22"        [_thread_blocked, id=48992, stack(0x000000c35c100000,0x000000c35c200000) (1024K)]
Total: 55

Other Threads:
  0x000001de139f94d0 VMThread "VM Thread"                           [id=49772, stack(0x000000c358000000,0x000000c358100000) (1024K)]
  0x000001de139c25e0 WatcherThread "VM Periodic Task Thread"        [id=58200, stack(0x000000c357f00000,0x000000c358000000) (1024K)]
  0x000001de7a5de060 WorkerThread "GC Thread#0"                     [id=45876, stack(0x000000c357a00000,0x000000c357b00000) (1024K)]
  0x000001de190dc300 WorkerThread "GC Thread#1"                     [id=46824, stack(0x000000c358b00000,0x000000c358c00000) (1024K)]
  0x000001de193523d0 WorkerThread "GC Thread#2"                     [id=53520, stack(0x000000c358c00000,0x000000c358d00000) (1024K)]
  0x000001de19afe9f0 WorkerThread "GC Thread#3"                     [id=21780, stack(0x000000c358d00000,0x000000c358e00000) (1024K)]
  0x000001de19b2a1f0 WorkerThread "GC Thread#4"                     [id=57256, stack(0x000000c358e00000,0x000000c358f00000) (1024K)]
  0x000001de1aae1d80 WorkerThread "GC Thread#5"                     [id=59176, stack(0x000000c359900000,0x000000c359a00000) (1024K)]
  0x000001de1aae2120 WorkerThread "GC Thread#6"                     [id=49392, stack(0x000000c359a00000,0x000000c359b00000) (1024K)]
  0x000001de1aae24c0 WorkerThread "GC Thread#7"                     [id=48060, stack(0x000000c359b00000,0x000000c359c00000) (1024K)]
  0x000001de1aae8220 WorkerThread "GC Thread#8"                     [id=41504, stack(0x000000c359c00000,0x000000c359d00000) (1024K)]
  0x000001de1aae7740 WorkerThread "GC Thread#9"                     [id=55100, stack(0x000000c359d00000,0x000000c359e00000) (1024K)]
  0x000001de7a7698b0 ConcurrentGCThread "G1 Main Marker"            [id=36168, stack(0x000000c357b00000,0x000000c357c00000) (1024K)]
  0x000001de7a76b100 WorkerThread "G1 Conc#0"                       [id=17464, stack(0x000000c357c00000,0x000000c357d00000) (1024K)]
  0x000001de1aae6c60 WorkerThread "G1 Conc#1"                       [id=50980, stack(0x000000c359e00000,0x000000c359f00000) (1024K)]
  0x000001de1aae7ae0 WorkerThread "G1 Conc#2"                       [id=16876, stack(0x000000c359f00000,0x000000c35a000000) (1024K)]
  0x000001de13892060 ConcurrentGCThread "G1 Refine#0"               [id=58640, stack(0x000000c357d00000,0x000000c357e00000) (1024K)]
  0x000001de13892880 ConcurrentGCThread "G1 Service"                [id=52324, stack(0x000000c357e00000,0x000000c357f00000) (1024K)]
Total: 18

Threads with active compile tasks:
C2 CompilerThread0     7101 6531       4       java.lang.invoke.MethodType::methodType (69 bytes)
C2 CompilerThread1     7101 6530       4       java.lang.invoke.MethodType::makeImpl (109 bytes)
Total: 2

VM state: not at safepoint (normal execution)

VM Mutex/Monitor currently owned by a thread: None

Heap address: 0x0000000080000000, size: 2048 MB, Compressed Oops mode: 32-bit

CDS archive(s) not mapped
Compressed class space mapped at: 0x0000000100000000-0x0000000140000000, reserved size: 1073741824
Narrow klass base: 0x0000000000000000, Narrow klass shift: 3, Narrow klass range: 0x140000000

GC Precious Log:
 CardTable entry size: 512
 Card Set container configuration: InlinePtr #cards 5 size 8 Array Of Cards #cards 12 size 40 Howl #buckets 4 coarsen threshold 1843 Howl Bitmap #cards 512 size 80 coarsen threshold 460 Card regions per heap region 1 cards per card region 2048
 CPUs: 12 total, 12 available
 Memory: 7484M
 Large Page Support: Disabled
 NUMA Support: Disabled
 Compressed Oops: Enabled (32-bit)
 Heap Region Size: 1M
 Heap Min Capacity: 8M
 Heap Initial Capacity: 118M
 Heap Max Capacity: 2G
 Pre-touch: Disabled
 Parallel Workers: 10
 Concurrent Workers: 3
 Concurrent Refinement Workers: 10
 Periodic GC: Disabled

Heap:
 garbage-first heap   total 96256K, used 80488K [0x0000000080000000, 0x0000000100000000)
  region size 1024K, 46 young (47104K), 6 survivors (6144K)
 Metaspace       used 65973K, committed 67648K, reserved 1114112K
  class space    used 9020K, committed 9856K, reserved 1048576K

Heap Regions: E=young(eden), S=young(survivor), O=old, HS=humongous(starts), HC=humongous(continues), CS=collection set, F=free, TAMS=top-at-mark-start, PB=parsable bottom
|   0|0x0000000080000000, 0x0000000080100000, 0x0000000080100000|100%| O|  |TAMS 0x0000000080000000| PB 0x0000000080000000| Untracked 
|   1|0x0000000080100000, 0x0000000080200000, 0x0000000080200000|100%|HS|  |TAMS 0x0000000080100000| PB 0x0000000080100000| Complete 
|   2|0x0000000080200000, 0x0000000080300000, 0x0000000080300000|100%|HC|  |TAMS 0x0000000080200000| PB 0x0000000080200000| Complete 
|   3|0x0000000080300000, 0x0000000080400000, 0x0000000080400000|100%|HC|  |TAMS 0x0000000080300000| PB 0x0000000080300000| Complete 
|   4|0x0000000080400000, 0x0000000080500000, 0x0000000080500000|100%|HC|  |TAMS 0x0000000080400000| PB 0x0000000080400000| Complete 
|   5|0x0000000080500000, 0x0000000080600000, 0x0000000080600000|100%| O|  |TAMS 0x0000000080500000| PB 0x0000000080500000| Untracked 
|   6|0x0000000080600000, 0x0000000080700000, 0x0000000080700000|100%| O|  |TAMS 0x0000000080600000| PB 0x0000000080600000| Untracked 
|   7|0x0000000080700000, 0x0000000080800000, 0x0000000080800000|100%| O|  |TAMS 0x0000000080700000| PB 0x0000000080700000| Untracked 
|   8|0x0000000080800000, 0x0000000080900000, 0x0000000080900000|100%|HS|  |TAMS 0x0000000080800000| PB 0x0000000080800000| Complete 
|   9|0x0000000080900000, 0x0000000080a00000, 0x0000000080a00000|100%| O|  |TAMS 0x0000000080900000| PB 0x0000000080900000| Untracked 
|  10|0x0000000080a00000, 0x0000000080b00000, 0x0000000080b00000|100%| O|  |TAMS 0x0000000080a00000| PB 0x0000000080a00000| Untracked 
|  11|0x0000000080b00000, 0x0000000080c00000, 0x0000000080c00000|100%| O|  |TAMS 0x0000000080b00000| PB 0x0000000080b00000| Untracked 
|  12|0x0000000080c00000, 0x0000000080d00000, 0x0000000080d00000|100%| O|  |TAMS 0x0000000080c00000| PB 0x0000000080c00000| Untracked 
|  13|0x0000000080d00000, 0x0000000080e00000, 0x0000000080e00000|100%| O|  |TAMS 0x0000000080d00000| PB 0x0000000080d00000| Untracked 
|  14|0x0000000080e00000, 0x0000000080f00000, 0x0000000080f00000|100%| O|  |TAMS 0x0000000080e00000| PB 0x0000000080e00000| Untracked 
|  15|0x0000000080f00000, 0x0000000081000000, 0x0000000081000000|100%| O|  |TAMS 0x0000000080f00000| PB 0x0000000080f00000| Untracked 
|  16|0x0000000081000000, 0x0000000081100000, 0x0000000081100000|100%| O|  |TAMS 0x0000000081000000| PB 0x0000000081000000| Untracked 
|  17|0x0000000081100000, 0x0000000081200000, 0x0000000081200000|100%| O|  |TAMS 0x0000000081100000| PB 0x0000000081100000| Untracked 
|  18|0x0000000081200000, 0x0000000081300000, 0x0000000081300000|100%| O|  |TAMS 0x0000000081200000| PB 0x0000000081200000| Untracked 
|  19|0x0000000081300000, 0x0000000081400000, 0x0000000081400000|100%| O|  |TAMS 0x0000000081300000| PB 0x0000000081300000| Untracked 
|  20|0x0000000081400000, 0x0000000081500000, 0x0000000081500000|100%| O|  |TAMS 0x0000000081400000| PB 0x0000000081400000| Untracked 
|  21|0x0000000081500000, 0x0000000081600000, 0x0000000081600000|100%| O|  |TAMS 0x0000000081500000| PB 0x0000000081500000| Untracked 
|  22|0x0000000081600000, 0x000000008166fe30, 0x0000000081700000| 43%| O|  |TAMS 0x0000000081600000| PB 0x0000000081600000| Untracked 
|  23|0x0000000081700000, 0x0000000081800000, 0x0000000081800000|100%| O|  |TAMS 0x0000000081700000| PB 0x0000000081700000| Untracked 
|  24|0x0000000081800000, 0x0000000081900000, 0x0000000081900000|100%| O|  |TAMS 0x0000000081800000| PB 0x0000000081800000| Untracked 
|  25|0x0000000081900000, 0x0000000081a00000, 0x0000000081a00000|100%| O|  |TAMS 0x0000000081900000| PB 0x0000000081900000| Untracked 
|  26|0x0000000081a00000, 0x0000000081b00000, 0x0000000081b00000|100%| O|  |TAMS 0x0000000081a00000| PB 0x0000000081a00000| Untracked 
|  27|0x0000000081b00000, 0x0000000081c00000, 0x0000000081c00000|100%| O|  |TAMS 0x0000000081b00000| PB 0x0000000081b00000| Untracked 
|  28|0x0000000081c00000, 0x0000000081d00000, 0x0000000081d00000|100%| O|  |TAMS 0x0000000081c00000| PB 0x0000000081c00000| Untracked 
|  29|0x0000000081d00000, 0x0000000081e00000, 0x0000000081e00000|100%| O|  |TAMS 0x0000000081d00000| PB 0x0000000081d00000| Untracked 
|  30|0x0000000081e00000, 0x0000000081f00000, 0x0000000081f00000|100%| O|CS|TAMS 0x0000000081e00000| PB 0x0000000081e00000| Complete 
|  31|0x0000000081f00000, 0x0000000081f00000, 0x0000000082000000|  0%| F|  |TAMS 0x0000000081f00000| PB 0x0000000081f00000| Untracked 
|  32|0x0000000082000000, 0x0000000082000000, 0x0000000082100000|  0%| F|  |TAMS 0x0000000082000000| PB 0x0000000082000000| Untracked 
|  33|0x0000000082100000, 0x000000008212a390, 0x0000000082200000| 16%| E|CS|TAMS 0x0000000082100000| PB 0x0000000082100000| Complete 
|  34|0x0000000082200000, 0x0000000082300000, 0x0000000082300000|100%| E|CS|TAMS 0x0000000082200000| PB 0x0000000082200000| Complete 
|  35|0x0000000082300000, 0x0000000082400000, 0x0000000082400000|100%| E|CS|TAMS 0x0000000082300000| PB 0x0000000082300000| Complete 
|  36|0x0000000082400000, 0x0000000082500000, 0x0000000082500000|100%| E|CS|TAMS 0x0000000082400000| PB 0x0000000082400000| Complete 
|  37|0x0000000082500000, 0x0000000082600000, 0x0000000082600000|100%| E|CS|TAMS 0x0000000082500000| PB 0x0000000082500000| Complete 
|  38|0x0000000082600000, 0x0000000082700000, 0x0000000082700000|100%| E|CS|TAMS 0x0000000082600000| PB 0x0000000082600000| Complete 
|  39|0x0000000082700000, 0x0000000082700000, 0x0000000082800000|  0%| F|  |TAMS 0x0000000082700000| PB 0x0000000082700000| Untracked 
|  40|0x0000000082800000, 0x0000000082800000, 0x0000000082900000|  0%| F|  |TAMS 0x0000000082800000| PB 0x0000000082800000| Untracked 
|  41|0x0000000082900000, 0x0000000082900000, 0x0000000082a00000|  0%| F|  |TAMS 0x0000000082900000| PB 0x0000000082900000| Untracked 
|  42|0x0000000082a00000, 0x0000000082a00000, 0x0000000082b00000|  0%| F|  |TAMS 0x0000000082a00000| PB 0x0000000082a00000| Untracked 
|  43|0x0000000082b00000, 0x0000000082b00000, 0x0000000082c00000|  0%| F|  |TAMS 0x0000000082b00000| PB 0x0000000082b00000| Untracked 
|  44|0x0000000082c00000, 0x0000000082c00000, 0x0000000082d00000|  0%| F|  |TAMS 0x0000000082c00000| PB 0x0000000082c00000| Untracked 
|  45|0x0000000082d00000, 0x0000000082d00000, 0x0000000082e00000|  0%| F|  |TAMS 0x0000000082d00000| PB 0x0000000082d00000| Untracked 
|  46|0x0000000082e00000, 0x0000000082e00000, 0x0000000082f00000|  0%| F|  |TAMS 0x0000000082e00000| PB 0x0000000082e00000| Untracked 
|  47|0x0000000082f00000, 0x0000000082f00000, 0x0000000083000000|  0%| F|  |TAMS 0x0000000082f00000| PB 0x0000000082f00000| Untracked 
|  48|0x0000000083000000, 0x00000000830fa4b0, 0x0000000083100000| 97%| S|  |TAMS 0x0000000083000000| PB 0x0000000083000000| Complete 
|  49|0x0000000083100000, 0x0000000083200000, 0x0000000083200000|100%| E|CS|TAMS 0x0000000083100000| PB 0x0000000083100000| Complete 
|  50|0x0000000083200000, 0x0000000083300000, 0x0000000083300000|100%| E|CS|TAMS 0x0000000083200000| PB 0x0000000083200000| Complete 
|  51|0x0000000083300000, 0x0000000083400000, 0x0000000083400000|100%| E|CS|TAMS 0x0000000083300000| PB 0x0000000083300000| Complete 
|  52|0x0000000083400000, 0x0000000083500000, 0x0000000083500000|100%| E|CS|TAMS 0x0000000083400000| PB 0x0000000083400000| Complete 
|  53|0x0000000083500000, 0x0000000083600000, 0x0000000083600000|100%| E|CS|TAMS 0x0000000083500000| PB 0x0000000083500000| Complete 
|  54|0x0000000083600000, 0x0000000083700000, 0x0000000083700000|100%| E|CS|TAMS 0x0000000083600000| PB 0x0000000083600000| Complete 
|  55|0x0000000083700000, 0x0000000083800000, 0x0000000083800000|100%| E|CS|TAMS 0x0000000083700000| PB 0x0000000083700000| Complete 
|  56|0x0000000083800000, 0x0000000083900000, 0x0000000083900000|100%| E|CS|TAMS 0x0000000083800000| PB 0x0000000083800000| Complete 
|  57|0x0000000083900000, 0x0000000083a00000, 0x0000000083a00000|100%| E|CS|TAMS 0x0000000083900000| PB 0x0000000083900000| Complete 
|  58|0x0000000083a00000, 0x0000000083b00000, 0x0000000083b00000|100%| E|CS|TAMS 0x0000000083a00000| PB 0x0000000083a00000| Complete 
|  59|0x0000000083b00000, 0x0000000083c00000, 0x0000000083c00000|100%| E|CS|TAMS 0x0000000083b00000| PB 0x0000000083b00000| Complete 
|  60|0x0000000083c00000, 0x0000000083d00000, 0x0000000083d00000|100%| E|CS|TAMS 0x0000000083c00000| PB 0x0000000083c00000| Complete 
|  61|0x0000000083d00000, 0x0000000083e00000, 0x0000000083e00000|100%| E|CS|TAMS 0x0000000083d00000| PB 0x0000000083d00000| Complete 
|  62|0x0000000083e00000, 0x0000000083f00000, 0x0000000083f00000|100%| E|CS|TAMS 0x0000000083e00000| PB 0x0000000083e00000| Complete 
|  63|0x0000000083f00000, 0x0000000084000000, 0x0000000084000000|100%| E|CS|TAMS 0x0000000083f00000| PB 0x0000000083f00000| Complete 
|  64|0x0000000084000000, 0x0000000084100000, 0x0000000084100000|100%| E|CS|TAMS 0x0000000084000000| PB 0x0000000084000000| Complete 
|  65|0x0000000084100000, 0x0000000084200000, 0x0000000084200000|100%| E|CS|TAMS 0x0000000084100000| PB 0x0000000084100000| Complete 
|  66|0x0000000084200000, 0x0000000084300000, 0x0000000084300000|100%| E|CS|TAMS 0x0000000084200000| PB 0x0000000084200000| Complete 
|  67|0x0000000084300000, 0x0000000084400000, 0x0000000084400000|100%| E|CS|TAMS 0x0000000084300000| PB 0x0000000084300000| Complete 
|  68|0x0000000084400000, 0x0000000084500000, 0x0000000084500000|100%| E|CS|TAMS 0x0000000084400000| PB 0x0000000084400000| Complete 
|  69|0x0000000084500000, 0x0000000084600000, 0x0000000084600000|100%| E|CS|TAMS 0x0000000084500000| PB 0x0000000084500000| Complete 
|  70|0x0000000084600000, 0x0000000084700000, 0x0000000084700000|100%| E|CS|TAMS 0x0000000084600000| PB 0x0000000084600000| Complete 
|  71|0x0000000084700000, 0x0000000084800000, 0x0000000084800000|100%| E|CS|TAMS 0x0000000084700000| PB 0x0000000084700000| Complete 
|  72|0x0000000084800000, 0x0000000084900000, 0x0000000084900000|100%| E|CS|TAMS 0x0000000084800000| PB 0x0000000084800000| Complete 
|  73|0x0000000084900000, 0x0000000084a00000, 0x0000000084a00000|100%| E|CS|TAMS 0x0000000084900000| PB 0x0000000084900000| Complete 
|  74|0x0000000084a00000, 0x0000000084b00000, 0x0000000084b00000|100%| E|CS|TAMS 0x0000000084a00000| PB 0x0000000084a00000| Complete 
|  75|0x0000000084b00000, 0x0000000084c00000, 0x0000000084c00000|100%| E|CS|TAMS 0x0000000084b00000| PB 0x0000000084b00000| Complete 
|  76|0x0000000084c00000, 0x0000000084d00000, 0x0000000084d00000|100%| E|CS|TAMS 0x0000000084c00000| PB 0x0000000084c00000| Complete 
|  77|0x0000000084d00000, 0x0000000084e00000, 0x0000000084e00000|100%| E|CS|TAMS 0x0000000084d00000| PB 0x0000000084d00000| Complete 
|  78|0x0000000084e00000, 0x0000000084f00000, 0x0000000084f00000|100%| E|CS|TAMS 0x0000000084e00000| PB 0x0000000084e00000| Complete 
|  79|0x0000000084f00000, 0x0000000085000000, 0x0000000085000000|100%| E|CS|TAMS 0x0000000084f00000| PB 0x0000000084f00000| Complete 
|  80|0x0000000085000000, 0x0000000085100000, 0x0000000085100000|100%| E|CS|TAMS 0x0000000085000000| PB 0x0000000085000000| Complete 
|  81|0x0000000085100000, 0x0000000085200000, 0x0000000085200000|100%| E|CS|TAMS 0x0000000085100000| PB 0x0000000085100000| Complete 
|  82|0x0000000085200000, 0x0000000085300000, 0x0000000085300000|100%| E|CS|TAMS 0x0000000085200000| PB 0x0000000085200000| Complete 
|  83|0x0000000085300000, 0x0000000085400000, 0x0000000085400000|100%| E|CS|TAMS 0x0000000085300000| PB 0x0000000085300000| Complete 
|  93|0x0000000085d00000, 0x0000000085e00000, 0x0000000085e00000|100%| E|CS|TAMS 0x0000000085d00000| PB 0x0000000085d00000| Complete 
|  94|0x0000000085e00000, 0x0000000085f00000, 0x0000000085f00000|100%| E|CS|TAMS 0x0000000085e00000| PB 0x0000000085e00000| Complete 
|  95|0x0000000085f00000, 0x0000000086000000, 0x0000000086000000|100%| E|CS|TAMS 0x0000000085f00000| PB 0x0000000085f00000| Complete 
|  97|0x0000000086100000, 0x0000000086200000, 0x0000000086200000|100%| E|CS|TAMS 0x0000000086100000| PB 0x0000000086100000| Complete 
| 117|0x0000000087500000, 0x0000000087600000, 0x0000000087600000|100%| E|CS|TAMS 0x0000000087500000| PB 0x0000000087500000| Complete 
|2043|0x00000000ffb00000, 0x00000000ffc00000, 0x00000000ffc00000|100%| O|  |TAMS 0x00000000ffb00000| PB 0x00000000ffb00000| Untracked 
|2044|0x00000000ffc00000, 0x00000000ffd00000, 0x00000000ffd00000|100%| O|  |TAMS 0x00000000ffc00000| PB 0x00000000ffc00000| Untracked 
|2045|0x00000000ffd00000, 0x00000000ffe00000, 0x00000000ffe00000|100%| O|  |TAMS 0x00000000ffd00000| PB 0x00000000ffd00000| Untracked 
|2046|0x00000000ffe00000, 0x00000000fff00000, 0x00000000fff00000|100%| O|  |TAMS 0x00000000ffe00000| PB 0x00000000ffe00000| Untracked 
|2047|0x00000000fff00000, 0x0000000100000000, 0x0000000100000000|100%| O|  |TAMS 0x00000000fff00000| PB 0x00000000fff00000| Untracked 

Card table byte_map: [0x000001de0f400000,0x000001de0f800000] _byte_map_base: 0x000001de0f000000

Marking Bits: (CMBitMap*) 0x000001de7a5de670
 Bits: [0x000001de0f800000, 0x000001de11800000)

Polling page: 0x000001de7a7a0000

Metaspace:

Usage:
  Non-class:     55.62 MB used.
      Class:      8.81 MB used.
       Both:     64.43 MB used.

Virtual space:
  Non-class space:       64.00 MB reserved,      56.44 MB ( 88%) committed,  1 nodes.
      Class space:        1.00 GB reserved,       9.62 MB ( <1%) committed,  1 nodes.
             Both:        1.06 GB reserved,      66.06 MB (  6%) committed. 

Chunk freelists:
   Non-Class:  7.55 MB
       Class:  6.33 MB
        Both:  13.88 MB

MaxMetaspaceSize: unlimited
CompressedClassSpaceSize: 1.00 GB
Initial GC threshold: 21.00 MB
Current GC threshold: 98.88 MB
CDS: off
 - commit_granule_bytes: 65536.
 - commit_granule_words: 8192.
 - virtual_space_node_default_size: 8388608.
 - enlarge_chunks_in_place: 1.
 - use_allocation_guard: 0.


Internal statistics:

num_allocs_failed_limit: 12.
num_arena_births: 3094.
num_arena_deaths: 0.
num_vsnodes_births: 2.
num_vsnodes_deaths: 0.
num_space_committed: 1057.
num_space_uncommitted: 0.
num_chunks_returned_to_freelist: 12.
num_chunks_taken_from_freelist: 5794.
num_chunk_merges: 12.
num_chunk_splits: 3751.
num_chunks_enlarged: 2298.
num_inconsistent_stats: 0.

CodeHeap 'non-profiled nmethods': size=120000Kb used=3563Kb max_used=3563Kb free=116436Kb
 bounds [0x000001de07ad0000, 0x000001de07e50000, 0x000001de0f000000]
CodeHeap 'profiled nmethods': size=120000Kb used=11738Kb max_used=11738Kb free=108262Kb
 bounds [0x000001de00000000, 0x000001de00b80000, 0x000001de07530000]
CodeHeap 'non-nmethods': size=5760Kb used=1980Kb max_used=2030Kb free=3779Kb
 bounds [0x000001de07530000, 0x000001de077a0000, 0x000001de07ad0000]
 total_blobs=7103 nmethods=6350 adapters=657
 compilation: enabled
              stopped_count=0, restarted_count=0
 full_count=0

Compilation events (20 events):
Event: 7.013 Thread 0x000001de1449bae0 nmethod 6772 0x000001de00b26390 code [0x000001de00b266e0, 0x000001de00b27d08]
Event: 7.013 Thread 0x000001de1449bae0 6773       3       org.gradle.internal.snapshot.SnapshotHierarchy$$Lambda/0x00000001006b86f0::<init> (10 bytes)
Event: 7.013 Thread 0x000001de1449bae0 nmethod 6773 0x000001de00b28390 code [0x000001de00b28520, 0x000001de00b286d8]
Event: 7.013 Thread 0x000001de1449bae0 6775       3       org.gradle.internal.vfs.impl.DefaultSnapshotHierarchy::findMetadata (37 bytes)
Event: 7.014 Thread 0x000001de1449bae0 nmethod 6775 0x000001de00b28790 code [0x000001de00b289c0, 0x000001de00b29120]
Event: 7.014 Thread 0x000001de1449bae0 6770   !   3       org.gradle.internal.operations.DefaultBuildOperationQueue$WorkerRunnable::getNextOperation (51 bytes)
Event: 7.014 Thread 0x000001de1449bae0 nmethod 6770 0x000001de00b29410 code [0x000001de00b29680, 0x000001de00b2a180]
Event: 7.014 Thread 0x000001de1449bae0 6779       1       com.google.common.collect.ImmutableMultimap::asMap (5 bytes)
Event: 7.015 Thread 0x000001de1449bae0 nmethod 6779 0x000001de07e47410 code [0x000001de07e475a0, 0x000001de07e47668]
Event: 7.015 Thread 0x000001de1449bae0 6782       1       org.gradle.internal.execution.steps.BuildOperationStep$1::description (5 bytes)
Event: 7.015 Thread 0x000001de1449bae0 nmethod 6782 0x000001de07e47710 code [0x000001de07e478a0, 0x000001de07e47968]
Event: 7.015 Thread 0x000001de1449bae0 6774       1       org.gradle.internal.execution.workspace.impl.CacheBasedImmutableWorkspaceProvider$1::getImmutableLocation (5 bytes)
Event: 7.015 Thread 0x000001de1449bae0 nmethod 6774 0x000001de07e47a10 code [0x000001de07e47ba0, 0x000001de07e47c68]
Event: 7.015 Thread 0x000001de1449bae0 6786       3       sun.nio.fs.WindowsFileSystemProvider::getFileAttributeView (118 bytes)
Event: 7.016 Thread 0x000001de1449bae0 nmethod 6786 0x000001de00b2a610 code [0x000001de00b2a920, 0x000001de00b2bac0]
Event: 7.016 Thread 0x000001de1449bae0 6787       3       sun.nio.fs.WindowsFileAttributeViews$Basic::readAttributes (5 bytes)
Event: 7.016 Thread 0x000001de1449bae0 nmethod 6787 0x000001de00b2c010 code [0x000001de00b2c200, 0x000001de00b2c690]
Event: 7.016 Thread 0x000001de1449bae0 6788   !   3       sun.nio.fs.WindowsFileAttributeViews$Basic::readAttributes (30 bytes)
Event: 7.016 Thread 0x000001de1449bae0 nmethod 6788 0x000001de00b2c890 code [0x000001de00b2ca80, 0x000001de00b2ce98]
Event: 7.016 Thread 0x000001de1449bae0 6789   !   3       java.util.concurrent.FutureTask::run (123 bytes)

GC Heap History (20 events):
Event: 1.470 GC heap before
{Heap before GC invocations=2 (full 0):
 garbage-first heap   total 120832K, used 60236K [0x0000000080000000, 0x0000000100000000)
  region size 1024K, 50 young (51200K), 5 survivors (5120K)
 Metaspace       used 12598K, committed 12800K, reserved 1114112K
  class space    used 1359K, committed 1472K, reserved 1048576K
}
Event: 1.476 GC heap after
{Heap after GC invocations=3 (full 0):
 garbage-first heap   total 120832K, used 18127K [0x0000000080000000, 0x0000000100000000)
  region size 1024K, 5 young (5120K), 5 survivors (5120K)
 Metaspace       used 12598K, committed 12800K, reserved 1114112K
  class space    used 1359K, committed 1472K, reserved 1048576K
}
Event: 2.430 GC heap before
{Heap before GC invocations=3 (full 0):
 garbage-first heap   total 120832K, used 44751K [0x0000000080000000, 0x0000000100000000)
  region size 1024K, 33 young (33792K), 5 survivors (5120K)
 Metaspace       used 21183K, committed 21504K, reserved 1114112K
  class space    used 2439K, committed 2624K, reserved 1048576K
}
Event: 2.434 GC heap after
{Heap after GC invocations=4 (full 0):
 garbage-first heap   total 120832K, used 21697K [0x0000000080000000, 0x0000000100000000)
  region size 1024K, 9 young (9216K), 9 survivors (9216K)
 Metaspace       used 21183K, committed 21504K, reserved 1114112K
  class space    used 2439K, committed 2624K, reserved 1048576K
}
Event: 3.228 GC heap before
{Heap before GC invocations=5 (full 0):
 garbage-first heap   total 75776K, used 74945K [0x0000000080000000, 0x0000000100000000)
  region size 1024K, 61 young (62464K), 9 survivors (9216K)
 Metaspace       used 29699K, committed 30336K, reserved 1114112K
  class space    used 3787K, committed 4096K, reserved 1048576K
}
Event: 3.236 GC heap after
{Heap after GC invocations=6 (full 0):
 garbage-first heap   total 88064K, used 24411K [0x0000000080000000, 0x0000000100000000)
  region size 1024K, 7 young (7168K), 7 survivors (7168K)
 Metaspace       used 29699K, committed 30336K, reserved 1114112K
  class space    used 3787K, committed 4096K, reserved 1048576K
}
Event: 3.794 GC heap before
{Heap before GC invocations=6 (full 0):
 garbage-first heap   total 88064K, used 63323K [0x0000000080000000, 0x0000000100000000)
  region size 1024K, 46 young (47104K), 7 survivors (7168K)
 Metaspace       used 35113K, committed 35968K, reserved 1114112K
  class space    used 4695K, committed 5120K, reserved 1048576K
}
Event: 3.799 GC heap after
{Heap after GC invocations=7 (full 0):
 garbage-first heap   total 106496K, used 26615K [0x0000000080000000, 0x0000000100000000)
  region size 1024K, 6 young (6144K), 6 survivors (6144K)
 Metaspace       used 35113K, committed 35968K, reserved 1114112K
  class space    used 4695K, committed 5120K, reserved 1048576K
}
Event: 3.840 GC heap before
{Heap before GC invocations=7 (full 0):
 garbage-first heap   total 106496K, used 28663K [0x0000000080000000, 0x0000000100000000)
  region size 1024K, 9 young (9216K), 6 survivors (6144K)
 Metaspace       used 35447K, committed 36288K, reserved 1114112K
  class space    used 4753K, committed 5184K, reserved 1048576K
}
Event: 3.844 GC heap after
{Heap after GC invocations=8 (full 0):
 garbage-first heap   total 106496K, used 27170K [0x0000000080000000, 0x0000000100000000)
  region size 1024K, 3 young (3072K), 3 survivors (3072K)
 Metaspace       used 35447K, committed 36288K, reserved 1114112K
  class space    used 4753K, committed 5184K, reserved 1048576K
}
Event: 4.531 GC heap before
{Heap before GC invocations=9 (full 0):
 garbage-first heap   total 92160K, used 86562K [0x0000000080000000, 0x0000000100000000)
  region size 1024K, 62 young (63488K), 3 survivors (3072K)
 Metaspace       used 45476K, committed 46592K, reserved 1114112K
  class space    used 6049K, committed 6592K, reserved 1048576K
}
Event: 4.537 GC heap after
{Heap after GC invocations=10 (full 0):
 garbage-first heap   total 96256K, used 32198K [0x0000000080000000, 0x0000000100000000)
  region size 1024K, 8 young (8192K), 8 survivors (8192K)
 Metaspace       used 45476K, committed 46592K, reserved 1114112K
  class space    used 6049K, committed 6592K, reserved 1048576K
}
Event: 4.734 GC heap before
{Heap before GC invocations=10 (full 0):
 garbage-first heap   total 96256K, used 81350K [0x0000000080000000, 0x0000000100000000)
  region size 1024K, 56 young (57344K), 8 survivors (8192K)
 Metaspace       used 47060K, committed 48448K, reserved 1114112K
  class space    used 6291K, committed 6976K, reserved 1048576K
}
Event: 4.740 GC heap after
{Heap after GC invocations=11 (full 0):
 garbage-first heap   total 96256K, used 33703K [0x0000000080000000, 0x0000000100000000)
  region size 1024K, 3 young (3072K), 3 survivors (3072K)
 Metaspace       used 47060K, committed 48448K, reserved 1114112K
  class space    used 6291K, committed 6976K, reserved 1048576K
}
Event: 5.357 GC heap before
{Heap before GC invocations=11 (full 0):
 garbage-first heap   total 96256K, used 84903K [0x0000000080000000, 0x0000000100000000)
  region size 1024K, 52 young (53248K), 3 survivors (3072K)
 Metaspace       used 54045K, committed 55616K, reserved 1114112K
  class space    used 7281K, committed 8064K, reserved 1048576K
}
Event: 5.361 GC heap after
{Heap after GC invocations=12 (full 0):
 garbage-first heap   total 96256K, used 36294K [0x0000000080000000, 0x0000000100000000)
  region size 1024K, 5 young (5120K), 5 survivors (5120K)
 Metaspace       used 54045K, committed 55616K, reserved 1114112K
  class space    used 7281K, committed 8064K, reserved 1048576K
}
Event: 5.825 GC heap before
{Heap before GC invocations=12 (full 0):
 garbage-first heap   total 96256K, used 71110K [0x0000000080000000, 0x0000000100000000)
  region size 1024K, 40 young (40960K), 5 survivors (5120K)
 Metaspace       used 59111K, committed 60608K, reserved 1114112K
  class space    used 7997K, committed 8768K, reserved 1048576K
}
Event: 5.830 GC heap after
{Heap after GC invocations=13 (full 0):
 garbage-first heap   total 96256K, used 37818K [0x0000000080000000, 0x0000000100000000)
  region size 1024K, 5 young (5120K), 5 survivors (5120K)
 Metaspace       used 59111K, committed 60608K, reserved 1114112K
  class space    used 7997K, committed 8768K, reserved 1048576K
}
Event: 6.561 GC heap before
{Heap before GC invocations=14 (full 0):
 garbage-first heap   total 96256K, used 83898K [0x0000000080000000, 0x0000000100000000)
  region size 1024K, 50 young (51200K), 5 survivors (5120K)
 Metaspace       used 64853K, committed 66496K, reserved 1114112K
  class space    used 8909K, committed 9728K, reserved 1048576K
}
Event: 6.567 GC heap after
{Heap after GC invocations=15 (full 0):
 garbage-first heap   total 96256K, used 41576K [0x0000000080000000, 0x0000000100000000)
  region size 1024K, 6 young (6144K), 6 survivors (6144K)
 Metaspace       used 64853K, committed 66496K, reserved 1114112K
  class space    used 8909K, committed 9728K, reserved 1048576K
}

Dll operation events (3 events):
Event: 0.011 Loaded shared library C:\Program Files\Android\Android Studio\jbr\bin\java.dll
Event: 0.016 Loaded shared library C:\Program Files\Android\Android Studio\jbr\bin\zip.dll
Event: 0.550 Loaded shared library C:\Program Files\Android\Android Studio\jbr\bin\verify.dll

Deoptimization events (20 events):
Event: 6.908 Thread 0x000001de1e7905c0 Uncommon trap: trap_request=0xffffff54 fr.pc=0x000001de07c71f2c relative=0x0000000000005aec
Event: 6.908 Thread 0x000001de1e7905c0 Uncommon trap: reason=speculate_null_assert action=make_not_entrant pc=0x000001de07c71f2c method=jdk.internal.util.ReferencedKeyMap.existingKey(Ljdk/internal/util/ReferencedKeyMap;Ljava/lang/Object;)Ljava/lang/Object; @ 18 c2
Event: 6.908 Thread 0x000001de1e7905c0 DEOPT PACKING pc=0x000001de07c71f2c sp=0x000000c35b8fcce0
Event: 6.908 Thread 0x000001de1e7905c0 DEOPT UNPACKING pc=0x000001de075846a2 sp=0x000000c35b8fcb30 mode 2
Event: 6.909 Thread 0x000001de1a9ece60 Uncommon trap: trap_request=0xffffff45 fr.pc=0x000001de07d5ef30 relative=0x0000000000000770
Event: 6.909 Thread 0x000001de1a9ece60 Uncommon trap: reason=unstable_if action=reinterpret pc=0x000001de07d5ef30 method=org.gradle.internal.snapshot.VfsRelativePath.isPrefix(Ljava/lang/String;ILjava/lang/String;ILorg/gradle/internal/snapshot/CaseSensitivity;)Z @ 101 c2
Event: 6.909 Thread 0x000001de1a9ece60 DEOPT PACKING pc=0x000001de07d5ef30 sp=0x000000c3595f45e0
Event: 6.909 Thread 0x000001de1a9ece60 DEOPT UNPACKING pc=0x000001de075846a2 sp=0x000000c3595f4568 mode 2
Event: 6.909 Thread 0x000001de1e7961a0 Uncommon trap: trap_request=0xffffff54 fr.pc=0x000001de07c546a8 relative=0x0000000000001168
Event: 6.909 Thread 0x000001de1e7961a0 Uncommon trap: reason=speculate_null_assert action=make_not_entrant pc=0x000001de07c546a8 method=jdk.internal.util.ReferencedKeyMap.existingKey(Ljdk/internal/util/ReferencedKeyMap;Ljava/lang/Object;)Ljava/lang/Object; @ 18 c2
Event: 6.909 Thread 0x000001de1e7961a0 DEOPT PACKING pc=0x000001de07c546a8 sp=0x000000c35bafd3a0
Event: 6.909 Thread 0x000001de1e7961a0 DEOPT UNPACKING pc=0x000001de075846a2 sp=0x000000c35bafd298 mode 2
Event: 6.943 Thread 0x000001de1a9ebab0 DEOPT PACKING pc=0x000001de0077a8c1 sp=0x000000c35a2fe860
Event: 6.943 Thread 0x000001de1a9ebab0 DEOPT UNPACKING pc=0x000001de07584e42 sp=0x000000c35a2fdce8 mode 0
Event: 6.976 Thread 0x000001de1a9ebab0 DEOPT PACKING pc=0x000001de0077a8c1 sp=0x000000c35a2fe7d0
Event: 6.976 Thread 0x000001de1a9ebab0 DEOPT UNPACKING pc=0x000001de07584e42 sp=0x000000c35a2fdc58 mode 0
Event: 6.979 Thread 0x000001de1e796830 DEOPT PACKING pc=0x000001de00504d89 sp=0x000000c35bcfd5e0
Event: 6.979 Thread 0x000001de1e796830 DEOPT UNPACKING pc=0x000001de07584e42 sp=0x000000c35bcfcae0 mode 0
Event: 7.008 Thread 0x000001de1a9ebab0 DEOPT PACKING pc=0x000001de0077a8c1 sp=0x000000c35a2fe7d0
Event: 7.008 Thread 0x000001de1a9ebab0 DEOPT UNPACKING pc=0x000001de07584e42 sp=0x000000c35a2fdc58 mode 0

Classes loaded (20 events):
Event: 6.356 Loading class java/io/ObjectInputFilter$Config$BuiltinFilterFactory
Event: 6.356 Loading class java/io/ObjectInputFilter$Config$BuiltinFilterFactory done
Event: 6.357 Loading class jdk/internal/access/JavaObjectInputFilterAccess
Event: 6.357 Loading class jdk/internal/access/JavaObjectInputFilterAccess done
Event: 6.357 Loading class java/lang/System$Logger$Level
Event: 6.357 Loading class java/lang/System$Logger$Level done
Event: 6.357 Loading class jdk/internal/event/DeserializationEvent
Event: 6.357 Loading class jdk/internal/event/DeserializationEvent done
Event: 6.357 Loading class java/io/ObjectInputStream$FieldValues
Event: 6.357 Loading class java/io/ObjectInputStream$GetField
Event: 6.357 Loading class java/io/ObjectInputStream$GetField done
Event: 6.357 Loading class java/io/ObjectInputStream$FieldValues done
Event: 6.361 Loading class sun/reflect/ReflectionFactory
Event: 6.361 Loading class sun/reflect/ReflectionFactory done
Event: 6.362 Loading class sun/reflect/ReflectionFactory$1
Event: 6.362 Loading class sun/reflect/ReflectionFactory$1 done
Event: 6.659 Loading class java/util/Collections$ReverseComparator
Event: 6.660 Loading class java/util/Collections$ReverseComparator done
Event: 6.660 Loading class java/util/Collections$ReverseComparator2
Event: 6.660 Loading class java/util/Collections$ReverseComparator2 done

Classes unloaded (0 events):
No events

Classes redefined (0 events):
No events

Internal exceptions (20 events):
Event: 6.126 Thread 0x000001de1a9ece60 Exception <a 'java/lang/NoSuchMethodError'{0x00000000844b8bb8}: 'long java.lang.invoke.DirectMethodHandle$Holder.invokeStatic(java.lang.Object, long)'> (0x00000000844b8bb8) 
thrown [s\src\hotspot\share\interpreter\linkResolver.cpp, line 784]
Event: 6.141 Thread 0x000001de1a9ece60 Implicit null exception at 0x000001de07d60643 to 0x000001de07d6097c
Event: 6.164 Thread 0x000001de1a9ece60 Exception <a 'java/lang/NoSuchMethodError'{0x000000008416ef50}: 'java.lang.Object java.lang.invoke.DirectMethodHandle$Holder.invokeInterface(java.lang.Object, java.lang.Object, int)'> (0x000000008416ef50) 
thrown [s\src\hotspot\share\interpreter\linkResolver.cpp, line 784]
Event: 6.235 Thread 0x000001de1a9ece60 Exception <a 'java/lang/NoSuchMethodError'{0x0000000083ddb528}: 'java.lang.Object java.lang.invoke.DirectMethodHandle$Holder.invokeVirtual(java.lang.Object, java.lang.Object, java.lang.Object, java.lang.Object, java.lang.Object, java.lang.Object, java.lang.Object, java.lang.Object, java.lang.Object, java.lang.Object, java.lang.Object, java.lang.Object, java.lang.Object, java.lang.Object, java.lang.Object, java.lang.Object, java.lang.Object)'> (0x0000000083ddb528) 
thrown [s\src\hotspot\share\interpreter\li
Event: 6.235 Thread 0x000001de1a9ece60 Exception <a 'java/lang/NoSuchMethodError'{0x0000000083de13e8}: 'java.lang.Object java.lang.invoke.DirectMethodHandle$Holder.invokeSpecial(java.lang.Object, java.lang.Object, java.lang.Object, java.lang.Object, java.lang.Object, java.lang.Object, java.lang.Object, java.lang.Object, java.lang.Object, java.lang.Object, java.lang.Object, java.lang.Object, java.lang.Object, java.lang.Object, java.lang.Object, java.lang.Object, java.lang.Object, java.lang.Object)'> (0x0000000083de13e8) 
thrown [s\src\hotspot\sh
Event: 6.235 Thread 0x000001de1a9ece60 Exception <a 'java/lang/NoSuchMethodError'{0x0000000083de6940}: 'java.lang.Object java.lang.invoke.DelegatingMethodHandle$Holder.reinvoke_L(java.lang.Object, java.lang.Object, java.lang.Object, java.lang.Object, java.lang.Object, java.lang.Object, java.lang.Object, java.lang.Object, java.lang.Object, java.lang.Object, java.lang.Object, java.lang.Object, java.lang.Object, java.lang.Object, java.lang.Object, java.lang.Object, java.lang.Object)'> (0x0000000083de6940) 
thrown [s\src\hotspot\share\interpreter\l
Event: 6.245 Thread 0x000001de1a9ece60 Exception <a 'java/lang/NoSuchMethodError'{0x0000000083c9d598}: 'void java.lang.invoke.DirectMethodHandle$Holder.invokeStatic(java.lang.Object, java.lang.Object, java.lang.Object, java.lang.Object, java.lang.Object, java.lang.Object)'> (0x0000000083c9d598) 
thrown [s\src\hotspot\share\interpreter\linkResolver.cpp, line 784]
Event: 6.333 Thread 0x000001de1a9ece60 Exception <a 'java/lang/NoSuchMethodError'{0x0000000083800f40}: static Lorg/gradle/api/internal/catalog/DefaultVersionCatalog;.<clinit>()V> (0x0000000083800f40) 
thrown [s\src\hotspot\share\prims\jni.cpp, line 1135]
Event: 6.336 Thread 0x000001de1a9ece60 Exception <a 'java/lang/NoSuchMethodError'{0x0000000083851d80}: static [Ljava/lang/Object;.<clinit>()V> (0x0000000083851d80) 
thrown [s\src\hotspot\share\prims\jni.cpp, line 1135]
Event: 6.337 Thread 0x000001de1a9ece60 Exception <a 'java/lang/NoSuchMethodError'{0x0000000083879188}: static Lorg/gradle/api/internal/catalog/DependencyModel;.<clinit>()V> (0x0000000083879188) 
thrown [s\src\hotspot\share\prims\jni.cpp, line 1135]
Event: 6.338 Thread 0x000001de1a9ece60 Exception <a 'java/lang/NoSuchMethodError'{0x000000008387ce70}: static Lorg/gradle/api/internal/catalog/AbstractContextAwareModel;.<clinit>()V> (0x000000008387ce70) 
thrown [s\src\hotspot\share\prims\jni.cpp, line 1135]
Event: 6.338 Thread 0x000001de1a9ece60 Exception <a 'java/lang/NoSuchMethodError'{0x00000000838968c8}: static Lorg/gradle/api/internal/artifacts/dependencies/AbstractVersionConstraint;.<clinit>()V> (0x00000000838968c8) 
thrown [s\src\hotspot\share\prims\jni.cpp, line 1135]
Event: 6.347 Thread 0x000001de1a9ece60 Exception <a 'java/lang/NoSuchMethodError'{0x0000000083748bc8}: static Lorg/gradle/api/internal/catalog/PluginModel;.<clinit>()V> (0x0000000083748bc8) 
thrown [s\src\hotspot\share\prims\jni.cpp, line 1135]
Event: 6.349 Thread 0x000001de1a9ece60 Exception <a 'java/lang/NoSuchMethodError'{0x0000000083760400}: static Lorg/gradle/api/internal/catalog/VersionModel;.<clinit>()V> (0x0000000083760400) 
thrown [s\src\hotspot\share\prims\jni.cpp, line 1135]
Event: 6.352 Thread 0x000001de1a9ece60 Exception <a 'java/lang/NoSuchMethodError'{0x0000000083781910}: 'void java.lang.invoke.DirectMethodHandle$Holder.invokeSpecial(java.lang.Object, java.lang.Object, java.lang.Object, int)'> (0x0000000083781910) 
thrown [s\src\hotspot\share\interpreter\linkResolver.cpp, line 784]
Event: 6.421 Thread 0x000001de1a9ece60 Exception <a 'java/lang/NoSuchMethodError'{0x0000000082e77870}: 'int java.lang.invoke.DirectMethodHandle$Holder.invokeSpecialIFC(java.lang.Object, java.lang.Object, java.lang.Object)'> (0x0000000082e77870) 
thrown [s\src\hotspot\share\interpreter\linkResolver.cpp, line 784]
Event: 6.475 Thread 0x000001de1a9ece60 Exception <a 'java/lang/NoSuchMethodError'{0x0000000082a17d90}: 'java.lang.Object java.lang.invoke.DirectMethodHandle$Holder.invokeSpecial(java.lang.Object, java.lang.Object, java.lang.Object, java.lang.Object, java.lang.Object, long)'> (0x0000000082a17d90) 
thrown [s\src\hotspot\share\interpreter\linkResolver.cpp, line 784]
Event: 6.476 Thread 0x000001de1a9ece60 Exception <a 'java/lang/NoSuchMethodError'{0x0000000082a37ae0}: 'void java.lang.invoke.DirectMethodHandle$Holder.invokeStatic(java.lang.Object, java.lang.Object, java.lang.Object, int, java.lang.Object)'> (0x0000000082a37ae0) 
thrown [s\src\hotspot\share\interpreter\linkResolver.cpp, line 784]
Event: 6.865 Thread 0x000001de1a9ece60 Exception <a 'java/lang/NoSuchMethodError'{0x0000000084cbf1a0}: 'java.lang.Object java.lang.invoke.DirectMethodHandle$Holder.newInvokeSpecial(java.lang.Object, java.lang.Object, java.lang.Object, java.lang.Object, int, java.lang.Object)'> (0x0000000084cbf1a0) 
thrown [s\src\hotspot\share\interpreter\linkResolver.cpp, line 784]
Event: 6.866 Thread 0x000001de1a9ece60 Exception <a 'java/lang/NoSuchMethodError'{0x0000000084cc7a50}: 'java.lang.Object java.lang.invoke.Invokers$Holder.linkToTargetMethod(java.lang.Object, java.lang.Object, java.lang.Object, int, java.lang.Object, java.lang.Object)'> (0x0000000084cc7a50) 
thrown [s\src\hotspot\share\interpreter\linkResolver.cpp, line 784]

ZGC Phase Switch (0 events):
No events

VM Operations (20 events):
Event: 6.091 Executing VM operation: ICBufferFull
Event: 6.091 Executing VM operation: ICBufferFull done
Event: 6.363 Executing VM operation: HandshakeAllThreads (Deoptimize)
Event: 6.363 Executing VM operation: HandshakeAllThreads (Deoptimize) done
Event: 6.549 Executing VM operation: ICBufferFull
Event: 6.549 Executing VM operation: ICBufferFull done
Event: 6.561 Executing VM operation: G1CollectForAllocation (G1 Evacuation Pause)
Event: 6.567 Executing VM operation: G1CollectForAllocation (G1 Evacuation Pause) done
Event: 6.710 Executing VM operation: HandshakeAllThreads (Deoptimize)
Event: 6.711 Executing VM operation: HandshakeAllThreads (Deoptimize) done
Event: 6.758 Executing VM operation: ICBufferFull
Event: 6.758 Executing VM operation: ICBufferFull done
Event: 6.758 Executing VM operation: ICBufferFull
Event: 6.758 Executing VM operation: ICBufferFull done
Event: 6.758 Executing VM operation: ICBufferFull
Event: 6.758 Executing VM operation: ICBufferFull done
Event: 6.758 Executing VM operation: ICBufferFull
Event: 6.758 Executing VM operation: ICBufferFull done
Event: 6.924 Executing VM operation: ICBufferFull
Event: 6.924 Executing VM operation: ICBufferFull done

Memory protections (0 events):
No events

Nmethod flushes (20 events):
Event: 5.848 Thread 0x000001de139f94d0 flushing  nmethod 0x000001de00182c90
Event: 5.848 Thread 0x000001de139f94d0 flushing  nmethod 0x000001de00185710
Event: 5.848 Thread 0x000001de139f94d0 flushing  nmethod 0x000001de00186790
Event: 5.848 Thread 0x000001de139f94d0 flushing  nmethod 0x000001de001a2710
Event: 5.848 Thread 0x000001de139f94d0 flushing  nmethod 0x000001de002cbc90
Event: 5.848 Thread 0x000001de139f94d0 flushing  nmethod 0x000001de002cde90
Event: 5.848 Thread 0x000001de139f94d0 flushing  nmethod 0x000001de002ce390
Event: 5.848 Thread 0x000001de139f94d0 flushing  nmethod 0x000001de00398090
Event: 5.848 Thread 0x000001de139f94d0 flushing  nmethod 0x000001de003a3010
Event: 5.848 Thread 0x000001de139f94d0 flushing  nmethod 0x000001de00450290
Event: 5.848 Thread 0x000001de139f94d0 flushing  nmethod 0x000001de07c0d090
Event: 5.848 Thread 0x000001de139f94d0 flushing  nmethod 0x000001de07c0d590
Event: 5.848 Thread 0x000001de139f94d0 flushing  nmethod 0x000001de00033c90
Event: 5.848 Thread 0x000001de139f94d0 flushing  nmethod 0x000001de000ac710
Event: 5.848 Thread 0x000001de139f94d0 flushing  nmethod 0x000001de00195210
Event: 5.848 Thread 0x000001de139f94d0 flushing  nmethod 0x000001de001c0290
Event: 5.848 Thread 0x000001de139f94d0 flushing  nmethod 0x000001de001c1a10
Event: 5.848 Thread 0x000001de139f94d0 flushing  nmethod 0x000001de002fa210
Event: 5.848 Thread 0x000001de139f94d0 flushing  nmethod 0x000001de003a4f10
Event: 5.848 Thread 0x000001de139f94d0 flushing  nmethod 0x000001de003b2890

Events (20 events):
Event: 6.757 Thread 0x000001de1a9ece60 Thread added: 0x000001de1c2e8240
Event: 6.757 Thread 0x000001de1a9ece60 Thread added: 0x000001de1e790c50
Event: 6.757 Thread 0x000001de1a9ece60 Thread added: 0x000001de1e791970
Event: 6.758 Thread 0x000001de1a9ece60 Thread added: 0x000001de1e792690
Event: 6.758 Thread 0x000001de1a9ece60 Thread added: 0x000001de1e78f210
Event: 6.758 Thread 0x000001de1a9ece60 Thread added: 0x000001de1e7912e0
Event: 6.759 Thread 0x000001de1a9ece60 Thread added: 0x000001de1e792000
Event: 6.759 Thread 0x000001de1a9ece60 Thread added: 0x000001de1e792d20
Event: 6.759 Thread 0x000001de1a9ece60 Thread added: 0x000001de1e78ff30
Event: 6.891 Thread 0x000001de1a9ece60 Thread added: 0x000001de1e78f8a0
Event: 6.893 Thread 0x000001de1a9ece60 Thread added: 0x000001de1e7905c0
Event: 6.894 Thread 0x000001de1a9ece60 Thread added: 0x000001de1e7940d0
Event: 6.896 Thread 0x000001de1a9ece60 Thread added: 0x000001de1e7961a0
Event: 6.900 Thread 0x000001de1a9ece60 Thread added: 0x000001de1e793a40
Event: 6.903 Thread 0x000001de1a9ece60 Thread added: 0x000001de1e796830
Event: 6.906 Thread 0x000001de1a9ece60 Thread added: 0x000001de1e794df0
Event: 6.908 Thread 0x000001de1a9ece60 Thread added: 0x000001de1e7933b0
Event: 6.913 Thread 0x000001de1a9ece60 Thread added: 0x000001de1e794760
Event: 6.916 Thread 0x000001de1a9ece60 Thread added: 0x000001de1e795b10
Event: 6.920 Thread 0x000001de1a9ece60 Thread added: 0x000001de1e795480


Dynamic libraries:
0x00007ff6b0940000 - 0x00007ff6b094a000 	C:\Program Files\Android\Android Studio\jbr\bin\java.exe
0x00007ffb95020000 - 0x00007ffb95285000 	C:\WINDOWS\SYSTEM32\ntdll.dll
0x00007ffb94bc0000 - 0x00007ffb94c89000 	C:\WINDOWS\System32\KERNEL32.DLL
0x00007ffb925e0000 - 0x00007ffb929c8000 	C:\WINDOWS\System32\KERNELBASE.dll
0x00007ffb92170000 - 0x00007ffb922bb000 	C:\WINDOWS\System32\ucrtbase.dll
0x00007ffb606e0000 - 0x00007ffb606fb000 	C:\Program Files\Android\Android Studio\jbr\bin\VCRUNTIME140.dll
0x00007ffb8d300000 - 0x00007ffb8d318000 	C:\Program Files\Android\Android Studio\jbr\bin\jli.dll
0x00007ffb94cf0000 - 0x00007ffb94eba000 	C:\WINDOWS\System32\USER32.dll
0x00007ffb929d0000 - 0x00007ffb929f7000 	C:\WINDOWS\System32\win32u.dll
0x00007ffb78ab0000 - 0x00007ffb78d4a000 	C:\WINDOWS\WinSxS\amd64_microsoft.windows.common-controls_6595b64144ccf1df_6.0.26100.4202_none_3e0698d4e335f517\COMCTL32.dll
0x00007ffb94490000 - 0x00007ffb944bb000 	C:\WINDOWS\System32\GDI32.dll
0x00007ffb944c0000 - 0x00007ffb94569000 	C:\WINDOWS\System32\msvcrt.dll
0x00007ffb92360000 - 0x00007ffb92497000 	C:\WINDOWS\System32\gdi32full.dll
0x00007ffb92530000 - 0x00007ffb925d3000 	C:\WINDOWS\System32\msvcp_win.dll
0x00007ffb93f90000 - 0x00007ffb93fc0000 	C:\WINDOWS\System32\IMM32.DLL
0x0000000058de0000 - 0x0000000058dec000 	C:\Program Files (x86)\360\Total Security\safemon\SafeWrapper.dll
0x00007ffb93610000 - 0x00007ffb936c3000 	C:\WINDOWS\System32\ADVAPI32.dll
0x00007ffb943e0000 - 0x00007ffb94486000 	C:\WINDOWS\System32\sechost.dll
0x00007ffb93fd0000 - 0x00007ffb940e5000 	C:\WINDOWS\System32\RPCRT4.dll
0x00007ffb63c90000 - 0x00007ffb63d3c000 	C:\Program Files (x86)\360\Total Security\safemon\libzdtp64.dll
0x00007ffb92dc0000 - 0x00007ffb93502000 	C:\WINDOWS\System32\SHELL32.dll
0x00007ffb92a00000 - 0x00007ffb92b74000 	C:\WINDOWS\System32\wintypes.dll
0x00007ffb94570000 - 0x00007ffb948f5000 	C:\WINDOWS\System32\combase.dll
0x00007ffb94370000 - 0x00007ffb943da000 	C:\WINDOWS\System32\SHLWAPI.dll
0x00007ffb8a7f0000 - 0x00007ffb8a7fb000 	C:\WINDOWS\SYSTEM32\VERSION.dll
0x00007ffb6e1c0000 - 0x00007ffb6e1cc000 	C:\Program Files\Android\Android Studio\jbr\bin\vcruntime140_1.dll
0x00007ffb62d80000 - 0x00007ffb62e0d000 	C:\Program Files\Android\Android Studio\jbr\bin\msvcp140.dll
0x00007ffb35dd0000 - 0x00007ffb36a53000 	C:\Program Files\Android\Android Studio\jbr\bin\server\jvm.dll
0x00007ffb940f0000 - 0x00007ffb94164000 	C:\WINDOWS\System32\WS2_32.dll
0x00007ffb91fc0000 - 0x00007ffb9201e000 	C:\WINDOWS\SYSTEM32\POWRPROF.dll
0x00007ffb87030000 - 0x00007ffb87065000 	C:\WINDOWS\SYSTEM32\WINMM.dll
0x00007ffb91fa0000 - 0x00007ffb91fb4000 	C:\WINDOWS\SYSTEM32\UMPDC.dll
0x00007ffb90f30000 - 0x00007ffb90f4b000 	C:\WINDOWS\SYSTEM32\kernel.appcore.dll
0x00007ffb6de50000 - 0x00007ffb6de5a000 	C:\Program Files\Android\Android Studio\jbr\bin\jimage.dll
0x00007ffb89a80000 - 0x00007ffb89cc1000 	C:\WINDOWS\SYSTEM32\DBGHELP.DLL
0x00007ffb93c10000 - 0x00007ffb93cf1000 	C:\WINDOWS\System32\OLEAUT32.dll
0x00007ffb6b560000 - 0x00007ffb6b599000 	C:\WINDOWS\SYSTEM32\dbgcore.DLL
0x00007ffb922c0000 - 0x00007ffb92359000 	C:\WINDOWS\System32\bcryptPrimitives.dll
0x00007ffb8cf10000 - 0x00007ffb8cf1e000 	C:\Program Files\Android\Android Studio\jbr\bin\instrument.dll
0x00007ffb5d580000 - 0x00007ffb5d5a0000 	C:\Program Files\Android\Android Studio\jbr\bin\java.dll
0x00007ffb5a8a0000 - 0x00007ffb5a8b8000 	C:\Program Files\Android\Android Studio\jbr\bin\zip.dll
0x00007ffb8fda0000 - 0x00007ffb905f8000 	C:\WINDOWS\SYSTEM32\windows.storage.dll
0x00007ffb94ed0000 - 0x00007ffb94fc1000 	C:\WINDOWS\System32\SHCORE.dll
0x00007ffb92080000 - 0x00007ffb920af000 	C:\WINDOWS\SYSTEM32\profapi.dll
0x00007ffb6db20000 - 0x00007ffb6db30000 	C:\Program Files\Android\Android Studio\jbr\bin\net.dll
0x00007ffb8b4f0000 - 0x00007ffb8b60e000 	C:\WINDOWS\SYSTEM32\WINHTTP.dll
0x00007ffb914a0000 - 0x00007ffb9150a000 	C:\WINDOWS\system32\mswsock.dll
0x00007ffb517d0000 - 0x00007ffb517e6000 	C:\Program Files\Android\Android Studio\jbr\bin\nio.dll
0x00007ffb7d950000 - 0x00007ffb7d960000 	C:\Program Files\Android\Android Studio\jbr\bin\verify.dll
0x00007ffb8c670000 - 0x00007ffb8c697000 	C:\Users\Nitro\AndroidStudioProjects\MyApplication\native\c067742578af261105cb4f569cf0c3c89f3d7b1fecec35dd04571415982c5e48\windows-amd64\native-platform.dll
0x00007ffb5ad90000 - 0x00007ffb5aed4000 	C:\Users\Nitro\AndroidStudioProjects\MyApplication\native\100fb08df4bc3b14c8652ba06237920a3bd2aa13389f12d3474272988ae205f9\windows-amd64\native-platform-file-events.dll
0x00007ffb661b0000 - 0x00007ffb661b9000 	C:\Program Files\Android\Android Studio\jbr\bin\management.dll
0x00007ffb65d30000 - 0x00007ffb65d3b000 	C:\Program Files\Android\Android Studio\jbr\bin\management_ext.dll
0x00007ffb94900000 - 0x00007ffb94908000 	C:\WINDOWS\System32\PSAPI.DLL
0x00007ffb91760000 - 0x00007ffb9177b000 	C:\WINDOWS\SYSTEM32\CRYPTSP.dll
0x00007ffb90e90000 - 0x00007ffb90eca000 	C:\WINDOWS\system32\rsaenh.dll
0x00007ffb91540000 - 0x00007ffb9156b000 	C:\WINDOWS\SYSTEM32\USERENV.dll
0x00007ffb92050000 - 0x00007ffb92076000 	C:\WINDOWS\SYSTEM32\bcrypt.dll
0x00007ffb91750000 - 0x00007ffb9175c000 	C:\WINDOWS\SYSTEM32\CRYPTBASE.dll
0x00007ffb909d0000 - 0x00007ffb90a03000 	C:\WINDOWS\SYSTEM32\IPHLPAPI.DLL
0x00007ffb94ec0000 - 0x00007ffb94eca000 	C:\WINDOWS\System32\NSI.dll
0x00007ffb683c0000 - 0x00007ffb683c9000 	C:\Program Files\Android\Android Studio\jbr\bin\extnet.dll
0x00007ffb6a1f0000 - 0x00007ffb6a1f8000 	C:\WINDOWS\system32\wshunix.dll

dbghelp: loaded successfully - version: 4.0.5 - missing functions: none
symbol engine: initialized successfully - sym options: 0x614 - pdb path: .;C:\Program Files\Android\Android Studio\jbr\bin;C:\WINDOWS\SYSTEM32;C:\WINDOWS\WinSxS\amd64_microsoft.windows.common-controls_6595b64144ccf1df_6.0.26100.4202_none_3e0698d4e335f517;C:\Program Files (x86)\360\Total Security\safemon;C:\Program Files\Android\Android Studio\jbr\bin\server;C:\Users\Nitro\AndroidStudioProjects\MyApplication\native\c067742578af261105cb4f569cf0c3c89f3d7b1fecec35dd04571415982c5e48\windows-amd64;C:\Users\Nitro\AndroidStudioProjects\MyApplication\native\100fb08df4bc3b14c8652ba06237920a3bd2aa13389f12d3474272988ae205f9\windows-amd64

VM Arguments:
jvm_args: --add-opens=java.base/java.util=ALL-UNNAMED --add-opens=java.base/java.lang=ALL-UNNAMED --add-opens=java.base/java.lang.invoke=ALL-UNNAMED --add-opens=java.prefs/java.util.prefs=ALL-UNNAMED --add-exports=jdk.compiler/com.sun.tools.javac.api=ALL-UNNAMED --add-exports=jdk.compiler/com.sun.tools.javac.util=ALL-UNNAMED --add-opens=java.base/java.nio.charset=ALL-UNNAMED --add-opens=java.base/java.net=ALL-UNNAMED --add-opens=java.base/java.util.concurrent.atomic=ALL-UNNAMED -Xmx2048m -Dfile.encoding=UTF-8 -Duser.country=PH -Duser.language=en -Duser.variant -javaagent:C:\Users\Nitro\AndroidStudioProjects\MyApplication\wrapper\dists\gradle-8.10.2-bin\a04bxjujx95o3nb99gddekhwo\gradle-8.10.2\lib\agents\gradle-instrumentation-agent-8.10.2.jar 
java_command: org.gradle.launcher.daemon.bootstrap.GradleDaemon 8.10.2
java_class_path (initial): C:\Users\Nitro\AndroidStudioProjects\MyApplication\wrapper\dists\gradle-8.10.2-bin\a04bxjujx95o3nb99gddekhwo\gradle-8.10.2\lib\gradle-daemon-main-8.10.2.jar
Launcher Type: SUN_STANDARD

[Global flags]
     intx CICompilerCount                          = 4                                         {product} {ergonomic}
     uint ConcGCThreads                            = 3                                         {product} {ergonomic}
     uint G1ConcRefinementThreads                  = 10                                        {product} {ergonomic}
   size_t G1HeapRegionSize                         = 1048576                                   {product} {ergonomic}
    uintx GCDrainStackTargetSize                   = 64                                        {product} {ergonomic}
   size_t InitialHeapSize                          = 123731968                                 {product} {ergonomic}
   size_t MarkStackSize                            = 4194304                                   {product} {ergonomic}
   size_t MaxHeapSize                              = 2147483648                                {product} {command line}
   size_t MaxNewSize                               = 1287651328                                {product} {ergonomic}
   size_t MinHeapDeltaBytes                        = 1048576                                   {product} {ergonomic}
   size_t MinHeapSize                              = 8388608                                   {product} {ergonomic}
    uintx NonNMethodCodeHeapSize                   = 5839372                                {pd product} {ergonomic}
    uintx NonProfiledCodeHeapSize                  = 122909434                              {pd product} {ergonomic}
    uintx ProfiledCodeHeapSize                     = 122909434                              {pd product} {ergonomic}
    uintx ReservedCodeCacheSize                    = 251658240                              {pd product} {ergonomic}
     bool SegmentedCodeCache                       = true                                      {product} {ergonomic}
   size_t SoftMaxHeapSize                          = 2147483648                             {manageable} {ergonomic}
     bool UseCompressedOops                        = true                           {product lp64_product} {ergonomic}
     bool UseG1GC                                  = true                                      {product} {ergonomic}
     bool UseLargePagesIndividualAllocation        = false                                  {pd product} {ergonomic}

Logging:
Log output configuration:
 #0: stdout all=warning uptime,level,tags foldmultilines=false
 #1: stderr all=off uptime,level,tags foldmultilines=false

Environment Variables:
JAVA_HOME=C:\Program Files\Java\jdk-23
PATH=C:\Program Files\Common Files\Oracle\Java\javapath;C:\WINDOWS\system32;C:\WINDOWS;C:\WINDOWS\System32\Wbem;C:\WINDOWS\System32\WindowsPowerShell\v1.0\;C:\WINDOWS\System32\OpenSSH\;C:\Program Files (x86)\NVIDIA Corporation\PhysX\Common;C:\Program Files\NVIDIA Corporation\NVIDIA NvDLISR;C:\Program Files\Git\cmd;C:\Users\Nitro\AppData\Local\Microsoft\WindowsApps;C:\Users\Nitro\AppData\Local\Programs\Microsoft VS Code\bin;C:\Program Files\JetBrains\IntelliJ IDEA Community Edition 2024.3.2.2\bin;;C:\Users\Nitro\AppData\Local\Programs\cursor\resources\app\bin
USERNAME=Nitro
OS=Windows_NT
PROCESSOR_IDENTIFIER=AMD64 Family 25 Model 68 Stepping 1, AuthenticAMD
TMP=C:\Users\Nitro\AppData\Local\Temp
TEMP=C:\Users\Nitro\AppData\Local\Temp




Periodic native trim disabled

JNI global refs:
JNI global refs: 27, weak refs: 13

JNI global refs memory usage: 835, weak refs: 833

Process memory usage:
Resident Set Size: 311724K (4% of 7664432K total physical memory with 375796K free physical memory)

OOME stack traces (most recent first):
Classloader memory used:
Loader org.gradle.internal.classloader.VisitableURLClassLoader                         : 33047K
Loader bootstrap                                                                       : 22676K
Loader org.gradle.initialization.MixInLegacyTypesClassLoader                           : 9328K
Loader jdk.internal.loader.ClassLoaders$PlatformClassLoader                            : 501K
Loader jdk.internal.loader.ClassLoaders$AppClassLoader                                 : 234K
Loader org.gradle.internal.classloader.VisitableURLClassLoader                         : 106K
Loader jdk.internal.reflect.DelegatingClassLoader                                      : 88992B

Classes loaded by more than one classloader:
Class Program                                                                         : loaded 3 times (x 68B)
Class org.gradle.internal.classloader.ClassLoaderHierarchy                            : loaded 2 times (x 66B)
Class org.gradle.api.internal.classpath.ManifestUtil                                  : loaded 2 times (x 67B)
Class org.gradle.internal.classloader.DefaultClassLoaderFactory                       : loaded 2 times (x 78B)
Class org.gradle.internal.classloader.ClassLoaderVisitor                              : loaded 2 times (x 72B)
Class org.gradle.api.internal.classpath.EffectiveClassPath                            : loaded 2 times (x 86B)
Class org.gradle.api.internal.DefaultClassPathProvider                                : loaded 2 times (x 72B)
Class [Lorg.gradle.api.internal.ClassPathProvider;                                    : loaded 2 times (x 65B)
Class org.gradle.api.internal.ClassPathProvider                                       : loaded 2 times (x 66B)
Class org.gradle.internal.service.UnknownServiceException                             : loaded 2 times (x 79B)
Class org.gradle.internal.classpath.TransformedClassPath                              : loaded 2 times (x 92B)
Class org.gradle.internal.classloader.InstrumentingClassLoader                        : loaded 2 times (x 66B)
Class org.gradle.internal.service.ServiceLocator                                      : loaded 2 times (x 66B)
Class org.gradle.internal.InternalTransformer                                         : loaded 2 times (x 66B)
Class org.gradle.internal.classloader.ClasspathUtil$1                                 : loaded 2 times (x 72B)
Class org.gradle.api.internal.classpath.DefaultModuleRegistry$DefaultModule           : loaded 2 times (x 82B)
Class org.gradle.api.internal.classpath.Module                                        : loaded 2 times (x 66B)
Class org.gradle.api.internal.classpath.UnknownModuleException                        : loaded 2 times (x 78B)
Class org.gradle.api.internal.DefaultClassPathRegistry                                : loaded 2 times (x 72B)
Class org.gradle.api.internal.ClassPathRegistry                                       : loaded 2 times (x 66B)
Class org.gradle.internal.classpath.DefaultClassPath$ImmutableUniqueList              : loaded 2 times (x 195B)
Class org.gradle.internal.classloader.FilteringClassLoader                            : loaded 2 times (x 101B)
Class Settings_gradle$1                                                               : loaded 2 times (x 70B)
Class org.gradle.internal.classpath.ClassPath                                         : loaded 2 times (x 66B)
Class org.gradle.api.UncheckedIOException                                             : loaded 2 times (x 78B)
Class org.gradle.internal.installation.GradleInstallation$1                           : loaded 2 times (x 71B)
Class org.gradle.api.internal.classpath.ModuleRegistry                                : loaded 2 times (x 66B)
Class org.gradle.api.internal.classpath.DefaultModuleRegistry                         : loaded 2 times (x 82B)
Class org.gradle.internal.service.ServiceLookupException                              : loaded 2 times (x 78B)
Class org.gradle.internal.classloader.ClassLoaderFactory                              : loaded 2 times (x 66B)
Class org.gradle.internal.service.CachingServiceLocator                               : loaded 2 times (x 78B)
Class org.gradle.internal.classloader.ClasspathUtil                                   : loaded 2 times (x 67B)
Class org.gradle.api.specs.Spec                                                       : loaded 2 times (x 66B)
Class org.gradle.internal.classloader.VisitableURLClassLoader$InstrumentingVisitableURLClassLoader: loaded 2 times (x 119B)
Class org.gradle.internal.classloader.VisitableURLClassLoader$Spec                    : loaded 2 times (x 70B)
Class org.gradle.internal.classpath.DefaultClassPath                                  : loaded 2 times (x 86B)
Class org.gradle.internal.classloader.ClassLoaderSpec                                 : loaded 2 times (x 67B)
Class Settings_gradle$1$1                                                             : loaded 2 times (x 70B)
Class org.gradle.internal.classloader.VisitableURLClassLoader                         : loaded 2 times (x 113B)
Class Settings_gradle                                                                 : loaded 2 times (x 124B)
Class org.gradle.internal.Cast                                                        : loaded 2 times (x 67B)
Class org.gradle.api.Action                                                           : loaded 2 times (x 66B)
Class org.gradle.internal.classpath.DefaultClassPath$ImmutableUniqueList$Builder      : loaded 2 times (x 71B)
Class org.gradle.api.GradleException                                                  : loaded 2 times (x 78B)
Class org.gradle.internal.IoActions                                                   : loaded 2 times (x 67B)
Class org.gradle.internal.classloader.SystemClassLoaderSpec                           : loaded 2 times (x 67B)
Class org.gradle.api.internal.classpath.GlobalCacheRootsProvider                      : loaded 2 times (x 66B)
Class org.gradle.internal.installation.CurrentGradleInstallationLocator               : loaded 2 times (x 67B)
Class org.gradle.internal.service.DefaultServiceLocator                               : loaded 2 times (x 79B)
Class org.gradle.internal.installation.CurrentGradleInstallation                      : loaded 2 times (x 69B)
Class org.gradle.util.internal.GUtil                                                  : loaded 2 times (x 67B)
Class org.gradle.internal.installation.GradleInstallation                             : loaded 2 times (x 71B)

---------------  S Y S T E M  ---------------

OS:
 Windows 11 , 64 bit Build 26100 (10.0.26100.4202)
OS uptime: 11 days 12:34 hours
Hyper-V role detected

CPU: total 12 (initial active 12) (12 cores per cpu, 2 threads per core) family 25 model 68 stepping 1 microcode 0xa404105, cx8, cmov, fxsr, ht, mmx, 3dnowpref, sse, sse2, sse3, ssse3, sse4a, sse4.1, sse4.2, popcnt, lzcnt, tsc, tscinvbit, avx, avx2, aes, erms, clmul, bmi1, bmi2, adx, sha, fma, vzeroupper, clflush, clflushopt, hv, rdtscp, rdpid, fsrm, f16c, cet_ss
Processor Information for processor 0
  Max Mhz: 3301, Current Mhz: 2024, Mhz Limit: 3301
Processor Information for processor 1
  Max Mhz: 3301, Current Mhz: 3301, Mhz Limit: 3301
Processor Information for processor 2
  Max Mhz: 3301, Current Mhz: 2024, Mhz Limit: 3301
Processor Information for processor 3
  Max Mhz: 3301, Current Mhz: 3301, Mhz Limit: 3301
Processor Information for processor 4
  Max Mhz: 3301, Current Mhz: 2024, Mhz Limit: 3301
Processor Information for processor 5
  Max Mhz: 3301, Current Mhz: 3301, Mhz Limit: 3301
Processor Information for processor 6
  Max Mhz: 3301, Current Mhz: 3301, Mhz Limit: 3301
Processor Information for processor 7
  Max Mhz: 3301, Current Mhz: 2024, Mhz Limit: 3301
Processor Information for processor 8
  Max Mhz: 3301, Current Mhz: 2024, Mhz Limit: 3301
Processor Information for processor 9
  Max Mhz: 3301, Current Mhz: 3301, Mhz Limit: 3301
Processor Information for processor 10
  Max Mhz: 3301, Current Mhz: 2024, Mhz Limit: 3301
Processor Information for processor 11
  Max Mhz: 3301, Current Mhz: 2024, Mhz Limit: 3301

Memory: 4k page, system-wide physical 7484M (364M free)
TotalPageFile size 30012M (AvailPageFile size 15M)
current process WorkingSet (physical memory assigned to process): 306M, peak: 309M
current process commit charge ("private bytes"): 343M, peak: 345M

vm_info: OpenJDK 64-Bit Server VM (21.0.4+-12508038-b607.1) for windows-amd64 JRE (21.0.4+-12508038-b607.1), built on 2024-10-16T17:23:34Z by "builder" with MS VC++ 16.10 / 16.11 (VS2019)

END.
