#
# There is insufficient memory for the Java Runtime Environment to continue.
# Native memory allocation (mmap) failed to map 8388608 bytes. Error detail: G1 virtual space
# Possible reasons:
#   The system is out of physical RAM or swap space
#   This process is running with CompressedOops enabled, and the Java Heap may be blocking the growth of the native heap
# Possible solutions:
#   Reduce memory load on the system
#   Increase physical memory or swap space
#   Check if swap backing store is full
#   Decrease Java heap size (-Xmx/-Xms)
#   Decrease number of Java threads
#   Decrease Java thread stack sizes (-Xss)
#   Set larger code cache with -XX:ReservedCodeCacheSize=
#   JVM is running with Unscaled Compressed Oops mode in which the Java heap is
#     placed in the first 4GB address space. The Java Heap base address is the
#     maximum limit for the native heap growth. Please use -XX:HeapBaseMinAddress
#     to set the Java Heap base and to place the Java Heap above 4GB virtual address.
# This output file may be truncated or incomplete.
#
#  Out of Memory Error (os_windows.cpp:3828), pid=51360, tid=41696
#
# JRE version:  (21.0.4) (build )
# Java VM: OpenJDK 64-Bit Server VM (21.0.4+-12508038-b607.1, mixed mode, sharing, tiered, compressed oops, compressed class ptrs, g1 gc, windows-amd64)
# No core dump will be written. Minidumps are not enabled by default on client versions of Windows
#

---------------  S U M M A R Y ------------

Command Line: -Dapplication.home=C:\Program Files\Android\Android Studio\jbr --add-modules=ALL-DEFAULT -Xms8m -Djdk.module.main=jdk.compiler jdk.compiler/com.sun.tools.javac.Main --system=none --patch-module=java.base=C:\Users\Nitro\AppData\Local\Android\Sdk\platforms\android-35\core-for-system-modules.jar -d C:\Users\Nitro\AndroidStudioProjects\MyApplication\caches\8.10.2\transforms\afeac23f7158dc0bce451f8c7b2e3212-a8e27026-0bea-4493-a092-1b490dc54681\transformed\output\temp C:\Users\Nitro\AndroidStudioProjects\MyApplication\caches\8.10.2\transforms\afeac23f7158dc0bce451f8c7b2e3212-a8e27026-0bea-4493-a092-1b490dc54681\transformed\output\temp\module-info.java

Host: AMD Ryzen 5 7535HS with Radeon Graphics        , 12 cores, 7G,  Windows 11 , 64 bit Build 26100 (10.0.26100.4202)
Time: Mon Jun 30 23:05:35 2025 Malay Peninsula Standard Time elapsed time: 2.285866 seconds (0d 0h 0m 2s)

---------------  T H R E A D  ---------------

Current thread (0x0000018ca63cb7f0):  JavaThread "Unknown thread" [_thread_in_vm, id=41696, stack(0x0000007252400000,0x0000007252500000) (1024K)]

Stack: [0x0000007252400000,0x0000007252500000]
Native frames: (J=compiled Java code, j=interpreted, Vv=VM code, C=native code)
V  [jvm.dll+0x6ce539]
V  [jvm.dll+0x85bf03]
V  [jvm.dll+0x85e45e]
V  [jvm.dll+0x85eb43]
V  [jvm.dll+0x27dd06]
V  [jvm.dll+0x6cada5]
V  [jvm.dll+0x6bf27a]
V  [jvm.dll+0x3541fb]
V  [jvm.dll+0x35be36]
V  [jvm.dll+0x3adbc6]
V  [jvm.dll+0x3ade98]
V  [jvm.dll+0x32691c]
V  [jvm.dll+0x32760b]
V  [jvm.dll+0x823959]
V  [jvm.dll+0x3bacf8]
V  [jvm.dll+0x80cd58]
V  [jvm.dll+0x44ef2e]
V  [jvm.dll+0x450691]
C  [jli.dll+0x52ab]
C  [ucrtbase.dll+0x37b0]
C  [KERNEL32.DLL+0x2e8d7]
C  [ntdll.dll+0x3c34c]


---------------  P R O C E S S  ---------------

Threads class SMR info:
_java_thread_list=0x00007ffb3690a808, length=0, elements={
}

Java Threads: ( => current thread )
Total: 0

Other Threads:
  0x0000018ca7f87bf0 WorkerThread "GC Thread#0"                     [id=35440, stack(0x0000007252500000,0x0000007252600000) (1024K)]
  0x0000018ca7f97de0 ConcurrentGCThread "G1 Main Marker"            [id=59320, stack(0x0000007252600000,0x0000007252700000) (1024K)]
  0x0000018ca7f9a5d0 WorkerThread "G1 Conc#0"                       [id=55144, stack(0x0000007252700000,0x0000007252800000) (1024K)]

[error occurred during error reporting (printing all threads), id 0xc0000005, EXCEPTION_ACCESS_VIOLATION (0xc0000005) at pc=0x00007ffb36109957]
VM state: not at safepoint (not fully initialized)

VM Mutex/Monitor currently owned by a thread:  ([mutex/lock_event])
[0x00007ffb369773f8] Heap_lock - owner thread: 0x0000018ca63cb7f0

Heap address: 0x000000008b000000, size: 1872 MB, Compressed Oops mode: 32-bit

CDS archive(s) mapped at: [0x0000000000000000-0x0000000000000000-0x0000000000000000), size 0, SharedBaseAddress: 0x0000000800000000, ArchiveRelocationMode: 1.
Narrow klass base: 0x0000000000000000, Narrow klass shift: 0, Narrow klass range: 0x0

GC Precious Log:
 CardTable entry size: 512
 Card Set container configuration: InlinePtr #cards 5 size 8 Array Of Cards #cards 12 size 40 Howl #buckets 4 coarsen threshold 1843 Howl Bitmap #cards 512 size 80 coarsen threshold 460 Card regions per heap region 1 cards per card region 2048

Heap:
 garbage-first heap   total 0K, used 0K [0x000000008b000000, 0x0000000100000000)
  region size 1024K, 0 young (0K), 0 survivors (0K)
 Metaspace       used 0K, committed 0K, reserved 0K
  class space    used 0K, committed 0K, reserved 0K

Heap Regions: E=young(eden), S=young(survivor), O=old, HS=humongous(starts), HC=humongous(continues), CS=collection set, F=free, TAMS=top-at-mark-start, PB=parsable bottom

Card table byte_map: [0x0000018cbb180000,0x0000018cbb530000] _byte_map_base: 0x0000018cbad28000

Marking Bits: (CMBitMap*) 0x0000018ca7f88b00
 Bits: [0x0000018cbb530000, 0x0000018cbd270000)

GC Heap History (0 events):
No events

Dll operation events (1 events):
Event: 0.012 Loaded shared library C:\Program Files\Android\Android Studio\jbr\bin\java.dll

Deoptimization events (0 events):
No events

Classes loaded (0 events):
No events

Classes unloaded (0 events):
No events

Classes redefined (0 events):
No events

Internal exceptions (0 events):
No events

ZGC Phase Switch (0 events):
No events

VM Operations (0 events):
No events

Memory protections (0 events):
No events

Nmethod flushes (0 events):
No events

Events (0 events):
No events


Dynamic libraries:
0x00007ff7d9350000 - 0x00007ff7d9358000 	C:\Program Files\Android\Android Studio\jbr\bin\javac.exe
0x00007ffb95020000 - 0x00007ffb95285000 	C:\WINDOWS\SYSTEM32\ntdll.dll
0x00007ffb94bc0000 - 0x00007ffb94c89000 	C:\WINDOWS\System32\KERNEL32.DLL
0x00007ffb925e0000 - 0x00007ffb929c8000 	C:\WINDOWS\System32\KERNELBASE.dll
0x00007ffb92170000 - 0x00007ffb922bb000 	C:\WINDOWS\System32\ucrtbase.dll
0x00007ffb606e0000 - 0x00007ffb606fb000 	C:\Program Files\Android\Android Studio\jbr\bin\VCRUNTIME140.dll
0x00007ffb7e460000 - 0x00007ffb7e478000 	C:\Program Files\Android\Android Studio\jbr\bin\jli.dll
0x00007ffb94cf0000 - 0x00007ffb94eba000 	C:\WINDOWS\System32\USER32.dll
0x00007ffb929d0000 - 0x00007ffb929f7000 	C:\WINDOWS\System32\win32u.dll
0x00007ffb94490000 - 0x00007ffb944bb000 	C:\WINDOWS\System32\GDI32.dll
0x00007ffb78ab0000 - 0x00007ffb78d4a000 	C:\WINDOWS\WinSxS\amd64_microsoft.windows.common-controls_6595b64144ccf1df_6.0.26100.4202_none_3e0698d4e335f517\COMCTL32.dll
0x00007ffb92360000 - 0x00007ffb92497000 	C:\WINDOWS\System32\gdi32full.dll
0x00007ffb944c0000 - 0x00007ffb94569000 	C:\WINDOWS\System32\msvcrt.dll
0x00007ffb92530000 - 0x00007ffb925d3000 	C:\WINDOWS\System32\msvcp_win.dll
0x00007ffb93f90000 - 0x00007ffb93fc0000 	C:\WINDOWS\System32\IMM32.DLL
0x00007ffb6e1c0000 - 0x00007ffb6e1cc000 	C:\Program Files\Android\Android Studio\jbr\bin\vcruntime140_1.dll
0x00007ffb62de0000 - 0x00007ffb62e6d000 	C:\Program Files\Android\Android Studio\jbr\bin\msvcp140.dll
0x00007ffb35dd0000 - 0x00007ffb36a53000 	C:\Program Files\Android\Android Studio\jbr\bin\server\jvm.dll
0x00007ffb93610000 - 0x00007ffb936c3000 	C:\WINDOWS\System32\ADVAPI32.dll
0x00007ffb943e0000 - 0x00007ffb94486000 	C:\WINDOWS\System32\sechost.dll
0x00007ffb93fd0000 - 0x00007ffb940e5000 	C:\WINDOWS\System32\RPCRT4.dll
0x00007ffb940f0000 - 0x00007ffb94164000 	C:\WINDOWS\System32\WS2_32.dll
0x00007ffb91fc0000 - 0x00007ffb9201e000 	C:\WINDOWS\SYSTEM32\POWRPROF.dll
0x00007ffb8a7f0000 - 0x00007ffb8a7fb000 	C:\WINDOWS\SYSTEM32\VERSION.dll
0x00007ffb87030000 - 0x00007ffb87065000 	C:\WINDOWS\SYSTEM32\WINMM.dll
0x00007ffb91fa0000 - 0x00007ffb91fb4000 	C:\WINDOWS\SYSTEM32\UMPDC.dll
0x00007ffb90f30000 - 0x00007ffb90f4b000 	C:\WINDOWS\SYSTEM32\kernel.appcore.dll
0x00007ffb6de50000 - 0x00007ffb6de5a000 	C:\Program Files\Android\Android Studio\jbr\bin\jimage.dll
0x00007ffb89a80000 - 0x00007ffb89cc1000 	C:\WINDOWS\SYSTEM32\DBGHELP.DLL
0x00007ffb94570000 - 0x00007ffb948f5000 	C:\WINDOWS\System32\combase.dll
0x00007ffb93c10000 - 0x00007ffb93cf1000 	C:\WINDOWS\System32\OLEAUT32.dll
0x00007ffb6b560000 - 0x00007ffb6b599000 	C:\WINDOWS\SYSTEM32\dbgcore.DLL
0x00007ffb922c0000 - 0x00007ffb92359000 	C:\WINDOWS\System32\bcryptPrimitives.dll
0x00007ffb5d580000 - 0x00007ffb5d5a0000 	C:\Program Files\Android\Android Studio\jbr\bin\java.dll

dbghelp: loaded successfully - version: 4.0.5 - missing functions: none
symbol engine: initialized successfully - sym options: 0x614 - pdb path: .;C:\Program Files\Android\Android Studio\jbr\bin;C:\WINDOWS\SYSTEM32;C:\WINDOWS\WinSxS\amd64_microsoft.windows.common-controls_6595b64144ccf1df_6.0.26100.4202_none_3e0698d4e335f517;C:\Program Files\Android\Android Studio\jbr\bin\server

VM Arguments:
jvm_args: -Dapplication.home=C:\Program Files\Android\Android Studio\jbr --add-modules=ALL-DEFAULT -Xms8m -Djdk.module.main=jdk.compiler 
java_command: jdk.compiler/com.sun.tools.javac.Main --system=none --patch-module=java.base=C:\Users\Nitro\AppData\Local\Android\Sdk\platforms\android-35\core-for-system-modules.jar -d C:\Users\Nitro\AndroidStudioProjects\MyApplication\caches\8.10.2\transforms\afeac23f7158dc0bce451f8c7b2e3212-a8e27026-0bea-4493-a092-1b490dc54681\transformed\output\temp C:\Users\Nitro\AndroidStudioProjects\MyApplication\caches\8.10.2\transforms\afeac23f7158dc0bce451f8c7b2e3212-a8e27026-0bea-4493-a092-1b490dc54681\transformed\output\temp\module-info.java
java_class_path (initial): <not set>
Launcher Type: SUN_STANDARD

[Global flags]
     intx CICompilerCount                          = 4                                         {product} {ergonomic}
     uint ConcGCThreads                            = 3                                         {product} {ergonomic}
     uint G1ConcRefinementThreads                  = 10                                        {product} {ergonomic}
   size_t G1HeapRegionSize                         = 1048576                                   {product} {ergonomic}
    uintx GCDrainStackTargetSize                   = 64                                        {product} {ergonomic}
   size_t InitialHeapSize                          = 8388608                                   {product} {command line}
   size_t MarkStackSize                            = 4194304                                   {product} {ergonomic}
   size_t MaxHeapSize                              = 1962934272                                {product} {ergonomic}
   size_t MinHeapDeltaBytes                        = 1048576                                   {product} {ergonomic}
   size_t MinHeapSize                              = 8388608                                   {product} {command line}
    uintx NonNMethodCodeHeapSize                   = 5839372                                {pd product} {ergonomic}
    uintx NonProfiledCodeHeapSize                  = 122909434                              {pd product} {ergonomic}
    uintx ProfiledCodeHeapSize                     = 122909434                              {pd product} {ergonomic}
    uintx ReservedCodeCacheSize                    = 251658240                              {pd product} {ergonomic}
     bool SegmentedCodeCache                       = true                                      {product} {ergonomic}
   size_t SoftMaxHeapSize                          = 1962934272                             {manageable} {ergonomic}
     bool UseCompressedOops                        = true                           {product lp64_product} {ergonomic}
     bool UseG1GC                                  = true                                      {product} {ergonomic}
     bool UseLargePagesIndividualAllocation        = false                                  {pd product} {ergonomic}

Logging:
Log output configuration:
 #0: stdout all=warning uptime,level,tags foldmultilines=false
 #1: stderr all=off uptime,level,tags foldmultilines=false

Environment Variables:
JAVA_HOME=C:\Program Files\Java\jdk-23
PATH=C:\Program Files\Common Files\Oracle\Java\javapath;C:\WINDOWS\system32;C:\WINDOWS;C:\WINDOWS\System32\Wbem;C:\WINDOWS\System32\WindowsPowerShell\v1.0\;C:\WINDOWS\System32\OpenSSH\;C:\Program Files (x86)\NVIDIA Corporation\PhysX\Common;C:\Program Files\NVIDIA Corporation\NVIDIA NvDLISR;C:\Program Files\Git\cmd;C:\Users\Nitro\AppData\Local\Microsoft\WindowsApps;C:\Users\Nitro\AppData\Local\Programs\Microsoft VS Code\bin;C:\Program Files\JetBrains\IntelliJ IDEA Community Edition 2024.3.2.2\bin;;C:\Users\Nitro\AppData\Local\Programs\cursor\resources\app\bin
USERNAME=Nitro
OS=Windows_NT
PROCESSOR_IDENTIFIER=AMD64 Family 25 Model 68 Stepping 1, AuthenticAMD
TMP=C:\Users\Nitro\AppData\Local\Temp
TEMP=C:\Users\Nitro\AppData\Local\Temp




Periodic native trim disabled

JNI global refs:
JNI global refs: 0, weak refs: 0

JNI global refs memory usage: 0, weak refs: 0

Process memory usage:
Resident Set Size: 12236K (0% of 7664432K total physical memory with 536188K free physical memory)

OOME stack traces (most recent first):
Classloader memory used:

---------------  S Y S T E M  ---------------

OS:
 Windows 11 , 64 bit Build 26100 (10.0.26100.4202)
OS uptime: 11 days 11:53 hours
Hyper-V role detected

CPU: total 12 (initial active 12) (12 cores per cpu, 2 threads per core) family 25 model 68 stepping 1 microcode 0xa404105, cx8, cmov, fxsr, ht, mmx, 3dnowpref, sse, sse2, sse3, ssse3, sse4a, sse4.1, sse4.2, popcnt, lzcnt, tsc, tscinvbit, avx, avx2, aes, erms, clmul, bmi1, bmi2, adx, sha, fma, vzeroupper, clflush, clflushopt, hv, rdtscp, rdpid, fsrm, f16c, cet_ss
Processor Information for processor 0
  Max Mhz: 3301, Current Mhz: 3301, Mhz Limit: 3301
Processor Information for processor 1
  Max Mhz: 3301, Current Mhz: 3301, Mhz Limit: 3301
Processor Information for processor 2
  Max Mhz: 3301, Current Mhz: 2024, Mhz Limit: 3301
Processor Information for processor 3
  Max Mhz: 3301, Current Mhz: 2024, Mhz Limit: 3301
Processor Information for processor 4
  Max Mhz: 3301, Current Mhz: 3301, Mhz Limit: 3301
Processor Information for processor 5
  Max Mhz: 3301, Current Mhz: 2024, Mhz Limit: 3301
Processor Information for processor 6
  Max Mhz: 3301, Current Mhz: 3301, Mhz Limit: 3301
Processor Information for processor 7
  Max Mhz: 3301, Current Mhz: 2024, Mhz Limit: 3301
Processor Information for processor 8
  Max Mhz: 3301, Current Mhz: 3301, Mhz Limit: 3301
Processor Information for processor 9
  Max Mhz: 3301, Current Mhz: 3301, Mhz Limit: 3301
Processor Information for processor 10
  Max Mhz: 3301, Current Mhz: 2024, Mhz Limit: 3301
Processor Information for processor 11
  Max Mhz: 3301, Current Mhz: 2024, Mhz Limit: 3301

Memory: 4k page, system-wide physical 7484M (523M free)
TotalPageFile size 30012M (AvailPageFile size 9M)
current process WorkingSet (physical memory assigned to process): 11M, peak: 11M
current process commit charge ("private bytes"): 64M, peak: 72M

vm_info: OpenJDK 64-Bit Server VM (21.0.4+-12508038-b607.1) for windows-amd64 JRE (21.0.4+-12508038-b607.1), built on 2024-10-16T17:23:34Z by "builder" with MS VC++ 16.10 / 16.11 (VS2019)

END.
